Log file open, 12/09/17 13:33:43
LogWindows: Failed to load 'aqProf.dll' (GetLastError=126)
LogWindows: File 'aqProf.dll' does not exist
LogWindows: Failed to load 'VtuneApi.dll' (GetLastError=126)
LogWindows: File 'VtuneApi.dll' does not exist
LogWindows: Failed to load 'VtuneApi32e.dll' (GetLastError=126)
LogWindows: File 'VtuneApi32e.dll' does not exist
LogInit: Display: Running engine for game: GreyBox_Level1
LogPlatformFile: Not using cached read wrapper
LogInit: Display: RandInit(1026257364) SRandInit(1026257364).
LogTaskGraph: Started task graph with 5 named threads and 14 total threads with 3 sets of task threads.
LogStats: Stats thread started at 0.167514
LogD3D11RHI: Aftermath initialized
LogPluginManager: Mounting plugin Paper2D
LogPluginManager: Mounting plugin LightPropagationVolume
LogPluginManager: Mounting plugin CodeLiteSourceCodeAccess
LogPluginManager: Mounting plugin GitSourceControl
LogPluginManager: Mounting plugin KDevelopSourceCodeAccess
LogPluginManager: Mounting plugin NullSourceCodeAccess
LogPluginManager: Mounting plugin PerforceSourceControl
LogPluginManager: Mounting plugin SubversionSourceControl
LogPluginManager: Mounting plugin UObjectPlugin
LogPluginManager: Mounting plugin VisualStudioSourceCodeAccess
LogPluginManager: Mounting plugin XCodeSourceCodeAccess
LogPluginManager: Mounting plugin AssetManagerEditor
LogPluginManager: Mounting plugin AudioCapture
LogPluginManager: Mounting plugin FacialAnimation
LogPluginManager: Mounting plugin GameplayTagsEditor
LogPluginManager: Mounting plugin MobileLauncherProfileWizard
LogPluginManager: Mounting plugin PluginBrowser
LogPluginManager: Mounting plugin SpeedTreeImporter
LogPluginManager: Mounting plugin AlembicImporter
LogPluginManager: Mounting plugin CharacterAI
LogPluginManager: Mounting plugin HTML5Networking
LogPluginManager: Mounting plugin AndroidMedia
LogPluginManager: Mounting plugin AvfMedia
LogPluginManager: Mounting plugin MediaPlayerEditor
LogPluginManager: Mounting plugin WmfMedia
LogPluginManager: Mounting plugin TcpMessaging
LogPluginManager: Mounting plugin UdpMessaging
LogPluginManager: Mounting plugin LevelSequenceEditor
LogPluginManager: Mounting plugin MatineeToLevelSequence
LogPluginManager: Mounting plugin OnlineSubsystemGooglePlay
LogPluginManager: Mounting plugin OnlineSubsystemIOS
LogPluginManager: Mounting plugin OnlineSubsystem
LogPluginManager: Mounting plugin OnlineSubsystemNull
LogPluginManager: Mounting plugin OnlineSubsystemUtils
LogPluginManager: Mounting plugin AndroidDeviceProfileSelector
LogPluginManager: Mounting plugin AndroidMoviePlayer
LogPluginManager: Mounting plugin AndroidPermission
LogPluginManager: Mounting plugin AppleMoviePlayer
LogPluginManager: Mounting plugin ArchVisCharacter
LogPluginManager: Mounting plugin CableComponent
LogPluginManager: Mounting plugin CustomMeshComponent
LogPluginManager: Mounting plugin ExampleDeviceProfileSelector
LogPluginManager: Mounting plugin GoogleCloudMessaging
LogPluginManager: Mounting plugin ImmediatePhysics
LogPluginManager: Mounting plugin IOSDeviceProfileSelector
LogPluginManager: Mounting plugin LinuxDeviceProfileSelector
LogPluginManager: Mounting plugin LocationServicesBPLibrary
LogPluginManager: Mounting plugin MobilePatchingUtils
LogPluginManager: Mounting plugin OculusVR
LogPluginManager: Mounting plugin PhysXVehicles
LogPluginManager: Mounting plugin ProceduralMeshComponent
LogPluginManager: Mounting plugin RuntimePhysXCooking
LogPluginManager: Mounting plugin SteamVR
LogPluginManager: Mounting plugin WindowsMoviePlayer
LogInit: Using libcurl 7.47.1
LogInit:  - built for x86_64-pc-win32
LogInit:  - supports SSL with OpenSSL/1.0.2g
LogInit:  - supports HTTP deflate (compression) using libz 1.2.8
LogInit:  - other features:
LogInit:      CURL_VERSION_SSL
LogInit:      CURL_VERSION_LIBZ
LogInit:      CURL_VERSION_IPV6
LogInit:      CURL_VERSION_ASYNCHDNS
LogInit:      CURL_VERSION_LARGEFILE
LogInit:      CURL_VERSION_IDN
LogInit:  CurlRequestOptions (configurable via config and command line):
LogInit:  - bVerifyPeer = false  - Libcurl will NOT verify peer certificate
LogInit:  - bUseHttpProxy = false  - Libcurl will NOT use HTTP proxy
LogInit:  - bDontReuseConnections = false  - Libcurl will reuse connections
LogInit:  - CertBundlePath = nullptr  - Libcurl will use whatever was configured at build time.
LogInit: Build: ++UE4+Release-4.17-CL-3658906
LogInit: Engine Version: 4.17.2-3658906+++UE4+Release-4.17
LogInit: Compatible Engine Version: 4.17.0-3573198+++UE4+Release-4.17
LogInit: Net CL: 3573198
LogDevObjectVersion: Number of dev versions registered: 16
LogDevObjectVersion:   Dev-Blueprints (B0D832E4-1F89-4F0D-ACCF-7EB736FD4AA2): 10
LogDevObjectVersion:   Dev-Build (E1C64328-A22C-4D53-A36C-8E866417BD8C): 0
LogDevObjectVersion:   Dev-Core (375EC13C-06E4-48FB-B500-84F0262A717E): 2
LogDevObjectVersion:   Dev-Editor (E4B068ED-F494-42E9-A231-DA0B2E46BB41): 20
LogDevObjectVersion:   Dev-Framework (CFFC743F-43B0-4480-9391-14DF171D2073): 28
LogDevObjectVersion:   Dev-Mobile (B02B49B5-BB20-44E9-A304-32B752E40360): 0
LogDevObjectVersion:   Dev-Networking (A4E4105C-59A1-49B5-A7C5-40C4547EDFEE): 0
LogDevObjectVersion:   Dev-Online (39C831C9-5AE6-47DC-9A44-9C173E1C8E7C): 0
LogDevObjectVersion:   Dev-Physics (78F01B33-EBEA-4F98-B9B4-84EACCB95AA2): 0
LogDevObjectVersion:   Dev-Platform (6631380F-2D4D-43E0-8009-CF276956A95A): 0
LogDevObjectVersion:   Dev-Rendering (12F88B9F-8875-4AFC-A67C-D90C383ABD29): 19
LogDevObjectVersion:   Dev-Sequencer (7B5AE74C-D270-4C10-A958-57980B212A5A): 4
LogDevObjectVersion:   Dev-VR (D7296918-1DD6-4BDD-9DE2-64A83CC13884): 0
LogDevObjectVersion:   Dev-LoadTimes (C2A15278-BFE7-4AFE-6C17-90FF531DF755): 1
LogDevObjectVersion:   Private-Geometry (6EACA3D4-40EC-4CC1-B786-8BED09428FC5): 1
LogDevObjectVersion:   Dev-AnimPhys (29E575DD-E0A3-4627-9D10-D276232CDCEA): 7
LogInit: Compiled (64-bit): Sep 22 2017 13:47:16
LogInit: Compiled with Visual C++: 19.00.24215.01
LogInit: Build Configuration: Development
LogInit: Branch Name: ++UE4+Release-4.17
LogInit: Command line:  
LogInit: Base directory: C:/Program Files/Epic Games/UE_4.17/Engine/Binaries/Win64/
LogInit: Installed Engine Build: 1
LogInit: Presizing for max 8388607 objects, including 0 objects not considered by GC, pre-allocating 0 bytes for permanent pool.
LogInit: Object subsystem initialized
[2017.12.09-02.33.43:695][  0]LogInit: Selected Device Profile: [Windows]
[2017.12.09-02.33.43:695][  0]LogInit: Applying CVar settings loaded from the selected device profile: [Windows]
[2017.12.09-02.33.43:703][  0]LogInit: Computer: GR00VY-PC
[2017.12.09-02.33.43:703][  0]LogInit: User: Gr00vy
[2017.12.09-02.33.43:703][  0]LogInit: CPU Page size=4096, Cores=4
[2017.12.09-02.33.43:703][  0]LogInit: High frequency timer resolution =3.318389 MHz
[2017.12.09-02.33.43:703][  0]LogMemory: Memory total: Physical=7.9GB (8GB approx)
[2017.12.09-02.33.43:703][  0]LogMemory: Platform Memory Stats for Windows
[2017.12.09-02.33.43:703][  0]LogMemory: Process Physical Memory: 279.54 MB used, 279.54 MB peak
[2017.12.09-02.33.43:703][  0]LogMemory: Process Virtual Memory: 282.26 MB used, 282.26 MB peak
[2017.12.09-02.33.43:704][  0]LogMemory: Physical Memory: 4089.67 MB used,  4040.06 MB free, 8129.73 MB total
[2017.12.09-02.33.43:704][  0]LogMemory: Virtual Memory: 677.05 MB used,  4040.06 MB free, 134217728.00 MB total
[2017.12.09-02.33.43:861][  0]LogInit: Using OS detected language (en-US).
[2017.12.09-02.33.43:861][  0]LogInit: Using OS detected locale (en-US).
[2017.12.09-02.33.43:864][  0]LogTextLocalizationManager: No specific localization for 'en-US' exists, so the 'en' localization will be used.
[2017.12.09-02.33.44:488][  0]LogD3D11RHI: D3D11 adapters:
[2017.12.09-02.33.44:526][  0]LogD3D11RHI:    0. 'NVIDIA GeForce GTX 650' (Feature Level 11_0)
[2017.12.09-02.33.44:527][  0]LogD3D11RHI:       2018/0/4064 MB DedicatedVideo/DedicatedSystem/SharedSystem, Outputs:1, VendorId:0x10de
[2017.12.09-02.33.44:528][  0]LogD3D11RHI:    1. 'Microsoft Basic Render Driver' (Feature Level 11_0)
[2017.12.09-02.33.44:528][  0]LogD3D11RHI:       0/0/4064 MB DedicatedVideo/DedicatedSystem/SharedSystem, Outputs:0, VendorId:0x1414
[2017.12.09-02.33.44:528][  0]LogD3D11RHI: Chosen D3D11 Adapter: 0
[2017.12.09-02.33.44:533][  0]LogD3D11RHI: Creating new Direct3DDevice
[2017.12.09-02.33.44:533][  0]LogD3D11RHI:     GPU DeviceId: 0xfc6 (for the marketing name, search the web for "GPU Device Id")
[2017.12.09-02.33.44:533][  0]LogWindows: EnumDisplayDevices:
[2017.12.09-02.33.44:533][  0]LogWindows:    0. 'NVIDIA GeForce GTX 650' (P:1 D:1)
[2017.12.09-02.33.44:534][  0]LogWindows:    1. 'NVIDIA GeForce GTX 650' (P:0 D:0)
[2017.12.09-02.33.44:534][  0]LogWindows:    2. 'NVIDIA GeForce GTX 650' (P:0 D:0)
[2017.12.09-02.33.44:534][  0]LogWindows:    3. 'NVIDIA GeForce GTX 650' (P:0 D:0)
[2017.12.09-02.33.44:534][  0]LogWindows: DebugString: FoundDriverCount:4 
[2017.12.09-02.33.44:534][  0]LogD3D11RHI:     Adapter Name: NVIDIA GeForce GTX 650
[2017.12.09-02.33.44:534][  0]LogD3D11RHI:   Driver Version: 388.13 (internal:23.21.13.8813, unified:388.13)
[2017.12.09-02.33.44:534][  0]LogD3D11RHI:      Driver Date: 10-27-2017
[2017.12.09-02.33.44:534][  0]LogRHI: Texture pool is 1361 MB (70% of 1945 MB)
[2017.12.09-02.33.44:566][  0]LogD3D11RHI: Async texture creation enabled
[2017.12.09-02.33.44:576][  0]LogD3D11RHI: GPU Timing Frequency: 1000.000000 (Debug: 2 1)
[2017.12.09-02.33.44:622][  0]LogShaderCompilers: Guid format shader working directory is -25 characters bigger than the processId version (../../../../../../Users/Gr00vy/Documents/GitHub/HereAfter/GreyBox_Level1/Intermediate/Shaders/WorkingDirectory/8676/).
[2017.12.09-02.33.44:623][  0]LogShaderCompilers: Cleaned the shader compiler working directory 'C:/Users/Gr00vy/AppData/Local/Temp/UnrealShaderWorkingDir/21CAC73447DFC5B4BEE450A895C4A56B/'.
[2017.12.09-02.33.44:623][  0]LogShaderCompilers: Display: Using Local Shader Compiler.
[2017.12.09-02.33.45:485][  0]LogTemp: Display: Loaded TP AllDesktopTargetPlatform
[2017.12.09-02.33.45:538][  0]LogTemp: Display: Loaded TP MacClientTargetPlatform
[2017.12.09-02.33.45:586][  0]LogTemp: Display: Loaded TP MacNoEditorTargetPlatform
[2017.12.09-02.33.45:633][  0]LogTemp: Display: Loaded TP MacServerTargetPlatform
[2017.12.09-02.33.45:681][  0]LogTemp: Display: Loaded TP MacTargetPlatform
[2017.12.09-02.33.45:728][  0]LogTemp: Display: Loaded TP WindowsClientTargetPlatform
[2017.12.09-02.33.45:776][  0]LogTemp: Display: Loaded TP WindowsNoEditorTargetPlatform
[2017.12.09-02.33.45:826][  0]LogTemp: Display: Loaded TP WindowsServerTargetPlatform
[2017.12.09-02.33.45:868][  0]LogTemp: Display: Loaded TP WindowsTargetPlatform
[2017.12.09-02.33.45:915][  0]LogTemp: Display: Loaded TP AndroidTargetPlatform
[2017.12.09-02.33.45:962][  0]LogTemp: Display: Loaded TP Android_ASTCTargetPlatform
[2017.12.09-02.33.46:009][  0]LogTemp: Display: Loaded TP Android_ATCTargetPlatform
[2017.12.09-02.33.46:056][  0]LogTemp: Display: Loaded TP Android_DXTTargetPlatform
[2017.12.09-02.33.46:103][  0]LogTemp: Display: Loaded TP Android_ETC1TargetPlatform
[2017.12.09-02.33.46:150][  0]LogTemp: Display: Loaded TP Android_ETC2TargetPlatform
[2017.12.09-02.33.46:246][  0]LogTemp: Display: Loaded TP Android_MultiTargetPlatform
[2017.12.09-02.33.46:246][  0]LogTemp: Display: Loaded TP Android_PVRTCTargetPlatform
[2017.12.09-02.33.46:283][  0]LogTemp: Display: Loaded TP HTML5TargetPlatform
[2017.12.09-02.33.46:371][  0]LogTemp: Display: Loaded TP IOSTargetPlatform
[2017.12.09-02.33.46:399][  0]LogTemp: Display: Loaded TP TVOSTargetPlatform
[2017.12.09-02.33.46:446][  0]LogTemp: Display: Loaded TP LinuxClientTargetPlatform
[2017.12.09-02.33.46:492][  0]LogTemp: Display: Loaded TP LinuxNoEditorTargetPlatform
[2017.12.09-02.33.46:539][  0]LogTemp: Display: Loaded TP LinuxServerTargetPlatform
[2017.12.09-02.33.46:584][  0]LogTemp: Display: Loaded TP LinuxTargetPlatform
[2017.12.09-02.33.46:584][  0]LogTargetPlatformManager: Display: Building Assets For Windows
[2017.12.09-02.33.47:043][  0]LogDerivedDataCache: Display: Max Cache Size: 512 MB
[2017.12.09-02.33.47:159][  0]LogDerivedDataCache: Loaded boot cache 0.12s 93MB C:/Users/Gr00vy/AppData/Local/UnrealEngine/4.17/DerivedDataCache/Boot.ddc.
[2017.12.09-02.33.47:159][  0]LogDerivedDataCache: Display: Loaded Boot cache: C:/Users/Gr00vy/AppData/Local/UnrealEngine/4.17/DerivedDataCache/Boot.ddc
[2017.12.09-02.33.47:160][  0]LogDerivedDataCache: FDerivedDataBackendGraph:  Pak pak cache file ../../../../../../Users/Gr00vy/Documents/GitHub/HereAfter/GreyBox_Level1/DerivedDataCache/DDC.ddp not found, will not use a pak cache.
[2017.12.09-02.33.47:160][  0]LogDerivedDataCache: Unable to find inner node Pak for hierarchical cache Hierarchy.
[2017.12.09-02.33.47:160][  0]LogDerivedDataCache: FDerivedDataBackendGraph:  CompressedPak pak cache file ../../../../../../Users/Gr00vy/Documents/GitHub/HereAfter/GreyBox_Level1/DerivedDataCache/Compressed.ddp not found, will not use a pak cache.
[2017.12.09-02.33.47:160][  0]LogDerivedDataCache: Unable to find inner node CompressedPak for hierarchical cache Hierarchy.
[2017.12.09-02.33.47:175][  0]LogDerivedDataCache: Display: Pak cache opened for reading ../../../Engine/DerivedDataCache/Compressed.ddp.
[2017.12.09-02.33.47:187][  0]LogDerivedDataCache: Using Local data cache path C:/Users/Gr00vy/AppData/Local/UnrealEngine/Common/DerivedDataCache: Writable
[2017.12.09-02.33.47:201][  0]LogMaterial: Verifying Global Shaders for PCD3D_SM5
[2017.12.09-02.33.47:202][  0]LogSlate: Using Freetype 2.6.0
[2017.12.09-02.33.47:203][  0]LogSlate: SlateFontCache - WITH_FREETYPE: 1, WITH_HARFBUZZ: 1
[2017.12.09-02.33.47:203][  0]LogSlate: SlateFontCache - WITH_FREETYPE: 1, WITH_HARFBUZZ: 1
[2017.12.09-02.33.47:457][  0]LogAssetRegistry: FAssetRegistry took 0.0269 seconds to start up
[2017.12.09-02.33.47:577][  0]LogInit: Selected Device Profile: [Windows]
[2017.12.09-02.33.47:951][  0]LogSimplygon: Simplygon DLL not present - disabling.
[2017.12.09-02.33.47:991][  0]LogMeshReduction: Using SimplygonSwarm for distributed automatic mesh merging
[2017.12.09-02.33.47:991][  0]LogMeshReduction: Using QuadricMeshReduction for automatic static mesh reduction
[2017.12.09-02.33.47:991][  0]LogMeshReduction: No automatic skeletal mesh reduction module available
[2017.12.09-02.33.47:991][  0]LogMeshReduction: No automatic mesh merging module available
[2017.12.09-02.33.47:991][  0]LogMeshMerging: No automatic mesh merging module available
[2017.12.09-02.33.48:000][  0]LogContentStreaming: Texture pool size is 0.00 MB
[2017.12.09-02.33.48:410][  0]LogNetVersion: GreyBox_Level1 , NetCL: 3573198, EngineNetVer: 2, GameNetVer: 0 (Checksum: 2619429060)
[2017.12.09-02.33.48:616][  0]LogPackageLocalizationCache: Processed 5 localized package path(s) for 2 prioritized culture(s) in 0.041617 seconds
[2017.12.09-02.33.48:624][  0]LogUObjectArray: 35825 objects as part of root set at end of initial load.
[2017.12.09-02.33.48:624][  0]LogUObjectAllocator: 7529104 out of 0 bytes used by permanent object pool.
[2017.12.09-02.33.48:624][  0]LogUObjectArray: CloseDisregardForGC: 0/0 objects in disregard for GC pool
[2017.12.09-02.33.48:685][  0]LogInit: WinSock: version 1.1 (2.2), MaxSocks=32767, MaxUdp=65467
[2017.12.09-02.33.51:218][  0]LogTcpMessaging: Initializing TcpMessaging bridge
[2017.12.09-02.33.51:255][  0]LogUdpMessaging: Initializing bridge on interface 0.0.0.0:0 to multicast group 230.0.0.1:6666.
[2017.12.09-02.33.51:852][  0]LogMaterial: Uniform references updated for custom material expression Custom.
[2017.12.09-02.33.52:225][  0]SourceControl: Source control is disabled
[2017.12.09-02.33.52:225][  0]SourceControl: Source control is disabled
[2017.12.09-02.33.52:268][  0]SourceControl: Source control is disabled
[2017.12.09-02.33.52:314][  0]SourceControl: Source control is disabled
[2017.12.09-02.33.52:846][  0]LogAndroidPermission: UAndroidPermissionCallbackProxy::GetInstance
[2017.12.09-02.33.53:070][  0]LogOcInput: OculusInput pre-init called
[2017.12.09-02.33.53:307][  0]LogEngine: Initializing Engine...
[2017.12.09-02.33.53:309][  0]LogHMD: Failed to initialize OpenVR with code 110
[2017.12.09-02.33.53:543][  0]LogStats: UGameplayTagsManager::ConstructGameplayTagTree: Construct from data asset -  0.000 s
[2017.12.09-02.33.53:544][  0]LogStats: UGameplayTagsManager::ConstructGameplayTagTree: GameplayTagTreeChangedEvent.Broadcast -  0.000 s
[2017.12.09-02.33.53:670][  0]LogAIModule: Creating AISystem for world Untitled
[2017.12.09-02.33.53:679][  0]LogInit: XAudio2 using 'Speakers (Realtek High Definition Audio)' : 2 channels at 48 kHz using 32 bits per sample (channel mask 0x3)
[2017.12.09-02.33.53:692][  0]LogInit: FAudioDevice initialized.
[2017.12.09-02.33.53:816][  0]LogDerivedDataCache: Saved boot cache 0.12s 93MB C:/Users/Gr00vy/AppData/Local/UnrealEngine/4.17/DerivedDataCache/Boot.ddc.
[2017.12.09-02.33.53:835][  0]LogInit: Texture streaming: Enabled
[2017.12.09-02.33.53:952][  0]LogEngineSessionManager: EngineSessionManager initialized
[2017.12.09-02.33.54:157][  0]LogInit: Transaction tracking system initialized
[2017.12.09-02.33.54:451][  0]BlueprintLog: New page: Editor Load
[2017.12.09-02.33.55:329][  0]LocalizationService: Localization service is disabled
[2017.12.09-02.33.55:996][  0]LogConsoleResponse: Display: 
[2017.12.09-02.33.56:170][  0]LogCook: Display: Max memory allowance for cook 16384mb min free memory 0mb
[2017.12.09-02.33.56:170][  0]LogCook: Display: Mobile HDR setting 1
[2017.12.09-02.33.56:170][  0]LogGameplayTags: Display: UGameplayTagsManager::DoneAddingNativeTags. DelegateIsBound: 0
[2017.12.09-02.33.56:545][  0]LogFileCache: Scanning file cache for directory 'C:/Users/Gr00vy/Documents/GitHub/HereAfter/GreyBox_Level1/Content/' took 0.01s
[2017.12.09-02.33.57:170][  0]SourceControl: Source control is disabled
[2017.12.09-02.33.57:170][  0]Cmd: MAP LOAD FILE="../../../../../../Users/Gr00vy/Documents/GitHub/HereAfter/GreyBox_Level1/Content/FirstPersonBP/Maps/FirstPersonExampleMap.umap" TEMPLATE=0 SHOWPROGRESS=1 FEATURELEVEL=3
[2017.12.09-02.33.57:171][  0]LightingResults: New page: Lighting Build
[2017.12.09-02.33.57:209][  0]MapCheck: New page: Map Check
[2017.12.09-02.33.57:209][  0]LightingResults: New page: Lighting Build
[2017.12.09-02.33.57:671][  0]LogAIModule: Creating AISystem for world FirstPersonExampleMap
[2017.12.09-02.33.57:685][  0]LogEditorServer: Finished looking for orphan Actors (0.000 secs)
[2017.12.09-02.33.57:717][  0]Cmd: MAP CHECKDEP NOCLEARLOG
[2017.12.09-02.33.57:773][  0]MapCheck: Map check complete: 0 Error(s), 0 Warning(s), took 56.595ms to complete.
[2017.12.09-02.33.57:774][  0]LogFileHelpers: Loading map 'FirstPersonExampleMap' took 0.604
[2017.12.09-02.33.57:834][  0]LogWindowsTextInputMethodSystem: Display: IME system now deactivated.
[2017.12.09-02.33.57:917][  0]LogCollectionManager: Loaded 0 collections in 0.001520 seconds
[2017.12.09-02.33.57:991][  0]LogFileCache: Scanning file cache for directory 'C:/Users/Gr00vy/Documents/GitHub/HereAfter/GreyBox_Level1/Saved/Collections/' took 0.01s
[2017.12.09-02.33.57:991][  0]LogFileCache: Scanning file cache for directory 'C:/Users/Gr00vy/Documents/GitHub/HereAfter/GreyBox_Level1/Content/Developers/Gr00vy/Collections/' took 0.01s
[2017.12.09-02.33.57:991][  0]LogFileCache: Scanning file cache for directory 'C:/Users/Gr00vy/Documents/GitHub/HereAfter/GreyBox_Level1/Content/Collections/' took 0.01s
[2017.12.09-02.33.57:991][  0]LogCollectionManager: Rebuilt the GUID cache for 0 collections in 0.000001 seconds
[2017.12.09-02.33.58:002][  0]LogContentBrowser: Native class hierarchy populated in 0.0107 seconds. Added 2386 classes and 500 folders.
[2017.12.09-02.33.58:064][  0]LogContentBrowser: Native class hierarchy updated for 'WidgetCarousel' in 0.0008 seconds. Added 0 classes and 0 folders.
[2017.12.09-02.33.58:099][  0]LogContentBrowser: Native class hierarchy updated for 'AddContentDialog' in 0.0006 seconds. Added 0 classes and 0 folders.
[2017.12.09-02.33.58:141][  0]LogContentBrowser: Native class hierarchy updated for 'SceneOutliner' in 0.0006 seconds. Added 1 classes and 2 folders.
[2017.12.09-02.33.58:187][  0]LogContentBrowser: Native class hierarchy updated for 'WorldBrowser' in 0.0006 seconds. Added 2 classes and 3 folders.
[2017.12.09-02.33.58:330][  0]LogContentBrowser: Native class hierarchy updated for 'HierarchicalLODOutliner' in 0.0007 seconds. Added 1 classes and 2 folders.
[2017.12.09-02.33.58:330][  0]LogLoad: (Engine Initialization) Total time: 16.10 seconds
[2017.12.09-02.33.58:330][  0]LogLoad: (Engine Initialization) Total Blueprint compile time: 0.00 seconds
[2017.12.09-02.33.58:330][  0]LogExternalProfiler: Found external profiler: VSPerf
[2017.12.09-02.33.58:330][  0]LogExternalProfiler: Using external profiler: VSPerf
[2017.12.09-02.33.58:360][  0]LogContentStreaming: Texture pool size now 1000 MB
[2017.12.09-02.33.58:361][  0]LogSlate: Took 0.000229 seconds to synchronously load lazily loaded font '../../../Engine/Content/Slate/Fonts/Roboto-Regular.ttf' (155K)
[2017.12.09-02.33.58:363][  0]LogSlate: Took 0.000142 seconds to synchronously load lazily loaded font '../../../Engine/Content/Slate/Fonts/Roboto-Bold.ttf' (160K)
[2017.12.09-02.33.58:367][  0]LogSlate: Took 0.000153 seconds to synchronously load lazily loaded font '../../../Engine/Content/Editor/Slate/Fonts/FontAwesome.ttf' (139K)
[2017.12.09-02.33.58:457][  0]LogSlate: Took 0.000251 seconds to synchronously load lazily loaded font '../../../Engine/Content/Slate/Fonts/Roboto-Light.ttf' (159K)
[2017.12.09-02.33.58:480][  1]LogAssetRegistry: Asset discovery search completed in 11.0462 seconds
[2017.12.09-02.33.58:483][  1]LogCollectionManager: Rebuilt the object cache for 0 collections in 0.000001 seconds (found 0 objects)
[2017.12.09-02.33.58:483][  1]LogCollectionManager: Fixed up redirectors for 0 collections in 0.000049 seconds (updated 0 objects)
[2017.12.09-02.33.58:508][  2]LogRenderer: Reallocating scene render targets to support 804x340 Format 10 NumSamples 1 (Frame:1).
[2017.12.09-02.34.00:558][187]LogRenderer: Reallocating scene render targets to support 1208x552 Format 10 NumSamples 1 (Frame:182).
[2017.12.09-02.34.12:105][ 88]LogSlate: Took 0.000191 seconds to synchronously load lazily loaded font '../../../Engine/Content/Slate/Fonts/Roboto-Light.ttf' (159K)
[2017.12.09-02.34.12:143][ 88]LogAIModule: Creating AISystem for world FloatingForestSection
[2017.12.09-02.34.12:164][ 88]Cmd: MAP LOAD FILE="../../../../../../Users/Gr00vy/Documents/GitHub/HereAfter/GreyBox_Level1/Content/Maps/FloatingForestSection.umap" TEMPLATE=0 SHOWPROGRESS=1 FEATURELEVEL=3
[2017.12.09-02.34.12:164][ 88]LightingResults: New page: Lighting Build
[2017.12.09-02.34.12:165][ 88]LoadErrors: New page: Loading map: FloatingForestSection.umap
[2017.12.09-02.34.12:166][ 88]MapCheck: New page: Map Check
[2017.12.09-02.34.12:166][ 88]LightingResults: New page: Lighting Build
[2017.12.09-02.34.12:228][ 88]LogEditorServer: Finished looking for orphan Actors (0.000 secs)
[2017.12.09-02.34.12:255][ 88]Cmd: MAP CHECKDEP NOCLEARLOG
[2017.12.09-02.34.12:311][ 88]MapCheck: Map check complete: 0 Error(s), 0 Warning(s), took 55.802ms to complete.
[2017.12.09-02.34.12:311][ 88]LogFileHelpers: Loading map 'FloatingForestSection' took 0.148
