Log file open, 11/06/17 01:31:41
LogWindows: Failed to load 'aqProf.dll' (GetLastError=126)
LogWindows: File 'aqProf.dll' does not exist
LogWindows: Failed to load 'VtuneApi.dll' (GetLastError=126)
LogWindows: File 'VtuneApi.dll' does not exist
LogWindows: Failed to load 'VtuneApi32e.dll' (GetLastError=126)
LogWindows: File 'VtuneApi32e.dll' does not exist
LogInit: Display: Running engine for game: GreyBox_Level1
LogPlatformFile: Not using cached read wrapper
LogInit: Display: RandInit(-1520215607) SRandInit(-1520215607).
LogTaskGraph: Started task graph with 5 named threads and 14 total threads with 3 sets of task threads.
LogStats: Stats thread started at 0.187303
LogD3D11RHI: Aftermath initialized
LogPluginManager: Mounting plugin Paper2D
LogPluginManager: Mounting plugin LightPropagationVolume
LogPluginManager: Mounting plugin CodeLiteSourceCodeAccess
LogPluginManager: Mounting plugin GitSourceControl
LogPluginManager: Mounting plugin KDevelopSourceCodeAccess
LogPluginManager: Mounting plugin NullSourceCodeAccess
LogPluginManager: Mounting plugin PerforceSourceControl
LogPluginManager: Mounting plugin SubversionSourceControl
LogPluginManager: Mounting plugin UObjectPlugin
LogPluginManager: Mounting plugin VisualStudioSourceCodeAccess
LogPluginManager: Mounting plugin XCodeSourceCodeAccess
LogPluginManager: Mounting plugin AssetManagerEditor
LogPluginManager: Mounting plugin AudioCapture
LogPluginManager: Mounting plugin FacialAnimation
LogPluginManager: Mounting plugin GameplayTagsEditor
LogPluginManager: Mounting plugin MobileLauncherProfileWizard
LogPluginManager: Mounting plugin PluginBrowser
LogPluginManager: Mounting plugin SpeedTreeImporter
LogPluginManager: Mounting plugin AlembicImporter
LogPluginManager: Mounting plugin CharacterAI
LogPluginManager: Mounting plugin HTML5Networking
LogPluginManager: Mounting plugin AndroidMedia
LogPluginManager: Mounting plugin AvfMedia
LogPluginManager: Mounting plugin MediaPlayerEditor
LogPluginManager: Mounting plugin WmfMedia
LogPluginManager: Mounting plugin TcpMessaging
LogPluginManager: Mounting plugin UdpMessaging
LogPluginManager: Mounting plugin LevelSequenceEditor
LogPluginManager: Mounting plugin MatineeToLevelSequence
LogPluginManager: Mounting plugin OnlineSubsystemGooglePlay
LogPluginManager: Mounting plugin OnlineSubsystemIOS
LogPluginManager: Mounting plugin OnlineSubsystem
LogPluginManager: Mounting plugin OnlineSubsystemNull
LogPluginManager: Mounting plugin OnlineSubsystemUtils
LogPluginManager: Mounting plugin AndroidDeviceProfileSelector
LogPluginManager: Mounting plugin AndroidMoviePlayer
LogPluginManager: Mounting plugin AndroidPermission
LogPluginManager: Mounting plugin AppleMoviePlayer
LogPluginManager: Mounting plugin ArchVisCharacter
LogPluginManager: Mounting plugin CableComponent
LogPluginManager: Mounting plugin CustomMeshComponent
LogPluginManager: Mounting plugin ExampleDeviceProfileSelector
LogPluginManager: Mounting plugin GoogleCloudMessaging
LogPluginManager: Mounting plugin ImmediatePhysics
LogPluginManager: Mounting plugin IOSDeviceProfileSelector
LogPluginManager: Mounting plugin LinuxDeviceProfileSelector
LogPluginManager: Mounting plugin LocationServicesBPLibrary
LogPluginManager: Mounting plugin MobilePatchingUtils
LogPluginManager: Mounting plugin OculusVR
LogPluginManager: Mounting plugin PhysXVehicles
LogPluginManager: Mounting plugin ProceduralMeshComponent
LogPluginManager: Mounting plugin RuntimePhysXCooking
LogPluginManager: Mounting plugin SteamVR
LogPluginManager: Mounting plugin WindowsMoviePlayer
LogInit: Using libcurl 7.47.1
LogInit:  - built for x86_64-pc-win32
LogInit:  - supports SSL with OpenSSL/1.0.2g
LogInit:  - supports HTTP deflate (compression) using libz 1.2.8
LogInit:  - other features:
LogInit:      CURL_VERSION_SSL
LogInit:      CURL_VERSION_LIBZ
LogInit:      CURL_VERSION_IPV6
LogInit:      CURL_VERSION_ASYNCHDNS
LogInit:      CURL_VERSION_LARGEFILE
LogInit:      CURL_VERSION_IDN
LogInit:  CurlRequestOptions (configurable via config and command line):
LogInit:  - bVerifyPeer = false  - Libcurl will NOT verify peer certificate
LogInit:  - bUseHttpProxy = false  - Libcurl will NOT use HTTP proxy
LogInit:  - bDontReuseConnections = false  - Libcurl will reuse connections
LogInit:  - CertBundlePath = nullptr  - Libcurl will use whatever was configured at build time.
LogInit: Build: ++UE4+Release-4.17-CL-3658906
LogInit: Engine Version: 4.17.2-3658906+++UE4+Release-4.17
LogInit: Compatible Engine Version: 4.17.0-3573198+++UE4+Release-4.17
LogInit: Net CL: 3573198
LogDevObjectVersion: Number of dev versions registered: 16
LogDevObjectVersion:   Dev-Blueprints (B0D832E4-1F89-4F0D-ACCF-7EB736FD4AA2): 10
LogDevObjectVersion:   Dev-Build (E1C64328-A22C-4D53-A36C-8E866417BD8C): 0
LogDevObjectVersion:   Dev-Core (375EC13C-06E4-48FB-B500-84F0262A717E): 2
LogDevObjectVersion:   Dev-Editor (E4B068ED-F494-42E9-A231-DA0B2E46BB41): 20
LogDevObjectVersion:   Dev-Framework (CFFC743F-43B0-4480-9391-14DF171D2073): 28
LogDevObjectVersion:   Dev-Mobile (B02B49B5-BB20-44E9-A304-32B752E40360): 0
LogDevObjectVersion:   Dev-Networking (A4E4105C-59A1-49B5-A7C5-40C4547EDFEE): 0
LogDevObjectVersion:   Dev-Online (39C831C9-5AE6-47DC-9A44-9C173E1C8E7C): 0
LogDevObjectVersion:   Dev-Physics (78F01B33-EBEA-4F98-B9B4-84EACCB95AA2): 0
LogDevObjectVersion:   Dev-Platform (6631380F-2D4D-43E0-8009-CF276956A95A): 0
LogDevObjectVersion:   Dev-Rendering (12F88B9F-8875-4AFC-A67C-D90C383ABD29): 19
LogDevObjectVersion:   Dev-Sequencer (7B5AE74C-D270-4C10-A958-57980B212A5A): 4
LogDevObjectVersion:   Dev-VR (D7296918-1DD6-4BDD-9DE2-64A83CC13884): 0
LogDevObjectVersion:   Dev-LoadTimes (C2A15278-BFE7-4AFE-6C17-90FF531DF755): 1
LogDevObjectVersion:   Private-Geometry (6EACA3D4-40EC-4CC1-B786-8BED09428FC5): 1
LogDevObjectVersion:   Dev-AnimPhys (29E575DD-E0A3-4627-9D10-D276232CDCEA): 7
LogInit: Compiled (64-bit): Sep 22 2017 13:47:16
LogInit: Compiled with Visual C++: 19.00.24215.01
LogInit: Build Configuration: Development
LogInit: Branch Name: ++UE4+Release-4.17
LogInit: Command line: -EpicPortal 
LogInit: Base directory: C:/Program Files (x86)/Epic Games/UE_4.17/Engine/Binaries/Win64/
LogInit: Installed Engine Build: 1
LogInit: Presizing for max 8388607 objects, including 0 objects not considered by GC, pre-allocating 0 bytes for permanent pool.
LogInit: Object subsystem initialized
[2017.11.05-14.31.41:933][  0]LogInit: Selected Device Profile: [Windows]
[2017.11.05-14.31.41:933][  0]LogInit: Applying CVar settings loaded from the selected device profile: [Windows]
[2017.11.05-14.31.42:049][  0]LogInit: Computer: DESKTOP-5B7AHPE
[2017.11.05-14.31.42:049][  0]LogInit: User: AshishGosain
[2017.11.05-14.31.42:049][  0]LogInit: CPU Page size=4096, Cores=4
[2017.11.05-14.31.42:049][  0]LogInit: High frequency timer resolution =3.125011 MHz
[2017.11.05-14.31.42:049][  0]LogMemory: Memory total: Physical=15.9GB (16GB approx)
[2017.11.05-14.31.42:049][  0]LogMemory: Platform Memory Stats for Windows
[2017.11.05-14.31.42:049][  0]LogMemory: Process Physical Memory: 279.39 MB used, 279.39 MB peak
[2017.11.05-14.31.42:049][  0]LogMemory: Process Virtual Memory: 282.16 MB used, 282.16 MB peak
[2017.11.05-14.31.42:049][  0]LogMemory: Physical Memory: 13844.20 MB used,  2467.80 MB free, 16312.00 MB total
[2017.11.05-14.31.42:049][  0]LogMemory: Virtual Memory: 676.16 MB used,  2467.80 MB free, 134217728.00 MB total
[2017.11.05-14.31.42:251][  0]LogInit: Using OS detected language (en-US).
[2017.11.05-14.31.42:251][  0]LogInit: Using OS detected locale (en-AU).
[2017.11.05-14.31.42:465][  0]LogTextLocalizationManager: No specific localization for 'en-US' exists, so the 'en' localization will be used.
[2017.11.05-14.31.46:740][  0]LogD3D11RHI: D3D11 adapters:
[2017.11.05-14.31.46:792][  0]LogD3D11RHI:    0. 'NVIDIA GeForce GTX 1060 6GB' (Feature Level 11_0)
[2017.11.05-14.31.46:792][  0]LogD3D11RHI:       6061/0/8155 MB DedicatedVideo/DedicatedSystem/SharedSystem, Outputs:2, VendorId:0x10de
[2017.11.05-14.31.46:793][  0]LogD3D11RHI:    1. 'Microsoft Basic Render Driver' (Feature Level 11_0)
[2017.11.05-14.31.46:793][  0]LogD3D11RHI:       0/0/8155 MB DedicatedVideo/DedicatedSystem/SharedSystem, Outputs:0, VendorId:0x1414
[2017.11.05-14.31.46:793][  0]LogD3D11RHI: Chosen D3D11 Adapter: 0
[2017.11.05-14.31.46:800][  0]LogD3D11RHI: Creating new Direct3DDevice
[2017.11.05-14.31.46:800][  0]LogD3D11RHI:     GPU DeviceId: 0x1c03 (for the marketing name, search the web for "GPU Device Id")
[2017.11.05-14.31.46:800][  0]LogWindows: EnumDisplayDevices:
[2017.11.05-14.31.46:800][  0]LogWindows:    0. 'NVIDIA GeForce GTX 1060 6GB' (P:1 D:1)
[2017.11.05-14.31.46:800][  0]LogWindows:    1. 'NVIDIA GeForce GTX 1060 6GB' (P:0 D:1)
[2017.11.05-14.31.46:800][  0]LogWindows:    2. 'NVIDIA GeForce GTX 1060 6GB' (P:0 D:0)
[2017.11.05-14.31.46:801][  0]LogWindows:    3. 'NVIDIA GeForce GTX 1060 6GB' (P:0 D:0)
[2017.11.05-14.31.46:801][  0]LogWindows: DebugString: FoundDriverCount:4 
[2017.11.05-14.31.46:801][  0]LogD3D11RHI:     Adapter Name: NVIDIA GeForce GTX 1060 6GB
[2017.11.05-14.31.46:801][  0]LogD3D11RHI:   Driver Version: 388.00 (internal:23.21.13.8800, unified:388.00)
[2017.11.05-14.31.46:801][  0]LogD3D11RHI:      Driver Date: 10-12-2017
[2017.11.05-14.31.46:801][  0]LogRHI: Texture pool is 1361 MB (70% of 1945 MB)
[2017.11.05-14.31.46:828][  0]LogD3D11RHI: Async texture creation enabled
[2017.11.05-14.31.46:917][  0]LogD3D11RHI: GPU Timing Frequency: 1000.000000 (Debug: 2 1)
[2017.11.05-14.31.46:967][  0]LogShaderCompilers: Guid format shader working directory is -18 characters bigger than the processId version (../../../../../../Users/Ashish Gosain/Documents/HereAfter/GreyBox_Level1/Intermediate/Shaders/WorkingDirectory/5920/).
[2017.11.05-14.31.46:967][  0]LogShaderCompilers: Cleaned the shader compiler working directory 'C:/Users/Ashish Gosain/AppData/Local/Temp/UnrealShaderWorkingDir/B0C2CA9645D2B1610C726784342B0FC2/'.
[2017.11.05-14.31.46:967][  0]LogShaderCompilers: Display: Using Local Shader Compiler.
[2017.11.05-14.31.55:480][  0]LogTemp: Display: Loaded TP AllDesktopTargetPlatform
[2017.11.05-14.31.55:543][  0]LogTemp: Display: Loaded TP MacClientTargetPlatform
[2017.11.05-14.31.55:607][  0]LogTemp: Display: Loaded TP MacNoEditorTargetPlatform
[2017.11.05-14.31.55:668][  0]LogTemp: Display: Loaded TP MacServerTargetPlatform
[2017.11.05-14.31.55:766][  0]LogTemp: Display: Loaded TP MacTargetPlatform
[2017.11.05-14.31.55:827][  0]LogTemp: Display: Loaded TP WindowsClientTargetPlatform
[2017.11.05-14.31.55:889][  0]LogTemp: Display: Loaded TP WindowsNoEditorTargetPlatform
[2017.11.05-14.31.55:952][  0]LogTemp: Display: Loaded TP WindowsServerTargetPlatform
[2017.11.05-14.31.56:008][  0]LogTemp: Display: Loaded TP WindowsTargetPlatform
[2017.11.05-14.31.56:092][  0]LogTemp: Display: Loaded TP AndroidTargetPlatform
[2017.11.05-14.31.56:154][  0]LogTemp: Display: Loaded TP Android_ASTCTargetPlatform
[2017.11.05-14.31.56:212][  0]LogTemp: Display: Loaded TP Android_ATCTargetPlatform
[2017.11.05-14.31.56:273][  0]LogTemp: Display: Loaded TP Android_DXTTargetPlatform
[2017.11.05-14.31.56:336][  0]LogTemp: Display: Loaded TP Android_ETC1TargetPlatform
[2017.11.05-14.31.56:401][  0]LogTemp: Display: Loaded TP Android_ETC2TargetPlatform
[2017.11.05-14.31.56:521][  0]LogTemp: Display: Loaded TP Android_MultiTargetPlatform
[2017.11.05-14.31.56:521][  0]LogTemp: Display: Loaded TP Android_PVRTCTargetPlatform
[2017.11.05-14.31.56:574][  0]LogTemp: Display: Loaded TP HTML5TargetPlatform
[2017.11.05-14.31.56:703][  0]LogTemp: Display: Loaded TP IOSTargetPlatform
[2017.11.05-14.31.56:738][  0]LogTemp: Display: Loaded TP TVOSTargetPlatform
[2017.11.05-14.31.56:802][  0]LogTemp: Display: Loaded TP LinuxClientTargetPlatform
[2017.11.05-14.31.56:865][  0]LogTemp: Display: Loaded TP LinuxNoEditorTargetPlatform
[2017.11.05-14.31.56:931][  0]LogTemp: Display: Loaded TP LinuxServerTargetPlatform
[2017.11.05-14.31.56:997][  0]LogTemp: Display: Loaded TP LinuxTargetPlatform
[2017.11.05-14.31.56:997][  0]LogTargetPlatformManager: Display: Building Assets For Windows
[2017.11.05-14.31.57:599][  0]LogDerivedDataCache: Display: Max Cache Size: 512 MB
[2017.11.05-14.31.57:709][  0]LogDerivedDataCache: Loaded boot cache 0.11s 93MB C:/Users/Ashish Gosain/AppData/Local/UnrealEngine/4.17/DerivedDataCache/Boot.ddc.
[2017.11.05-14.31.57:709][  0]LogDerivedDataCache: Display: Loaded Boot cache: C:/Users/Ashish Gosain/AppData/Local/UnrealEngine/4.17/DerivedDataCache/Boot.ddc
[2017.11.05-14.31.57:710][  0]LogDerivedDataCache: FDerivedDataBackendGraph:  Pak pak cache file ../../../../../../Users/Ashish Gosain/Documents/HereAfter/GreyBox_Level1/DerivedDataCache/DDC.ddp not found, will not use a pak cache.
[2017.11.05-14.31.57:710][  0]LogDerivedDataCache: Unable to find inner node Pak for hierarchical cache Hierarchy.
[2017.11.05-14.31.57:710][  0]LogDerivedDataCache: FDerivedDataBackendGraph:  CompressedPak pak cache file ../../../../../../Users/Ashish Gosain/Documents/HereAfter/GreyBox_Level1/DerivedDataCache/Compressed.ddp not found, will not use a pak cache.
[2017.11.05-14.31.57:710][  0]LogDerivedDataCache: Unable to find inner node CompressedPak for hierarchical cache Hierarchy.
[2017.11.05-14.31.57:727][  0]LogDerivedDataCache: Display: Pak cache opened for reading ../../../Engine/DerivedDataCache/Compressed.ddp.
[2017.11.05-14.31.57:739][  0]LogDerivedDataCache: Using Local data cache path C:/Users/Ashish Gosain/AppData/Local/UnrealEngine/Common/DerivedDataCache: Writable
[2017.11.05-14.31.57:750][  0]LogMaterial: Verifying Global Shaders for PCD3D_SM5
[2017.11.05-14.31.57:750][  0]LogSlate: Using Freetype 2.6.0
[2017.11.05-14.31.57:786][  0]LogSlate: SlateFontCache - WITH_FREETYPE: 1, WITH_HARFBUZZ: 1
[2017.11.05-14.31.57:786][  0]LogSlate: SlateFontCache - WITH_FREETYPE: 1, WITH_HARFBUZZ: 1
[2017.11.05-14.31.58:614][  0]LogAssetRegistry: FAssetRegistry took 0.0274 seconds to start up
[2017.11.05-14.31.58:753][  0]LogInit: Selected Device Profile: [Windows]
[2017.11.05-14.31.58:932][  0]LogContentStreaming: Texture pool size is 0.00 MB
[2017.11.05-14.31.59:331][  0]LogSimplygon: Simplygon DLL not present - disabling.
[2017.11.05-14.31.59:380][  0]LogMeshReduction: Using SimplygonSwarm for distributed automatic mesh merging
[2017.11.05-14.31.59:380][  0]LogMeshReduction: Using QuadricMeshReduction for automatic static mesh reduction
[2017.11.05-14.31.59:380][  0]LogMeshReduction: No automatic skeletal mesh reduction module available
[2017.11.05-14.31.59:380][  0]LogMeshReduction: No automatic mesh merging module available
[2017.11.05-14.31.59:380][  0]LogMeshMerging: No automatic mesh merging module available
[2017.11.05-14.31.59:790][  0]LogNetVersion: GreyBox_Level1 , NetCL: 3573198, EngineNetVer: 2, GameNetVer: 0 (Checksum: 2619429060)
[2017.11.05-14.32.00:495][  0]LogPackageLocalizationCache: Processed 5 localized package path(s) for 2 prioritized culture(s) in 0.509037 seconds
[2017.11.05-14.32.00:501][  0]LogUObjectArray: 35825 objects as part of root set at end of initial load.
[2017.11.05-14.32.00:501][  0]LogUObjectAllocator: 7529104 out of 0 bytes used by permanent object pool.
[2017.11.05-14.32.00:501][  0]LogUObjectArray: CloseDisregardForGC: 0/0 objects in disregard for GC pool
[2017.11.05-14.32.00:584][  0]LogInit: WinSock: version 1.1 (2.2), MaxSocks=32767, MaxUdp=65467
[2017.11.05-14.32.15:606][  0]LogTcpMessaging: Initializing TcpMessaging bridge
[2017.11.05-14.32.15:652][  0]LogUdpMessaging: Initializing bridge on interface 0.0.0.0:0 to multicast group 230.0.0.1:6666.
[2017.11.05-14.32.16:572][  0]LogMaterial: Uniform references updated for custom material expression Custom.
[2017.11.05-14.32.17:189][  0]SourceControl: Source control is disabled
[2017.11.05-14.32.17:189][  0]SourceControl: Source control is disabled
[2017.11.05-14.32.17:250][  0]SourceControl: Source control is disabled
[2017.11.05-14.32.17:313][  0]SourceControl: Source control is disabled
[2017.11.05-14.32.18:142][  0]LogAndroidPermission: UAndroidPermissionCallbackProxy::GetInstance
[2017.11.05-14.32.18:455][  0]LogOcInput: OculusInput pre-init called
[2017.11.05-14.32.18:811][  0]LogEngine: Initializing Engine...
[2017.11.05-14.32.18:812][  0]LogHMD: Failed to initialize OpenVR with code 110
[2017.11.05-14.32.19:123][  0]LogStats: UGameplayTagsManager::ConstructGameplayTagTree: Construct from data asset -  0.000 s
[2017.11.05-14.32.19:123][  0]LogStats: UGameplayTagsManager::ConstructGameplayTagTree: GameplayTagTreeChangedEvent.Broadcast -  0.000 s
[2017.11.05-14.32.19:335][  0]LogAIModule: Creating AISystem for world Untitled
[2017.11.05-14.32.19:343][  0]LogInit: XAudio2 using 'Speakers / Headphones (2- Plantronics HD1)' : 6 channels at 48 kHz using 24 bits per sample (channel mask 0x3f)
[2017.11.05-14.32.19:360][  0]LogInit: FAudioDevice initialized.
[2017.11.05-14.32.19:539][  0]LogDerivedDataCache: Saved boot cache 0.18s 93MB C:/Users/Ashish Gosain/AppData/Local/UnrealEngine/4.17/DerivedDataCache/Boot.ddc.
[2017.11.05-14.32.19:549][  0]LogInit: Texture streaming: Enabled
[2017.11.05-14.32.19:706][  0]LogEngineSessionManager: EngineSessionManager initialized
[2017.11.05-14.32.20:077][  0]LogInit: Transaction tracking system initialized
[2017.11.05-14.32.20:490][  0]BlueprintLog: New page: Editor Load
[2017.11.05-14.32.21:890][  0]LocalizationService: Localization service is disabled
[2017.11.05-14.32.22:833][  0]LogConsoleResponse: Display: 
[2017.11.05-14.32.23:271][  0]LogFileCache: Scanning file cache for directory 'C:/Users/Ashish Gosain/Documents/HereAfter/GreyBox_Level1/Content/' took 0.10s
[2017.11.05-14.32.23:271][  0]LogCook: Display: Max memory allowance for cook 16384mb min free memory 0mb
[2017.11.05-14.32.23:272][  0]LogCook: Display: Mobile HDR setting 1
[2017.11.05-14.32.23:272][  0]LogGameplayTags: Display: UGameplayTagsManager::DoneAddingNativeTags. DelegateIsBound: 0
[2017.11.05-14.32.24:729][  0]SourceControl: Source control is disabled
[2017.11.05-14.32.24:729][  0]Cmd: MAP LOAD FILE="../../../../../../Users/Ashish Gosain/Documents/HereAfter/GreyBox_Level1/Content/FirstPersonBP/Maps/FirstPersonExampleMap.umap" TEMPLATE=0 SHOWPROGRESS=1 FEATURELEVEL=3
[2017.11.05-14.32.24:782][  0]LightingResults: New page: Lighting Build
[2017.11.05-14.32.24:835][  0]MapCheck: New page: Map Check
[2017.11.05-14.32.24:835][  0]LightingResults: New page: Lighting Build
[2017.11.05-14.32.29:603][  0]LogTexture: Display: Building textures: HQ_Lightmap0_1 (AutoDXT, 2048X2048)
[2017.11.05-14.32.29:603][  0]LogTexture: Display: Building textures: HQ_Lightmap0_2 (AutoDXT, 2048X2048)
[2017.11.05-14.32.34:277][  0]LogTexture: Display: Building textures: HQ_Lightmap0_3 (AutoDXT, 2048X2048)
[2017.11.05-14.32.34:277][  0]LogTexture: Display: Building textures: HQ_Lightmap0_4 (AutoDXT, 2048X2048)
[2017.11.05-14.32.34:277][  0]LogTexture: Display: Building textures: HQ_Lightmap0_5 (AutoDXT, 64X64)
[2017.11.05-14.32.34:277][  0]LogTexture: Display: Building textures: LQ_Lightmap_0_1 (DXT1, 2048X2048)
[2017.11.05-14.32.34:277][  0]LogTexture: Display: Building textures: LQ_Lightmap_0_2 (DXT1, 2048X2048)
[2017.11.05-14.32.34:277][  0]LogTexture: Display: Building textures: LQ_Lightmap_0_3 (DXT1, 2048X2048)
[2017.11.05-14.32.35:726][  0]LogTexture: Display: Building textures: LQ_Lightmap_0_4 (DXT1, 2048X2048)
[2017.11.05-14.32.35:727][  0]LogTexture: Display: Building textures: LQ_Lightmap_0_5 (DXT1, 64X64)
[2017.11.05-14.32.35:727][  0]LogTexture: Display: Building textures: SkyOcclusion0_1 (AutoDXT, 2048X1024)
[2017.11.05-14.32.35:727][  0]LogTexture: Display: Building textures: SkyOcclusion0_2 (AutoDXT, 2048X1024)
[2017.11.05-14.32.37:166][  0]LogTexture: Display: Building textures: SkyOcclusion0_3 (AutoDXT, 2048X1024)
[2017.11.05-14.32.37:166][  0]LogTexture: Display: Building textures: SkyOcclusion0_4 (AutoDXT, 2048X1024)
[2017.11.05-14.32.38:681][  0]LogTexture: Display: Building textures: SkyOcclusion0_5 (AutoDXT, 64X32)
[2017.11.05-14.32.41:217][  0]LogAIModule: Creating AISystem for world FirstPersonExampleMap
[2017.11.05-14.32.41:932][  0]LogEditorServer: Finished looking for orphan Actors (0.000 secs)
[2017.11.05-14.32.41:965][  0]Cmd: MAP CHECKDEP NOCLEARLOG
[2017.11.05-14.32.42:037][  0]MapCheck: Map check complete: 0 Error(s), 0 Warning(s), took 72.317ms to complete.
[2017.11.05-14.32.42:037][  0]LogFileHelpers: Loading map 'FirstPersonExampleMap' took 17.308
[2017.11.05-14.32.42:157][  0]LogWindowsTextInputMethodSystem: Display: IME system now deactivated.
[2017.11.05-14.32.44:462][  0]LogCollectionManager: Loaded 0 collections in 0.001437 seconds
[2017.11.05-14.32.45:203][  0]LogFileCache: Scanning file cache for directory 'C:/Users/Ashish Gosain/Documents/HereAfter/GreyBox_Level1/Saved/Collections/' took 0.01s
[2017.11.05-14.32.45:203][  0]LogFileCache: Scanning file cache for directory 'C:/Users/Ashish Gosain/Documents/HereAfter/GreyBox_Level1/Content/Developers/AshishGosain/Collections/' took 0.01s
[2017.11.05-14.32.45:203][  0]LogFileCache: Scanning file cache for directory 'C:/Users/Ashish Gosain/Documents/HereAfter/GreyBox_Level1/Content/Collections/' took 0.01s
[2017.11.05-14.32.45:203][  0]LogCollectionManager: Rebuilt the GUID cache for 0 collections in 0.000000 seconds
[2017.11.05-14.32.45:215][  0]LogContentBrowser: Native class hierarchy populated in 0.0109 seconds. Added 2387 classes and 502 folders.
[2017.11.05-14.32.45:439][  0]LogContentBrowser: Native class hierarchy updated for 'WidgetCarousel' in 0.0007 seconds. Added 0 classes and 0 folders.
[2017.11.05-14.32.47:790][  0]LogContentBrowser: Native class hierarchy updated for 'AddContentDialog' in 0.0008 seconds. Added 0 classes and 0 folders.
[2017.11.05-14.32.48:379][  0]LogSlate: Took 0.000211 seconds to synchronously load lazily loaded font '../../../Engine/Content/Slate/Fonts/Roboto-Regular.ttf' (155K)
[2017.11.05-14.32.48:438][  0]LogSlate: Took 0.000186 seconds to synchronously load lazily loaded font '../../../Engine/Content/Slate/Fonts/Roboto-Bold.ttf' (160K)
[2017.11.05-14.32.48:516][  0]LogSlate: Took 0.033232 seconds to synchronously load lazily loaded font '../../../Engine/Content/Editor/Slate/Fonts/FontAwesome.ttf' (139K)
[2017.11.05-14.32.49:226][  0]LogRenderer: Reallocating scene render targets to support 1916x924 Format 10 NumSamples 1 (Frame:1).
[2017.11.05-14.32.53:610][  0]LogContentBrowser: Native class hierarchy updated for 'HierarchicalLODOutliner' in 0.0007 seconds. Added 1 classes and 2 folders.
[2017.11.05-14.32.53:610][  0]LogLoad: (Engine Initialization) Total time: 75.96 seconds
[2017.11.05-14.32.53:610][  0]LogLoad: (Engine Initialization) Total Blueprint compile time: 0.00 seconds
[2017.11.05-14.32.53:610][  0]LogExternalProfiler: Found external profiler: VSPerf
[2017.11.05-14.32.53:610][  0]LogExternalProfiler: Using external profiler: VSPerf
[2017.11.05-14.32.54:098][  0]LogContentStreaming: Texture pool size now 1000 MB
[2017.11.05-14.32.54:683][  1]LogSlate: Took 0.022211 seconds to synchronously load lazily loaded font '../../../Engine/Content/Slate/Fonts/Roboto-Light.ttf' (159K)
[2017.11.05-14.32.55:046][  3]LogAssetRegistry: Asset discovery search completed in 56.4540 seconds
[2017.11.05-14.32.55:130][  3]LogCollectionManager: Rebuilt the object cache for 0 collections in 0.000000 seconds (found 0 objects)
[2017.11.05-14.32.55:130][  3]LogCollectionManager: Fixed up redirectors for 0 collections in 0.000055 seconds (updated 0 objects)
[2017.11.05-14.33.02:491][ 24]LogEditorViewport: Clicking on Actor (LMB): StaticMeshActor (Floor)
[2017.11.05-14.33.07:127][ 97]LogSlate: Took 0.272779 seconds to synchronously load lazily loaded font '../../../Engine/Content/Editor/Slate/Fonts/Roboto-Italic.ttf' (157K)
[2017.11.05-14.33.16:317][611]Cmd: TRANSACTION UNDO
[2017.11.05-14.33.16:317][611]LogEditorTransaction: Undo Clicking on Actors
[2017.11.05-14.33.16:531][611]LogSlate: Took 0.000213 seconds to synchronously load lazily loaded font '../../../Engine/Content/Slate/Fonts/Roboto-Light.ttf' (159K)
[2017.11.05-14.34.11:846][187]LogEditorViewport: Clicking on Actor (context menu): StaticMeshActor (Wall1)
[2017.11.05-14.34.27:784][802]LogSlate: Took 0.000156 seconds to synchronously load lazily loaded font '../../../Engine/Content/Slate/Fonts/Roboto-Light.ttf' (159K)
[2017.11.05-14.34.31:379][802]LogSlate: Took 0.055022 seconds to synchronously load lazily loaded font '../../../Engine/Content/Slate/Fonts/Roboto-Regular.ttf' (155K)
[2017.11.05-14.34.32:187][802]LogAIModule: Creating AISystem for world Greybox_1
[2017.11.05-14.34.32:506][802]Cmd: MAP LOAD FILE="../../../../../../Users/Ashish Gosain/Documents/HereAfter/GreyBox_Level1/Content/Maps/Greybox_1.umap" TEMPLATE=0 SHOWPROGRESS=1 FEATURELEVEL=3
[2017.11.05-14.34.32:523][802]LightingResults: New page: Lighting Build
[2017.11.05-14.34.32:524][802]LoadErrors: New page: Loading map: Greybox_1.umap
[2017.11.05-14.34.32:590][802]MapCheck: New page: Map Check
[2017.11.05-14.34.32:590][802]LightingResults: New page: Lighting Build
[2017.11.05-14.34.32:855][802]LogEditorServer: Finished looking for orphan Actors (0.000 secs)
[2017.11.05-14.34.32:974][802]Cmd: MAP CHECKDEP NOCLEARLOG
[2017.11.05-14.34.34:669][802]MapCheck: Map check complete: 0 Error(s), 0 Warning(s), took 1,694.915ms to complete.
[2017.11.05-14.34.34:686][802]LogFileHelpers: Loading map 'Greybox_1' took 2.213
[2017.11.05-14.35.48:259][554]Cmd: DUPLICATE
[2017.11.05-14.35.48:259][554]Cmd: ACTOR DUPLICATE
[2017.11.05-14.35.52:107][554]LogEditorViewport: Clicking on Actor (LMB): StaticMeshActor (Plane)
[2017.11.05-14.35.52:565][554]LogEditorViewport: Clicking on Actor (context menu): StaticMeshActor (Plane)
[2017.11.05-14.36.03:573][582]Cmd: MODE GRID=1
[2017.11.05-14.36.42:424][ 96]LogEditorViewport: Clicking on Actor (LMB): StaticMeshActor (Plane)
[2017.11.05-14.37.09:615][828]LogEditorViewport: Clicking on Actor (LMB): StaticMeshActor (Plane)
[2017.11.05-14.37.23:259][188]LogEditorViewport: Clicking on Actor (LMB): StaticMeshActor (Plane)
[2017.11.05-14.37.25:865][466]Cmd: MODE GRID=0
[2017.11.05-14.38.11:238][570]LogEditorViewport: Clicking on Actor (LMB): StaticMeshActor (Plane)
[2017.11.05-14.38.40:787][514]Cmd: CAMERA ALIGN ACTIVEVIEWPORTONLY
[2017.11.05-14.39.44:402][285]LogTemp: Repeating last play command: Selected Viewport
[2017.11.05-14.39.45:824][285]LogBlueprintUserMessages: Early PlayInEditor Detection: Level '/Game/Maps/Greybox_1.Greybox_1:PersistentLevel' has LevelScriptBlueprint '/Game/Maps/Greybox_1.Greybox_1:PersistentLevel.Greybox_1' with GeneratedClass '/Game/Maps/Greybox_1.Greybox_1_C' with ClassGeneratedBy '/Game/Maps/Greybox_1.Greybox_1:PersistentLevel.Greybox_1'
[2017.11.05-14.39.45:841][285]LogPlayLevel: PlayLevel: No blueprints needed recompiling
[2017.11.05-14.39.45:967][285]PIE: New page: PIE session: Greybox_1 (6 Nov 2017 12:39:45 pm)
[2017.11.05-14.39.45:993][285]LogPlayLevel: Creating play world package: /Game/Maps/UEDPIE_0_Greybox_1
[2017.11.05-14.39.46:290][285]LogPlayLevel: PIE: StaticDuplicateObject took: (0.296788s)
[2017.11.05-14.39.46:291][285]LogAIModule: Creating AISystem for world Greybox_1
[2017.11.05-14.39.46:306][285]LogPlayLevel: PIE: World Init took: (0.015617s)
[2017.11.05-14.39.46:325][285]LogPlayLevel: PIE: Created PIE world by copying editor world from /Game/Maps/Greybox_1.Greybox_1 to /Game/Maps/UEDPIE_0_Greybox_1.Greybox_1 (0.338794s)
[2017.11.05-14.39.46:416][285]LogInit: XAudio2 using 'Speakers / Headphones (2- Plantronics HD1)' : 6 channels at 48 kHz using 24 bits per sample (channel mask 0x3f)
[2017.11.05-14.39.46:438][285]LogInit: FAudioDevice initialized.
[2017.11.05-14.39.46:635][285]LogLoad: Game class is 'FirstPersonGameMode_C'
[2017.11.05-14.39.46:812][285]LogWorld: Bringing World /Game/Maps/UEDPIE_0_Greybox_1.Greybox_1 up for play (max tick rate 0) at 2017.11.06-01.39.46
[2017.11.05-14.39.46:865][285]LogWorld: Bringing up level for play took: 0.074766
[2017.11.05-14.39.48:830][285]LogContentBrowser: Native class hierarchy updated for 'MovieSceneCapture' in 0.0129 seconds. Added 11 classes and 0 folders.
[2017.11.05-14.39.49:217][285]PIE: Play in editor start time for /Game/Maps/UEDPIE_0_Greybox_1 3.974
[2017.11.05-14.39.49:217][285]LogBlueprintUserMessages: Late PlayInEditor Detection: Level '/Game/Maps/Greybox_1.Greybox_1:PersistentLevel' has LevelScriptBlueprint '/Game/Maps/Greybox_1.Greybox_1:PersistentLevel.Greybox_1' with GeneratedClass '/Game/Maps/Greybox_1.Greybox_1_C' with ClassGeneratedBy '/Game/Maps/Greybox_1.Greybox_1:PersistentLevel.Greybox_1'
[2017.11.05-14.39.52:569][530]LogBlueprintUserMessages: Early EndPlayMap Detection: Level '/Game/Maps/Greybox_1.Greybox_1:PersistentLevel' has LevelScriptBlueprint '/Game/Maps/Greybox_1.Greybox_1:PersistentLevel.Greybox_1' with GeneratedClass '/Game/Maps/Greybox_1.Greybox_1_C' with ClassGeneratedBy '/Game/Maps/Greybox_1.Greybox_1:PersistentLevel.Greybox_1'
[2017.11.05-14.39.52:734][530]LogBlueprintUserMessages: Late EndPlayMap Detection: Level '/Game/Maps/Greybox_1.Greybox_1:PersistentLevel' has LevelScriptBlueprint '/Game/Maps/Greybox_1.Greybox_1:PersistentLevel.Greybox_1' with GeneratedClass '/Game/Maps/Greybox_1.Greybox_1_C' with ClassGeneratedBy '/Game/Maps/Greybox_1.Greybox_1:PersistentLevel.Greybox_1'
[2017.11.05-14.40.13:041][666]Cmd: BRUSH ADD SELECTNEWBRUSH
[2017.11.05-14.40.47:040][793]Cmd: DUPLICATE
[2017.11.05-14.40.47:040][793]Cmd: ACTOR DUPLICATE
[2017.11.05-14.40.50:517][107]Cmd: MODE GRID=1
[2017.11.05-14.42.04:966][475]LogEditorViewport: Clicking on Actor (context menu): StaticMeshActor (Plane)
[2017.11.05-14.43.01:743][580]Cmd: BRUSH ADD SELECTNEWBRUSH
[2017.11.05-14.44.08:064][930]Cmd: MODE GRID=0
[2017.11.05-14.44.28:865][658]Cmd: MODE GRID=1
[2017.11.05-14.44.35:112][278]Cmd: MODE GRID=0
[2017.11.05-14.45.52:828][843]Cmd: MODE GRID=1
[2017.11.05-14.47.01:165][773]Cmd: MODE GRID=0
[2017.11.05-14.47.17:547][330]LogEditorViewport: Clicking on Actor (LMB): StaticMeshActor (Plane)
[2017.11.05-14.47.23:956][874]LogEditorViewport: Clicking on Actor (LMB): BP_Sky_Sphere_C (SkySphereBlueprint)
[2017.11.05-14.47.24:621][918]Cmd: MODE GRID=1
[2017.11.05-14.47.54:259][822]LogSavePackage: Save=1273.26ms
[2017.11.05-14.47.54:259][822]LogSavePackage: Moving '../../../../../../Users/Ashish Gosain/Documents/HereAfter/GreyBox_Level1/Saved/Greybox_1_Auto10580C46C48F73DA6F50EB5B99635DA91.tmp' to '../../../../../../Users/Ashish Gosain/Documents/HereAfter/GreyBox_Level1/Saved/Autosaves/Game/Maps/Greybox_1_Auto1.umap'
[2017.11.05-14.47.54:296][822]LogSavePackage: Display: Finished SavePackage ../../../../../../Users/Ashish Gosain/Documents/HereAfter/GreyBox_Level1/Saved/Autosaves/Game/Maps/Greybox_1_Auto1.umap
[2017.11.05-14.47.54:444][822]LogFileHelpers: Editor autosave (incl. sublevels) for '/Game/Maps/Greybox_1' took 2.633
[2017.11.05-14.47.54:444][822]LogFileHelpers: Editor autosave (incl. sublevels) for all levels took 2.633
[2017.11.05-14.48.44:515][826]LogAIModule: Creating AISystem for world Greybox_1_v1
[2017.11.05-14.48.44:872][826]LogSavePackage: Save=185.10ms
[2017.11.05-14.48.44:873][826]LogSavePackage: Moving '../../../../../../Users/Ashish Gosain/Documents/HereAfter/GreyBox_Level1/Saved/Greybox_1_v13A6437834D3DA77576F9DCA8F8956073.tmp' to '../../../../../../Users/Ashish Gosain/Documents/HereAfter/GreyBox_Level1/Content/Maps/Greybox_1_v1.umap'
[2017.11.05-14.48.44:875][826]LogSavePackage: Display: Finished SavePackage ../../../../../../Users/Ashish Gosain/Documents/HereAfter/GreyBox_Level1/Content/Maps/Greybox_1_v1.umap
[2017.11.05-14.48.45:079][826]Cmd: OBJ SAVEPACKAGE PACKAGE="/Game/Maps/Greybox_1_v1_BuiltData" FILE="../../../../../../Users/Ashish Gosain/Documents/HereAfter/GreyBox_Level1/Content/Maps/Greybox_1_v1_BuiltData.uasset" SILENT=true
[2017.11.05-14.48.45:186][826]LogSavePackage: Save=104.05ms
[2017.11.05-14.48.45:186][826]LogSavePackage: Moving '../../../../../../Users/Ashish Gosain/Documents/HereAfter/GreyBox_Level1/Saved/Greybox_1_v1_BuiltDataDE37FC2D4EB504B892E054989E9FAADD.tmp' to '../../../../../../Users/Ashish Gosain/Documents/HereAfter/GreyBox_Level1/Content/Maps/Greybox_1_v1_BuiltData.uasset'
[2017.11.05-14.48.45:187][826]LogSavePackage: Display: Finished SavePackage ../../../../../../Users/Ashish Gosain/Documents/HereAfter/GreyBox_Level1/Content/Maps/Greybox_1_v1_BuiltData.uasset
[2017.11.05-14.48.45:196][826]LogFileHelpers: Saving map 'Greybox_1_v1' took 4.009
[2017.11.05-14.48.45:216][826]Cmd: MAP LOAD FILE="../../../../../../Users/Ashish Gosain/Documents/HereAfter/GreyBox_Level1/Content/Maps/Greybox_1_v1.umap" TEMPLATE=0 SHOWPROGRESS=1 FEATURELEVEL=3
[2017.11.05-14.48.45:231][826]LightingResults: New page: Lighting Build
[2017.11.05-14.48.45:256][826]LoadErrors: New page: Loading map: Greybox_1_v1.umap
[2017.11.05-14.48.45:257][826]MapCheck: New page: Map Check
[2017.11.05-14.48.45:258][826]LightingResults: New page: Lighting Build
[2017.11.05-14.48.45:311][826]LogEditorServer: Finished looking for orphan Actors (0.000 secs)
[2017.11.05-14.48.45:355][826]Cmd: MAP CHECKDEP NOCLEARLOG
[2017.11.05-14.48.45:468][826]MapCheck: Map check complete: 0 Error(s), 0 Warning(s), took 113.361ms to complete.
[2017.11.05-14.48.45:468][826]LogFileHelpers: Loading map 'Greybox_1_v1' took 0.272
[2017.11.05-14.49.04:126][996]Cmd: TRANSACTION UNDO
[2017.11.05-14.49.04:126][996]LogEditorTransaction: Undo Move Actors
[2017.11.05-14.49.06:063][213]Cmd: TRANSACTION UNDO
[2017.11.05-14.49.06:063][213]LogEditorTransaction: Undo Move Actors
[2017.11.05-14.49.15:426][314]Cmd: TRANSACTION UNDO
[2017.11.05-14.49.15:426][314]LogEditorTransaction: Undo Select Brush Surface
[2017.11.05-14.49.19:581][766]Cmd: TRANSACTION UNDO
[2017.11.05-14.49.19:581][766]LogEditorTransaction: Undo Move Actors
[2017.11.05-14.49.45:436][225]LogSavePackage: Save=160.67ms
[2017.11.05-14.49.45:436][225]LogSavePackage: Moving '../../../../../../Users/Ashish Gosain/Documents/HereAfter/GreyBox_Level1/Saved/Greybox_1_v18DB6C0E04E1F1146AEEDEBA7E54454EF.tmp' to '../../../../../../Users/Ashish Gosain/Documents/HereAfter/GreyBox_Level1/Content/Maps/Greybox_1_v1.umap'
[2017.11.05-14.49.45:456][225]LogSavePackage: Display: Finished SavePackage ../../../../../../Users/Ashish Gosain/Documents/HereAfter/GreyBox_Level1/Content/Maps/Greybox_1_v1.umap
[2017.11.05-14.49.45:677][225]LogFileHelpers: Saving map 'Greybox_1_v1' took 0.502
[2017.11.05-14.49.45:681][225]Cmd: MAP LOAD FILE="../../../../../../Users/Ashish Gosain/Documents/HereAfter/GreyBox_Level1/Content/Maps/Greybox_1_v1.umap" TEMPLATE=0 SHOWPROGRESS=1 FEATURELEVEL=3
[2017.11.05-14.49.45:681][225]LightingResults: New page: Lighting Build
[2017.11.05-14.49.45:682][225]LoadErrors: New page: Loading map: Greybox_1_v1.umap
[2017.11.05-14.49.45:683][225]MapCheck: New page: Map Check
[2017.11.05-14.49.45:683][225]LightingResults: New page: Lighting Build
[2017.11.05-14.49.45:926][225]LogAIModule: Creating AISystem for world Greybox_1_v1
[2017.11.05-14.49.45:934][225]LogEditorServer: Finished looking for orphan Actors (0.000 secs)
[2017.11.05-14.49.46:076][225]Cmd: MAP CHECKDEP NOCLEARLOG
[2017.11.05-14.49.46:148][225]MapCheck: Map check complete: 0 Error(s), 0 Warning(s), took 71.515ms to complete.
[2017.11.05-14.49.46:149][225]LogFileHelpers: Loading map 'Greybox_1_v1' took 0.469
[2017.11.05-14.49.58:249][533]Cmd: DELETE
[2017.11.05-14.49.58:249][533]Cmd: ACTOR DELETE
[2017.11.05-14.49.58:261][533]LogEditorActor: Deleted Actor: Brush
[2017.11.05-14.49.58:446][533]LogEditorActor: Deleted 1 Actors (0.197 secs)
[2017.11.05-14.50.19:702][748]Cmd: DUPLICATE
[2017.11.05-14.50.19:702][748]Cmd: ACTOR DUPLICATE
[2017.11.05-14.51.02:306][204]Cmd: MODE GRID=0
[2017.11.05-14.51.03:680][358]Cmd: MODE GRID=1
[2017.11.05-14.51.14:816][591]Cmd: MODE GRID=0
[2017.11.05-14.52.25:397][  9]Cmd: TRANSACTION UNDO
[2017.11.05-14.52.25:397][  9]LogEditorTransaction: Undo Scale Actors
[2017.11.05-14.52.25:424][  9]LogActorComponent: ~FComponentReregisterContext: (/Game/Maps/Greybox_1_v1.Greybox_1_v1:PersistentLevel.BoxBrush18.BrushComponent0) Component already registered.
[2017.11.05-14.53.21:505][539]Cmd: TRANSACTION UNDO
[2017.11.05-14.53.21:505][539]LogEditorTransaction: Undo Move Actors
[2017.11.05-14.53.21:513][539]LogActorComponent: ~FComponentReregisterContext: (/Game/Maps/Greybox_1_v1.Greybox_1_v1:PersistentLevel.BoxBrush18.BrushComponent0) Component already registered.
[2017.11.05-14.53.32:975][683]Cmd: TRANSACTION UNDO
[2017.11.05-14.53.32:976][683]LogEditorTransaction: Undo Move Actors
[2017.11.05-14.53.32:983][683]LogActorComponent: ~FComponentReregisterContext: (/Game/Maps/Greybox_1_v1.Greybox_1_v1:PersistentLevel.BoxBrush18.BrushComponent0) Component already registered.
[2017.11.05-14.53.42:011][563]Cmd: TRANSACTION UNDO
[2017.11.05-14.53.42:011][563]LogEditorTransaction: Undo Move Actors
[2017.11.05-14.53.42:020][563]LogActorComponent: ~FComponentReregisterContext: (/Game/Maps/Greybox_1_v1.Greybox_1_v1:PersistentLevel.BoxBrush18.BrushComponent0) Component already registered.
[2017.11.05-14.54.43:413][995]LogTemp: Repeating last play command: Selected Viewport
[2017.11.05-14.54.43:432][995]LogBlueprintUserMessages: Early PlayInEditor Detection: Level '/Game/Maps/Greybox_1_v1.Greybox_1_v1:PersistentLevel' has LevelScriptBlueprint '/Game/Maps/Greybox_1_v1.Greybox_1_v1:PersistentLevel.Greybox_1_v1' with GeneratedClass '/Game/Maps/Greybox_1_v1.Greybox_1_v1_C' with ClassGeneratedBy '/Game/Maps/Greybox_1_v1.Greybox_1_v1:PersistentLevel.Greybox_1_v1'
[2017.11.05-14.54.43:432][995]LogPlayLevel: PlayLevel: No blueprints needed recompiling
[2017.11.05-14.54.43:473][995]PIE: New page: PIE session: Greybox_1_v1 (6 Nov 2017 12:54:43 pm)
[2017.11.05-14.54.43:500][995]LogPlayLevel: Creating play world package: /Game/Maps/UEDPIE_0_Greybox_1_v1
[2017.11.05-14.54.43:598][995]LogPlayLevel: PIE: StaticDuplicateObject took: (0.098435s)
[2017.11.05-14.54.43:600][995]LogAIModule: Creating AISystem for world Greybox_1_v1
[2017.11.05-14.54.43:600][995]LogPlayLevel: PIE: World Init took: (0.001588s)
[2017.11.05-14.54.43:600][995]LogPlayLevel: PIE: Created PIE world by copying editor world from /Game/Maps/Greybox_1_v1.Greybox_1_v1 to /Game/Maps/UEDPIE_0_Greybox_1_v1.Greybox_1_v1 (0.127434s)
[2017.11.05-14.54.43:647][995]LogInit: XAudio2 using 'Speakers / Headphones (2- Plantronics HD1)' : 6 channels at 48 kHz using 24 bits per sample (channel mask 0x3f)
[2017.11.05-14.54.43:694][995]LogInit: FAudioDevice initialized.
[2017.11.05-14.54.43:770][995]LogLoad: Game class is 'FirstPersonGameMode_C'
[2017.11.05-14.54.43:773][995]LogWorld: Bringing World /Game/Maps/UEDPIE_0_Greybox_1_v1.Greybox_1_v1 up for play (max tick rate 0) at 2017.11.06-01.54.43
[2017.11.05-14.54.43:774][995]LogWorld: Bringing up level for play took: 0.002365
[2017.11.05-14.54.43:825][995]PIE: Play in editor start time for /Game/Maps/UEDPIE_0_Greybox_1_v1 0.582
[2017.11.05-14.54.43:825][995]LogBlueprintUserMessages: Late PlayInEditor Detection: Level '/Game/Maps/Greybox_1_v1.Greybox_1_v1:PersistentLevel' has LevelScriptBlueprint '/Game/Maps/Greybox_1_v1.Greybox_1_v1:PersistentLevel.Greybox_1_v1' with GeneratedClass '/Game/Maps/Greybox_1_v1.Greybox_1_v1_C' with ClassGeneratedBy '/Game/Maps/Greybox_1_v1.Greybox_1_v1:PersistentLevel.Greybox_1_v1'
[2017.11.05-14.54.46:987][366]LogBlueprintUserMessages: Early EndPlayMap Detection: Level '/Game/Maps/Greybox_1_v1.Greybox_1_v1:PersistentLevel' has LevelScriptBlueprint '/Game/Maps/Greybox_1_v1.Greybox_1_v1:PersistentLevel.Greybox_1_v1' with GeneratedClass '/Game/Maps/Greybox_1_v1.Greybox_1_v1_C' with ClassGeneratedBy '/Game/Maps/Greybox_1_v1.Greybox_1_v1:PersistentLevel.Greybox_1_v1'
[2017.11.05-14.54.47:034][366]LogBlueprintUserMessages: Late EndPlayMap Detection: Level '/Game/Maps/Greybox_1_v1.Greybox_1_v1:PersistentLevel' has LevelScriptBlueprint '/Game/Maps/Greybox_1_v1.Greybox_1_v1:PersistentLevel.Greybox_1_v1' with GeneratedClass '/Game/Maps/Greybox_1_v1.Greybox_1_v1_C' with ClassGeneratedBy '/Game/Maps/Greybox_1_v1.Greybox_1_v1:PersistentLevel.Greybox_1_v1'
[2017.11.05-14.59.42:779][913]LogSavePackage: Save=321.01ms
[2017.11.05-14.59.42:779][913]LogSavePackage: Moving '../../../../../../Users/Ashish Gosain/Documents/HereAfter/GreyBox_Level1/Saved/Greybox_1_v1_Auto243B41C0340514738EA27FB8F13A888E9.tmp' to '../../../../../../Users/Ashish Gosain/Documents/HereAfter/GreyBox_Level1/Saved/Autosaves/Game/Maps/Greybox_1_v1_Auto2.umap'
[2017.11.05-14.59.42:797][913]LogSavePackage: Display: Finished SavePackage ../../../../../../Users/Ashish Gosain/Documents/HereAfter/GreyBox_Level1/Saved/Autosaves/Game/Maps/Greybox_1_v1_Auto2.umap
[2017.11.05-14.59.42:802][913]LogFileHelpers: Editor autosave (incl. sublevels) for '/Game/Maps/Greybox_1_v1' took 0.373
[2017.11.05-14.59.42:802][913]LogFileHelpers: Editor autosave (incl. sublevels) for all levels took 0.373
[2017.11.05-15.02.10:285][ 39]LogSavePackage: Save=321.53ms
[2017.11.05-15.02.10:285][ 39]LogSavePackage: Moving '../../../../../../Users/Ashish Gosain/Documents/HereAfter/GreyBox_Level1/Saved/Greybox_1_v1FFF083564F2AA2351B35D8B5EDED5A20.tmp' to '../../../../../../Users/Ashish Gosain/Documents/HereAfter/GreyBox_Level1/Content/Maps/Greybox_1_v1.umap'
[2017.11.05-15.02.10:289][ 39]LogSavePackage: Display: Finished SavePackage ../../../../../../Users/Ashish Gosain/Documents/HereAfter/GreyBox_Level1/Content/Maps/Greybox_1_v1.umap
[2017.11.05-15.02.10:320][ 39]LogFileHelpers: Saving map 'Greybox_1_v1' took 0.446
[2017.11.05-15.02.11:214][ 39]LogWindowsTextInputMethodSystem: Display: IME system now deactivated.
[2017.11.05-15.02.11:723][ 40]Cmd: QUIT_EDITOR
[2017.11.05-15.02.13:543][ 40]LogExit: Preparing to exit.
[2017.11.05-15.02.16:179][ 40]LogDirectoryWatcher: A directory notification for 'C:/Users/Ashish Gosain/Documents/HereAfter/GreyBox_Level1/Content/' was aborted.
[2017.11.05-15.02.16:657][ 40]LogExit: Editor shut down
[2017.11.05-15.02.16:688][ 40]LogExit: Transaction tracking system shut down
[2017.11.05-15.02.17:274][ 40]LogDirectoryWatcher: A directory notification for '../../../Engine/Content/' was aborted.
[2017.11.05-15.02.17:274][ 40]LogDirectoryWatcher: A directory notification for '../../../../../../Users/Ashish Gosain/Documents/HereAfter/GreyBox_Level1/Content/' was aborted.
[2017.11.05-15.02.17:274][ 40]LogDirectoryWatcher: A directory notification for '../../../Engine/Plugins/2D/Paper2D/Content/' was aborted.
[2017.11.05-15.02.17:274][ 40]LogDirectoryWatcher: A directory notification for '../../../Engine/Plugins/Runtime/Oculus/OculusVR/Content/' was aborted.
[2017.11.05-15.02.17:274][ 40]LogDirectoryWatcher: A directory notification for '../../../Engine/Plugins/Runtime/Steam/SteamVR/Content/' was aborted.
[2017.11.05-15.02.22:010][ 40]LogExit: Object subsystem successfully closed.
[2017.11.05-15.02.22:889][ 40]LogD3D11RHI: Shutdown
[2017.11.05-15.02.22:899][ 40]LogD3D11RHI: CleanupD3DDevice
[2017.11.05-15.02.23:533][ 40]LogD3D11RHI: ~FD3D11DynamicRHI
[2017.11.05-15.02.25:836][ 40]LogModuleManager: Shutting down and abandoning module MovieSceneCapture (532)
[2017.11.05-15.02.25:836][ 40]LogModuleManager: Shutting down and abandoning module HierarchicalLODOutliner (530)
[2017.11.05-15.02.25:836][ 40]LogModuleManager: Shutting down and abandoning module AddContentDialog (528)
[2017.11.05-15.02.25:974][ 40]LogDirectoryWatcher: A directory notification for 'C:/Program Files (x86)/Epic Games/UE_4.17/FeaturePacks/' was aborted.
[2017.11.05-15.02.26:055][ 40]LogModuleManager: Shutting down and abandoning module WidgetCarousel (527)
[2017.11.05-15.02.26:055][ 40]LogModuleManager: Shutting down and abandoning module EditorWidgets (524)
[2017.11.05-15.02.26:055][ 40]LogModuleManager: Shutting down and abandoning module CollectionManager (522)
[2017.11.05-15.02.26:101][ 40]LogDirectoryWatcher: A directory notification for 'C:/Users/Ashish Gosain/Documents/HereAfter/GreyBox_Level1/Content/Collections/' was aborted.
[2017.11.05-15.02.26:101][ 40]LogDirectoryWatcher: A directory notification for 'C:/Users/Ashish Gosain/Documents/HereAfter/GreyBox_Level1/Content/Developers/AshishGosain/Collections/' was aborted.
[2017.11.05-15.02.26:101][ 40]LogDirectoryWatcher: A directory notification for 'C:/Users/Ashish Gosain/Documents/HereAfter/GreyBox_Level1/Saved/Collections/' was aborted.
[2017.11.05-15.02.26:101][ 40]LogModuleManager: Shutting down and abandoning module SceneOutliner (520)
[2017.11.05-15.02.26:110][ 40]LogModuleManager: Shutting down and abandoning module StatsViewer (518)
[2017.11.05-15.02.26:141][ 40]LogModuleManager: Shutting down and abandoning module FoliageEdit (516)
[2017.11.05-15.02.26:141][ 40]LogModuleManager: Shutting down and abandoning module LandscapeEditor (514)
[2017.11.05-15.02.26:247][ 40]LogModuleManager: Shutting down and abandoning module MeshPaintMode (512)
[2017.11.05-15.02.26:247][ 40]LogModuleManager: Shutting down and abandoning module SceneDepthPickerMode (510)
[2017.11.05-15.02.26:247][ 40]LogModuleManager: Shutting down and abandoning module ActorPickerMode (508)
[2017.11.05-15.02.26:247][ 40]LogModuleManager: Shutting down and abandoning module GeometryMode (506)
[2017.11.05-15.02.26:247][ 40]LogModuleManager: Shutting down and abandoning module TextureAlignMode (504)
[2017.11.05-15.02.26:247][ 40]LogModuleManager: Shutting down and abandoning module BspMode (502)
[2017.11.05-15.02.26:247][ 40]LogModuleManager: Shutting down and abandoning module PIEPreviewDeviceProfileSelector (500)
[2017.11.05-15.02.26:247][ 40]LogModuleManager: Shutting down and abandoning module HardwareSurvey (498)
[2017.11.05-15.02.26:247][ 40]LogModuleManager: Shutting down and abandoning module SequenceRecorderSections (496)
[2017.11.05-15.02.26:288][ 40]LogModuleManager: Shutting down and abandoning module AutomationWorker (494)
[2017.11.05-15.02.26:294][ 40]LogModuleManager: Shutting down and abandoning module MatineeToLevelSequence (492)
[2017.11.05-15.02.26:300][ 40]LogModuleManager: Shutting down and abandoning module LevelSequenceEditor (490)
[2017.11.05-15.02.26:427][ 40]LogModuleManager: Shutting down and abandoning module PlacementMode (489)
[2017.11.05-15.02.26:427][ 40]LogModuleManager: Shutting down and abandoning module WmfMediaFactory (486)
[2017.11.05-15.02.26:427][ 40]LogModuleManager: Shutting down and abandoning module WmfMediaEditor (484)
[2017.11.05-15.02.26:427][ 40]LogModuleManager: Shutting down and abandoning module AvfMediaFactory (482)
[2017.11.05-15.02.26:427][ 40]LogModuleManager: Shutting down and abandoning module AvfMediaEditor (480)
[2017.11.05-15.02.26:427][ 40]LogModuleManager: Shutting down and abandoning module AndroidMediaFactory (478)
[2017.11.05-15.02.26:427][ 40]LogModuleManager: Shutting down and abandoning module Media (477)
[2017.11.05-15.02.26:427][ 40]LogModuleManager: Shutting down and abandoning module AndroidMediaEditor (474)
[2017.11.05-15.02.26:427][ 40]LogModuleManager: Shutting down and abandoning module CharacterAI (472)
[2017.11.05-15.02.26:427][ 40]LogModuleManager: Shutting down and abandoning module AudioCapture (470)
[2017.11.05-15.02.26:427][ 40]LogModuleManager: Shutting down and abandoning module SequenceRecorder (469)
[2017.11.05-15.02.26:457][ 40]LogModuleManager: Shutting down and abandoning module SmartSnapping (466)
[2017.11.05-15.02.26:457][ 40]LogModuleManager: Shutting down and abandoning module SessionServices (464)
[2017.11.05-15.02.26:457][ 40]LogModuleManager: Shutting down and abandoning module ViewportSnapping (462)
[2017.11.05-15.02.26:457][ 40]LogModuleManager: Shutting down and abandoning module ViewportInteraction (460)
[2017.11.05-15.02.26:457][ 40]LogModuleManager: Shutting down and abandoning module ClothPainter (458)
[2017.11.05-15.02.26:565][ 40]LogModuleManager: Shutting down and abandoning module LogVisualizer (456)
[2017.11.05-15.02.26:582][ 40]LogModuleManager: Shutting down and abandoning module IntroTutorials (454)
[2017.11.05-15.02.26:663][ 40]LogModuleManager: Shutting down and abandoning module GameProjectGeneration (453)
[2017.11.05-15.02.26:682][ 40]LogModuleManager: Shutting down and abandoning module IOSPlatformEditor (450)
[2017.11.05-15.02.26:722][ 40]LogModuleManager: Shutting down and abandoning module HTML5PlatformEditor (448)
[2017.11.05-15.02.26:722][ 40]LogModuleManager: Shutting down and abandoning module AndroidPlatformEditor (446)
[2017.11.05-15.02.26:722][ 40]LogModuleManager: Shutting down and abandoning module AndroidDeviceDetection (445)
[2017.11.05-15.02.27:240][ 40]LogModuleManager: Shutting down and abandoning module WindowsPlatformEditor (442)
[2017.11.05-15.02.27:240][ 40]LogModuleManager: Shutting down and abandoning module IOSRuntimeSettings (440)
[2017.11.05-15.02.27:240][ 40]LogModuleManager: Shutting down and abandoning module AndroidRuntimeSettings (438)
[2017.11.05-15.02.27:240][ 40]LogModuleManager: Shutting down and abandoning module InputBindingEditor (436)
[2017.11.05-15.02.27:306][ 40]LogModuleManager: Shutting down and abandoning module MergeActors (434)
[2017.11.05-15.02.27:329][ 40]LogModuleManager: Shutting down and abandoning module SizeMap (432)
[2017.11.05-15.02.27:329][ 40]LogModuleManager: Shutting down and abandoning module TreeMap (430)
[2017.11.05-15.02.27:362][ 40]LogModuleManager: Shutting down and abandoning module ReferenceViewer (428)
[2017.11.05-15.02.27:362][ 40]LogModuleManager: Shutting down and abandoning module LocalizationDashboard (426)
[2017.11.05-15.02.27:439][ 40]LogModuleManager: Shutting down and abandoning module LocalizationService (425)
[2017.11.05-15.02.27:481][ 40]LogModuleManager: Shutting down and abandoning module HardwareTargeting (422)
[2017.11.05-15.02.27:482][ 40]LogModuleManager: Shutting down and abandoning module DeviceProfileEditor (420)
[2017.11.05-15.02.27:506][ 40]LogModuleManager: Shutting down and abandoning module UndoHistory (418)
[2017.11.05-15.02.27:506][ 40]LogModuleManager: Shutting down and abandoning module XmlParser (416)
[2017.11.05-15.02.27:555][ 40]LogModuleManager: Shutting down and abandoning module Blutility (414)
[2017.11.05-15.02.27:555][ 40]LogModuleManager: Shutting down and abandoning module ProjectSettingsViewer (412)
[2017.11.05-15.02.27:555][ 40]LogModuleManager: Shutting down and abandoning module ProjectTargetPlatformEditor (411)
[2017.11.05-15.02.27:555][ 40]LogModuleManager: Shutting down and abandoning module EditorSettingsViewer (408)
[2017.11.05-15.02.27:555][ 40]LogModuleManager: Shutting down and abandoning module SettingsEditor (406)
[2017.11.05-15.02.27:582][ 40]LogModuleManager: Shutting down and abandoning module ProjectLauncher (404)
[2017.11.05-15.02.27:641][ 40]LogModuleManager: Shutting down and abandoning module SessionFrontend (402)
[2017.11.05-15.02.27:670][ 40]LogModuleManager: Shutting down and abandoning module ProfilerClient (400)
[2017.11.05-15.02.27:688][ 40]LogModuleManager: Shutting down and abandoning module DeviceManager (398)
[2017.11.05-15.02.27:743][ 40]LogModuleManager: Shutting down and abandoning module TargetDeviceServices (397)
[2017.11.05-15.02.27:807][ 40]LogModuleManager: Shutting down and abandoning module AutomationController (394)
[2017.11.05-15.02.27:834][ 40]LogModuleManager: Shutting down and abandoning module AutomationWindow (392)
[2017.11.05-15.02.27:922][ 40]LogModuleManager: Shutting down and abandoning module Layers (390)
[2017.11.05-15.02.28:005][ 40]LogModuleManager: Shutting down and abandoning module ComponentVisualizers (388)
[2017.11.05-15.02.28:005][ 40]LogModuleManager: Shutting down and abandoning module DetailCustomizations (386)
[2017.11.05-15.02.28:045][ 40]LogModuleManager: Shutting down and abandoning module PackagesDialog (384)
[2017.11.05-15.02.28:046][ 40]LogModuleManager: Shutting down and abandoning module Persona (382)
[2017.11.05-15.02.28:094][ 40]LogModuleManager: Shutting down and abandoning module AdvancedPreviewScene (381)
[2017.11.05-15.02.28:094][ 40]LogModuleManager: Shutting down and abandoning module AnimGraph (379)
[2017.11.05-15.02.28:123][ 40]LogModuleManager: Shutting down and abandoning module Kismet (376)
[2017.11.05-15.02.28:124][ 40]LogModuleManager: Shutting down and abandoning module ClassViewer (374)
[2017.11.05-15.02.28:124][ 40]LogModuleManager: Shutting down and abandoning module Toolbox (372)
[2017.11.05-15.02.28:154][ 40]LogModuleManager: Shutting down and abandoning module ModuleUI (370)
[2017.11.05-15.02.28:184][ 40]LogModuleManager: Shutting down and abandoning module MovieSceneTools (368)
[2017.11.05-15.02.28:268][ 40]LogModuleManager: Shutting down and abandoning module OutputLog (366)
[2017.11.05-15.02.28:297][ 40]LogModuleManager: Shutting down and abandoning module GammaUI (364)
[2017.11.05-15.02.28:310][ 40]LogModuleManager: Shutting down and abandoning module Documentation (362)
[2017.11.05-15.02.28:310][ 40]LogModuleManager: Shutting down and abandoning module MovieSceneTracks (360)
[2017.11.05-15.02.28:310][ 40]LogModuleManager: Shutting down and abandoning module MovieScene (358)
[2017.11.05-15.02.28:310][ 40]LogModuleManager: Shutting down and abandoning module Niagara (356)
[2017.11.05-15.02.28:310][ 40]LogModuleManager: Shutting down and abandoning module NiagaraEditor (355)
[2017.11.05-15.02.28:519][ 40]LogModuleManager: Shutting down and abandoning module StreamingPauseRendering (352)
[2017.11.05-15.02.28:519][ 40]LogModuleManager: Shutting down and abandoning module LauncherPlatform (350)
[2017.11.05-15.02.28:519][ 40]LogModuleManager: Shutting down and abandoning module AnalyticsET (348)
[2017.11.05-15.02.28:519][ 40]LogModuleManager: Shutting down and abandoning module PortalServices (346)
[2017.11.05-15.02.28:519][ 40]LogModuleManager: Shutting down and abandoning module PortalRpc (344)
[2017.11.05-15.02.28:519][ 40]LogModuleManager: Shutting down and abandoning module MessagingRpc (342)
[2017.11.05-15.02.28:519][ 40]LogModuleManager: Shutting down and abandoning module AIModule (340)
[2017.11.05-15.02.28:519][ 40]LogModuleManager: Shutting down and abandoning module GameplayDebugger (339)
[2017.11.05-15.02.28:519][ 40]LogModuleManager: Shutting down and abandoning module AITestSuite (337)
[2017.11.05-15.02.28:527][ 40]LogModuleManager: Shutting down and abandoning module ProfilerService (334)
[2017.11.05-15.02.28:650][ 40]LogModuleManager: Shutting down and abandoning module TaskGraph (332)
[2017.11.05-15.02.28:708][ 40]LogModuleManager: Shutting down and abandoning module SteamVRController (330)
[2017.11.05-15.02.28:708][ 40]LogModuleManager: Shutting down and abandoning module ProceduralMeshComponentEditor (328)
[2017.11.05-15.02.28:708][ 40]LogModuleManager: Shutting down and abandoning module ProceduralMeshComponent (326)
[2017.11.05-15.02.28:708][ 40]LogModuleManager: Shutting down and abandoning module OculusInput (324)
[2017.11.05-15.02.28:737][ 40]LogModuleManager: Shutting down and abandoning module MobilePatchingUtils (322)
[2017.11.05-15.02.28:737][ 40]LogModuleManager: Shutting down and abandoning module CustomMeshComponent (320)
[2017.11.05-15.02.28:738][ 40]LogModuleManager: Shutting down and abandoning module CableComponent (318)
[2017.11.05-15.02.28:747][ 40]LogModuleManager: Shutting down and abandoning module ArchVisCharacter (316)
[2017.11.05-15.02.28:747][ 40]LogModuleManager: Shutting down and abandoning module AndroidPermission (314)
[2017.11.05-15.02.28:747][ 40]LogModuleManager: Shutting down and abandoning module MediaPlayerEditor (310)
[2017.11.05-15.02.28:811][ 40]LogModuleManager: Shutting down and abandoning module HTML5Networking (308)
[2017.11.05-15.02.28:811][ 40]LogModuleManager: Shutting down and abandoning module AlembicImporter (306)
[2017.11.05-15.02.28:863][ 40]LogModuleManager: Shutting down and abandoning module AlembicLibrary (305)
[2017.11.05-15.02.28:863][ 40]LogModuleManager: Shutting down and abandoning module GeometryCache (304)
[2017.11.05-15.02.28:863][ 40]LogModuleManager: Shutting down and abandoning module GeometryCacheEd (303)
[2017.11.05-15.02.28:863][ 40]LogModuleManager: Shutting down and abandoning module SpeedTreeImporter (298)
[2017.11.05-15.02.28:863][ 40]LogModuleManager: Shutting down and abandoning module PluginBrowser (296)
[2017.11.05-15.02.28:948][ 40]LogModuleManager: Shutting down and abandoning module MobileLauncherProfileWizard (294)
[2017.11.05-15.02.28:955][ 40]LogModuleManager: Shutting down and abandoning module VisualStudioSourceCodeAccess (292)
[2017.11.05-15.02.28:955][ 40]LogModuleManager: Shutting down and abandoning module DesktopPlatform (291)
[2017.11.05-15.02.28:970][ 40]LogModuleManager: Shutting down and abandoning module UObjectPlugin (288)
[2017.11.05-15.02.28:970][ 40]LogModuleManager: Shutting down and abandoning module SubversionSourceControl (286)
[2017.11.05-15.02.29:016][ 40]LogModuleManager: Shutting down and abandoning module PerforceSourceControl (284)
[2017.11.05-15.02.29:027][ 40]LogModuleManager: Shutting down and abandoning module GitSourceControl (282)
[2017.11.05-15.02.29:143][ 40]LogModuleManager: Shutting down and abandoning module SourceControl (281)
[2017.11.05-15.02.29:192][ 40]LogModuleManager: Shutting down and abandoning module LightPropagationVolumeEditor (278)
[2017.11.05-15.02.29:192][ 40]LogModuleManager: Shutting down and abandoning module PaperTiledImporter (276)
[2017.11.05-15.02.29:192][ 40]LogModuleManager: Shutting down and abandoning module PaperSpriteSheetImporter (274)
[2017.11.05-15.02.29:192][ 40]LogModuleManager: Shutting down and abandoning module Paper2DEditor (272)
[2017.11.05-15.02.29:224][ 40]LogModuleManager: Shutting down and abandoning module MeshPaint (271)
[2017.11.05-15.02.29:252][ 40]LogModuleManager: Shutting down and abandoning module LevelEditor (269)
[2017.11.05-15.02.29:287][ 40]LogModuleManager: Shutting down and abandoning module PixelInspectorModule (268)
[2017.11.05-15.02.29:387][ 40]LogModuleManager: Shutting down and abandoning module MainFrame (266)
[2017.11.05-15.02.29:439][ 40]LogModuleManager: Shutting down and abandoning module HotReload (265)
[2017.11.05-15.02.29:724][ 40]LogModuleManager: Shutting down and abandoning module RuntimePhysXCooking (260)
[2017.11.05-15.02.29:724][ 40]LogModuleManager: Shutting down and abandoning module PhysXVehiclesEditor (258)
[2017.11.05-15.02.29:724][ 40]LogModuleManager: Shutting down and abandoning module PhysXVehicles (256)
[2017.11.05-15.02.29:724][ 40]LogModuleManager: Shutting down and abandoning module OculusEditor (254)
[2017.11.05-15.02.29:724][ 40]LogModuleManager: Shutting down and abandoning module LocationServicesBPLibrary (252)
[2017.11.05-15.02.29:724][ 40]LogModuleManager: Shutting down and abandoning module ImmediatePhysicsEditor (250)
[2017.11.05-15.02.29:724][ 40]LogModuleManager: Shutting down and abandoning module ImmediatePhysics (248)
[2017.11.05-15.02.29:776][ 40]LogModuleManager: Shutting down and abandoning module UdpMessaging (246)
[2017.11.05-15.02.29:876][ 40]LogModuleManager: Shutting down and abandoning module TcpMessaging (244)
[2017.11.05-15.02.30:025][ 40]LogModuleManager: Shutting down and abandoning module GameplayTagsEditor (242)
[2017.11.05-15.02.30:057][ 40]LogModuleManager: Shutting down and abandoning module FacialAnimationEditor (240)
[2017.11.05-15.02.30:057][ 40]LogModuleManager: Shutting down and abandoning module FacialAnimation (238)
[2017.11.05-15.02.30:057][ 40]LogModuleManager: Shutting down and abandoning module AssetManagerEditor (236)
[2017.11.05-15.02.30:105][ 40]LogModuleManager: Shutting down and abandoning module GraphEditor (235)
[2017.11.05-15.02.30:206][ 40]LogModuleManager: Shutting down and abandoning module ContentBrowser (233)
[2017.11.05-15.02.30:208][ 40]LogModuleManager: Shutting down and abandoning module LightPropagationVolumeRuntime (230)
[2017.11.05-15.02.30:208][ 40]LogModuleManager: Shutting down and abandoning module Paper2D (228)
[2017.11.05-15.02.30:263][ 40]LogModuleManager: Shutting down and abandoning module WindowsMoviePlayer (226)
[2017.11.05-15.02.30:287][ 40]LogModuleManager: Shutting down and abandoning module WmfMedia (224)
[2017.11.05-15.02.30:348][ 40]LogModuleManager: Shutting down and abandoning module PacketHandler (222)
[2017.11.05-15.02.30:348][ 40]LogModuleManager: Shutting down and abandoning module ClothingSystemEditor (220)
[2017.11.05-15.02.30:372][ 40]LogModuleManager: Shutting down and abandoning module ClothingSystemRuntime (218)
[2017.11.05-15.02.30:472][ 40]LogModuleManager: Shutting down and abandoning module Overlay (216)
[2017.11.05-15.02.30:472][ 40]LogModuleManager: Shutting down and abandoning module OverlayEditor (215)
[2017.11.05-15.02.30:472][ 40]LogModuleManager: Shutting down and abandoning module MediaAssets (212)
[2017.11.05-15.02.30:472][ 40]LogModuleManager: Shutting down and abandoning module VREditor (210)
[2017.11.05-15.02.30:620][ 40]LogModuleManager: Shutting down and abandoning module StringTableEditor (208)
[2017.11.05-15.02.30:639][ 40]LogModuleManager: Shutting down and abandoning module GameplayTasksEditor (206)
[2017.11.05-15.02.30:639][ 40]LogModuleManager: Shutting down and abandoning module BehaviorTreeEditor (204)
[2017.11.05-15.02.30:751][ 40]LogModuleManager: Shutting down and abandoning module FunctionalTesting (202)
[2017.11.05-15.02.30:751][ 40]LogModuleManager: Shutting down and abandoning module CollisionAnalyzer (200)
[2017.11.05-15.02.30:785][ 40]LogModuleManager: Shutting down and abandoning module WorkspaceMenuStructure (199)
[2017.11.05-15.02.30:815][ 40]LogModuleManager: Shutting down and abandoning module UMG (196)
[2017.11.05-15.02.30:917][ 40]LogModuleManager: Shutting down and abandoning module UMGEditor (195)
[2017.11.05-15.02.31:071][ 40]LogModuleManager: Shutting down and abandoning module Sequencer (194)
[2017.11.05-15.02.31:193][ 40]LogModuleManager: Shutting down and abandoning module MessageLog (191)
[2017.11.05-15.02.31:193][ 40]LogModuleManager: Shutting down and abandoning module SlateReflector (186)
[2017.11.05-15.02.31:475][ 40]LogModuleManager: Shutting down and abandoning module Slate (184)
[2017.11.05-15.02.31:475][ 40]LogModuleManager: Shutting down and abandoning module EditorStyle (182)
[2017.11.05-15.02.31:744][ 40]LogModuleManager: Shutting down and abandoning module MRMesh (180)
[2017.11.05-15.02.31:744][ 40]LogModuleManager: Shutting down and abandoning module SourceCodeAccess (178)
[2017.11.05-15.02.31:744][ 40]LogModuleManager: Shutting down and abandoning module HeadMountedDisplay (176)
[2017.11.05-15.02.31:744][ 40]LogModuleManager: Shutting down and abandoning module XAudio2 (174)
[2017.11.05-15.02.31:744][ 40]LogModuleManager: Shutting down and abandoning module Networking (172)
[2017.11.05-15.02.31:744][ 40]LogModuleManager: Shutting down and abandoning module Core (168)
[2017.11.05-15.02.31:744][ 40]LogModuleManager: Shutting down and abandoning module KismetCompiler (164)
[2017.11.05-15.02.31:744][ 40]LogModuleManager: Shutting down and abandoning module LevelSequence (162)
[2017.11.05-15.02.31:744][ 40]LogModuleManager: Shutting down and abandoning module MeshUtilities (160)
[2017.11.05-15.02.31:792][ 40]LogModuleManager: Shutting down and abandoning module MeshMergeUtilities (159)
[2017.11.05-15.02.31:814][ 40]LogModuleManager: Shutting down and abandoning module MeshReductionInterface (158)
[2017.11.05-15.02.31:814][ 40]LogModuleManager: Shutting down and abandoning module SimplygonSwarm (157)
[2017.11.05-15.02.31:831][ 40]LogModuleManager: Shutting down and abandoning module SimplygonMeshReduction (155)
[2017.11.05-15.02.31:831][ 40]LogModuleManager: Shutting down and abandoning module QuadricMeshReduction (153)
[2017.11.05-15.02.31:935][ 40]LogModuleManager: Shutting down and abandoning module MaterialBaking (149)
[2017.11.05-15.02.31:998][ 40]LogModuleManager: Shutting down and abandoning module DirectoryWatcher (146)
[2017.11.05-15.02.32:004][ 40]LogModuleManager: Shutting down and abandoning module DerivedDataCache (144)
[2017.11.05-15.02.32:083][ 40]LogDerivedDataCache: Shutdown
[2017.11.05-15.02.32:083][ 40]LogModuleManager: Shutting down and abandoning module TargetPlatform (142)
[2017.11.05-15.02.32:083][ 40]LogModuleManager: Shutting down and abandoning module VulkanShaderFormat (141)
[2017.11.05-15.02.32:144][ 40]LogModuleManager: Shutting down and abandoning module ShaderFormatVectorVM (139)
[2017.11.05-15.02.32:178][ 40]LogModuleManager: Shutting down and abandoning module ShaderFormatOpenGL (137)
[2017.11.05-15.02.32:227][ 40]LogModuleManager: Shutting down and abandoning module ShaderFormatD3D (135)
[2017.11.05-15.02.32:254][ 40]LogModuleManager: Shutting down and abandoning module MetalShaderFormat (133)
[2017.11.05-15.02.32:317][ 40]LogModuleManager: Shutting down and abandoning module TextureFormatUncompressed (131)
[2017.11.05-15.02.32:317][ 40]LogModuleManager: Shutting down and abandoning module TextureFormatPVR (129)
[2017.11.05-15.02.32:317][ 40]LogModuleManager: Shutting down and abandoning module TextureFormatDXT (127)
[2017.11.05-15.02.32:317][ 40]LogModuleManager: Shutting down and abandoning module TextureFormatIntelISPCTexComp (125)
[2017.11.05-15.02.32:484][ 40]LogModuleManager: Shutting down and abandoning module TextureFormatASTC (123)
[2017.11.05-15.02.32:484][ 40]LogModuleManager: Shutting down and abandoning module ImageWrapper (122)
[2017.11.05-15.02.32:484][ 40]LogModuleManager: Shutting down and abandoning module TextureFormatAndroid (119)
[2017.11.05-15.02.32:484][ 40]LogModuleManager: Shutting down and abandoning module AudioFormatOpus (117)
[2017.11.05-15.02.32:484][ 40]LogModuleManager: Shutting down and abandoning module AudioFormatOgg (115)
[2017.11.05-15.02.32:499][ 40]LogModuleManager: Shutting down and abandoning module AudioFormatADPCM (113)
[2017.11.05-15.02.32:499][ 40]LogModuleManager: Shutting down and abandoning module LinuxTargetPlatform (111)
[2017.11.05-15.02.32:499][ 40]LogModuleManager: Shutting down and abandoning module LinuxServerTargetPlatform (109)
[2017.11.05-15.02.32:499][ 40]LogModuleManager: Shutting down and abandoning module LinuxNoEditorTargetPlatform (107)
[2017.11.05-15.02.32:499][ 40]LogModuleManager: Shutting down and abandoning module LinuxClientTargetPlatform (105)
[2017.11.05-15.02.32:499][ 40]LogModuleManager: Shutting down and abandoning module TVOSTargetPlatform (103)
[2017.11.05-15.02.32:499][ 40]LogModuleManager: Shutting down and abandoning module Messaging (101)
[2017.11.05-15.02.32:499][ 40]LogModuleManager: Shutting down and abandoning module IOSTargetPlatform (99)
[2017.11.05-15.02.32:499][ 40]LogModuleManager: Shutting down and abandoning module HTML5TargetPlatform (97)
[2017.11.05-15.02.32:499][ 40]LogModuleManager: Shutting down and abandoning module Android_PVRTCTargetPlatform (95)
[2017.11.05-15.02.32:499][ 40]LogModuleManager: Shutting down and abandoning module Android_MultiTargetPlatform (93)
[2017.11.05-15.02.32:499][ 40]LogModuleManager: Shutting down and abandoning module Android_ETC2TargetPlatform (91)
[2017.11.05-15.02.32:499][ 40]LogModuleManager: Shutting down and abandoning module Android_ETC1TargetPlatform (89)
[2017.11.05-15.02.32:499][ 40]LogModuleManager: Shutting down and abandoning module Android_DXTTargetPlatform (87)
[2017.11.05-15.02.32:499][ 40]LogModuleManager: Shutting down and abandoning module Android_ATCTargetPlatform (85)
[2017.11.05-15.02.32:499][ 40]LogModuleManager: Shutting down and abandoning module Android_ASTCTargetPlatform (83)
[2017.11.05-15.02.32:499][ 40]LogModuleManager: Shutting down and abandoning module AndroidTargetPlatform (81)
[2017.11.05-15.02.32:499][ 40]LogModuleManager: Shutting down and abandoning module WindowsTargetPlatform (79)
[2017.11.05-15.02.32:499][ 40]LogModuleManager: Shutting down and abandoning module WindowsServerTargetPlatform (77)
[2017.11.05-15.02.32:499][ 40]LogModuleManager: Shutting down and abandoning module WindowsNoEditorTargetPlatform (75)
[2017.11.05-15.02.32:499][ 40]LogModuleManager: Shutting down and abandoning module WindowsClientTargetPlatform (73)
[2017.11.05-15.02.32:499][ 40]LogModuleManager: Shutting down and abandoning module MacTargetPlatform (71)
[2017.11.05-15.02.32:499][ 40]LogModuleManager: Shutting down and abandoning module MacServerTargetPlatform (69)
[2017.11.05-15.02.32:525][ 40]LogModuleManager: Shutting down and abandoning module MacNoEditorTargetPlatform (67)
[2017.11.05-15.02.32:525][ 40]LogModuleManager: Shutting down and abandoning module MacClientTargetPlatform (65)
[2017.11.05-15.02.32:525][ 40]LogModuleManager: Shutting down and abandoning module AllDesktopTargetPlatform (63)
[2017.11.05-15.02.32:525][ 40]LogModuleManager: Shutting down and abandoning module InputCore (60)
[2017.11.05-15.02.32:525][ 40]LogModuleManager: Shutting down and abandoning module Settings (58)
[2017.11.05-15.02.32:526][ 40]LogModuleManager: Shutting down and abandoning module PhysXCooking (56)
[2017.11.05-15.02.32:526][ 40]LogModuleManager: Shutting down and abandoning module SteamVR (54)
[2017.11.05-15.02.32:526][ 40]LogModuleManager: Shutting down and abandoning module OculusHMD (52)
[2017.11.05-15.02.32:552][ 40]LogModuleManager: Shutting down and abandoning module ExampleDeviceProfileSelector (50)
[2017.11.05-15.02.32:552][ 40]LogModuleManager: Shutting down and abandoning module OnlineBlueprintSupport (48)
[2017.11.05-15.02.32:552][ 40]LogModuleManager: Shutting down and abandoning module OnlineSubsystem (44)
[2017.11.05-15.02.32:552][ 40]LogOnline: Display: Unloading online subsystem: NULL
[2017.11.05-15.02.32:588][ 40]LogModuleManager: Shutting down and abandoning module XMPP (43)
[2017.11.05-15.02.32:643][ 40]LogModuleManager: Shutting down and abandoning module HTTP (41)
[2017.11.05-15.02.32:644][ 40]LogHttp: Display: Http module shutting down, but needs to wait on 1 outstanding Http requests:
[2017.11.05-15.02.32:729][ 40]LogHttp: Display: 	verb=[POST] url=[https://datarouter.ol.epicgames.com/datarouter/api/v1/public/data?SessionID=%7B61BD0F08-40B7-2AD1-4746-52BF49680451%7D&AppID=UEEditor.Rocket.Release&AppVersion=4.17.2-3658906%2B%2B%2BUE4%2BRelease-4.17&UserID=4ee157d64f2bc32a472daf909e026887%7Cf43cf94564b340929fb675d5fd594766%7C221b2a38-b856-46d0-baaa-5f0e851b639e&AppEnvironment=datacollector-binary&UploadType=eteventstream] status=Processing
[2017.11.05-15.02.32:747][ 40]LogModuleManager: Shutting down and abandoning module SSL (40)
[2017.11.05-15.02.32:770][ 40]LogModuleManager: Shutting down and abandoning module AnimationModifiers (36)
[2017.11.05-15.02.32:808][ 40]LogModuleManager: Shutting down and abandoning module PropertyEditor (35)
[2017.11.05-15.02.32:808][ 40]LogModuleManager: Shutting down and abandoning module AudioEditor (32)
[2017.11.05-15.02.32:874][ 40]LogModuleManager: Shutting down and abandoning module TextureCompressor (30)
[2017.11.05-15.02.32:874][ 40]LogModuleManager: Shutting down and abandoning module ShaderCore (28)
[2017.11.05-15.02.32:874][ 40]LogModuleManager: Shutting down and abandoning module Landscape (26)
[2017.11.05-15.02.32:874][ 40]LogModuleManager: Shutting down and abandoning module SlateRHIRenderer (24)
[2017.11.05-15.02.32:908][ 40]LogModuleManager: Shutting down and abandoning module OpenGLDrv (22)
[2017.11.05-15.02.32:932][ 40]LogModuleManager: Shutting down and abandoning module D3D11RHI (20)
[2017.11.05-15.02.32:932][ 40]LogModuleManager: Shutting down and abandoning module AnimGraphRuntime (18)
[2017.11.05-15.02.32:938][ 40]LogModuleManager: Shutting down and abandoning module Renderer (16)
[2017.11.05-15.02.32:938][ 40]LogModuleManager: Shutting down and abandoning module Engine (14)
[2017.11.05-15.02.32:938][ 40]LogModuleManager: Shutting down and abandoning module CoreUObject (12)
[2017.11.05-15.02.32:938][ 40]LogModuleManager: Shutting down and abandoning module NetworkFile (10)
[2017.11.05-15.02.32:950][ 40]LogModuleManager: Shutting down and abandoning module CookedIterativeFile (8)
[2017.11.05-15.02.32:950][ 40]LogModuleManager: Shutting down and abandoning module StreamingFile (6)
[2017.11.05-15.02.32:972][ 40]LogModuleManager: Shutting down and abandoning module SandboxFile (4)
[2017.11.05-15.02.32:990][ 40]LogModuleManager: Shutting down and abandoning module PakFile (2)
[2017.11.05-15.02.33:027][ 40]LogExit: Exiting.
[2017.11.05-15.02.33:085][ 40]Log file closed, 11/06/17 02:02:33
