Log file open, 11/25/17 21:10:04
LogWindows: Failed to load 'aqProf.dll' (GetLastError=126)
LogWindows: File 'aqProf.dll' does not exist
LogWindows: Failed to load 'VtuneApi.dll' (GetLastError=126)
LogWindows: File 'VtuneApi.dll' does not exist
LogWindows: Failed to load 'VtuneApi32e.dll' (GetLastError=126)
LogWindows: File 'VtuneApi32e.dll' does not exist
LogInit: Display: Running engine for game: GreyBox_Level1
LogPlatformFile: Not using cached read wrapper
LogInit: Display: RandInit(994812761) SRandInit(994812761).
LogTaskGraph: Started task graph with 5 named threads and 14 total threads with 3 sets of task threads.
LogStats: Stats thread started at 0.205388
LogD3D11RHI: Aftermath initialized
LogPluginManager: Mounting plugin Paper2D
LogPluginManager: Mounting plugin LightPropagationVolume
LogPluginManager: Mounting plugin CodeLiteSourceCodeAccess
LogPluginManager: Mounting plugin GitSourceControl
LogPluginManager: Mounting plugin KDevelopSourceCodeAccess
LogPluginManager: Mounting plugin NullSourceCodeAccess
LogPluginManager: Mounting plugin PerforceSourceControl
LogPluginManager: Mounting plugin SubversionSourceControl
LogPluginManager: Mounting plugin UObjectPlugin
LogPluginManager: Mounting plugin VisualStudioSourceCodeAccess
LogPluginManager: Mounting plugin XCodeSourceCodeAccess
LogPluginManager: Mounting plugin AssetManagerEditor
LogPluginManager: Mounting plugin AudioCapture
LogPluginManager: Mounting plugin FacialAnimation
LogPluginManager: Mounting plugin GameplayTagsEditor
LogPluginManager: Mounting plugin MobileLauncherProfileWizard
LogPluginManager: Mounting plugin PluginBrowser
LogPluginManager: Mounting plugin SpeedTreeImporter
LogPluginManager: Mounting plugin AlembicImporter
LogPluginManager: Mounting plugin CharacterAI
LogPluginManager: Mounting plugin HTML5Networking
LogPluginManager: Mounting plugin AndroidMedia
LogPluginManager: Mounting plugin AvfMedia
LogPluginManager: Mounting plugin MediaPlayerEditor
LogPluginManager: Mounting plugin WmfMedia
LogPluginManager: Mounting plugin TcpMessaging
LogPluginManager: Mounting plugin UdpMessaging
LogPluginManager: Mounting plugin LevelSequenceEditor
LogPluginManager: Mounting plugin MatineeToLevelSequence
LogPluginManager: Mounting plugin OnlineSubsystemGooglePlay
LogPluginManager: Mounting plugin OnlineSubsystemIOS
LogPluginManager: Mounting plugin OnlineSubsystem
LogPluginManager: Mounting plugin OnlineSubsystemNull
LogPluginManager: Mounting plugin OnlineSubsystemUtils
LogPluginManager: Mounting plugin AndroidDeviceProfileSelector
LogPluginManager: Mounting plugin AndroidMoviePlayer
LogPluginManager: Mounting plugin AndroidPermission
LogPluginManager: Mounting plugin AppleMoviePlayer
LogPluginManager: Mounting plugin ArchVisCharacter
LogPluginManager: Mounting plugin CableComponent
LogPluginManager: Mounting plugin CustomMeshComponent
LogPluginManager: Mounting plugin ExampleDeviceProfileSelector
LogPluginManager: Mounting plugin GoogleCloudMessaging
LogPluginManager: Mounting plugin ImmediatePhysics
LogPluginManager: Mounting plugin IOSDeviceProfileSelector
LogPluginManager: Mounting plugin LinuxDeviceProfileSelector
LogPluginManager: Mounting plugin LocationServicesBPLibrary
LogPluginManager: Mounting plugin MobilePatchingUtils
LogPluginManager: Mounting plugin OculusVR
LogPluginManager: Mounting plugin PhysXVehicles
LogPluginManager: Mounting plugin ProceduralMeshComponent
LogPluginManager: Mounting plugin RuntimePhysXCooking
LogPluginManager: Mounting plugin SteamVR
LogPluginManager: Mounting plugin WindowsMoviePlayer
LogInit: Using libcurl 7.47.1
LogInit:  - built for x86_64-pc-win32
LogInit:  - supports SSL with OpenSSL/1.0.2g
LogInit:  - supports HTTP deflate (compression) using libz 1.2.8
LogInit:  - other features:
LogInit:      CURL_VERSION_SSL
LogInit:      CURL_VERSION_LIBZ
LogInit:      CURL_VERSION_IPV6
LogInit:      CURL_VERSION_ASYNCHDNS
LogInit:      CURL_VERSION_LARGEFILE
LogInit:      CURL_VERSION_IDN
LogInit:  CurlRequestOptions (configurable via config and command line):
LogInit:  - bVerifyPeer = false  - Libcurl will NOT verify peer certificate
LogInit:  - bUseHttpProxy = false  - Libcurl will NOT use HTTP proxy
LogInit:  - bDontReuseConnections = false  - Libcurl will reuse connections
LogInit:  - CertBundlePath = nullptr  - Libcurl will use whatever was configured at build time.
LogInit: Build: ++UE4+Release-4.17-CL-3658906
LogInit: Engine Version: 4.17.2-3658906+++UE4+Release-4.17
LogInit: Compatible Engine Version: 4.17.0-3573198+++UE4+Release-4.17
LogInit: Net CL: 3573198
LogDevObjectVersion: Number of dev versions registered: 16
LogDevObjectVersion:   Dev-Blueprints (B0D832E4-1F89-4F0D-ACCF-7EB736FD4AA2): 10
LogDevObjectVersion:   Dev-Build (E1C64328-A22C-4D53-A36C-8E866417BD8C): 0
LogDevObjectVersion:   Dev-Core (375EC13C-06E4-48FB-B500-84F0262A717E): 2
LogDevObjectVersion:   Dev-Editor (E4B068ED-F494-42E9-A231-DA0B2E46BB41): 20
LogDevObjectVersion:   Dev-Framework (CFFC743F-43B0-4480-9391-14DF171D2073): 28
LogDevObjectVersion:   Dev-Mobile (B02B49B5-BB20-44E9-A304-32B752E40360): 0
LogDevObjectVersion:   Dev-Networking (A4E4105C-59A1-49B5-A7C5-40C4547EDFEE): 0
LogDevObjectVersion:   Dev-Online (39C831C9-5AE6-47DC-9A44-9C173E1C8E7C): 0
LogDevObjectVersion:   Dev-Physics (78F01B33-EBEA-4F98-B9B4-84EACCB95AA2): 0
LogDevObjectVersion:   Dev-Platform (6631380F-2D4D-43E0-8009-CF276956A95A): 0
LogDevObjectVersion:   Dev-Rendering (12F88B9F-8875-4AFC-A67C-D90C383ABD29): 19
LogDevObjectVersion:   Dev-Sequencer (7B5AE74C-D270-4C10-A958-57980B212A5A): 4
LogDevObjectVersion:   Dev-VR (D7296918-1DD6-4BDD-9DE2-64A83CC13884): 0
LogDevObjectVersion:   Dev-LoadTimes (C2A15278-BFE7-4AFE-6C17-90FF531DF755): 1
LogDevObjectVersion:   Private-Geometry (6EACA3D4-40EC-4CC1-B786-8BED09428FC5): 1
LogDevObjectVersion:   Dev-AnimPhys (29E575DD-E0A3-4627-9D10-D276232CDCEA): 7
LogInit: Compiled (64-bit): Sep 22 2017 13:47:16
LogInit: Compiled with Visual C++: 19.00.24215.01
LogInit: Build Configuration: Development
LogInit: Branch Name: ++UE4+Release-4.17
LogInit: Command line:  
LogInit: Base directory: C:/Program Files (x86)/Epic Games/UE_4.17/Engine/Binaries/Win64/
LogInit: Installed Engine Build: 1
LogInit: Presizing for max 8388607 objects, including 0 objects not considered by GC, pre-allocating 0 bytes for permanent pool.
LogInit: Object subsystem initialized
[2017.11.25-10.10.07:671][  0]LogInit: Selected Device Profile: [Windows]
[2017.11.25-10.10.07:671][  0]LogInit: Applying CVar settings loaded from the selected device profile: [Windows]
[2017.11.25-10.10.09:024][  0]LogInit: Computer: DESKTOP-5B7AHPE
[2017.11.25-10.10.09:025][  0]LogInit: User: AshishGosain
[2017.11.25-10.10.09:025][  0]LogInit: CPU Page size=4096, Cores=4
[2017.11.25-10.10.09:025][  0]LogInit: High frequency timer resolution =3.125009 MHz
[2017.11.25-10.10.09:025][  0]LogMemory: Memory total: Physical=15.9GB (16GB approx)
[2017.11.25-10.10.09:054][  0]LogMemory: Platform Memory Stats for Windows
[2017.11.25-10.10.09:054][  0]LogMemory: Process Physical Memory: 279.07 MB used, 279.07 MB peak
[2017.11.25-10.10.09:054][  0]LogMemory: Process Virtual Memory: 282.27 MB used, 282.27 MB peak
[2017.11.25-10.10.09:054][  0]LogMemory: Physical Memory: 10555.48 MB used,  5756.52 MB free, 16312.00 MB total
[2017.11.25-10.10.09:054][  0]LogMemory: Virtual Memory: 709.52 MB used,  5756.52 MB free, 134217728.00 MB total
[2017.11.25-10.10.12:790][  0]LogInit: Using OS detected language (en-US).
[2017.11.25-10.10.12:790][  0]LogInit: Using OS detected locale (en-AU).
[2017.11.25-10.10.13:166][  0]LogTextLocalizationManager: No specific localization for 'en-US' exists, so the 'en' localization will be used.
[2017.11.25-10.10.20:557][  0]LogD3D11RHI: D3D11 adapters:
[2017.11.25-10.10.20:639][  0]LogD3D11RHI:    0. 'NVIDIA GeForce GTX 1060 6GB' (Feature Level 11_0)
[2017.11.25-10.10.20:639][  0]LogD3D11RHI:       6061/0/8155 MB DedicatedVideo/DedicatedSystem/SharedSystem, Outputs:2, VendorId:0x10de
[2017.11.25-10.10.20:658][  0]LogD3D11RHI:    1. 'Microsoft Basic Render Driver' (Feature Level 11_0)
[2017.11.25-10.10.20:658][  0]LogD3D11RHI:       0/0/8155 MB DedicatedVideo/DedicatedSystem/SharedSystem, Outputs:0, VendorId:0x1414
[2017.11.25-10.10.20:658][  0]LogD3D11RHI: Chosen D3D11 Adapter: 0
[2017.11.25-10.10.20:672][  0]LogD3D11RHI: Creating new Direct3DDevice
[2017.11.25-10.10.20:672][  0]LogD3D11RHI:     GPU DeviceId: 0x1c03 (for the marketing name, search the web for "GPU Device Id")
[2017.11.25-10.10.20:672][  0]LogWindows: EnumDisplayDevices:
[2017.11.25-10.10.20:672][  0]LogWindows:    0. 'NVIDIA GeForce GTX 1060 6GB' (P:1 D:1)
[2017.11.25-10.10.20:672][  0]LogWindows:    1. 'NVIDIA GeForce GTX 1060 6GB' (P:0 D:1)
[2017.11.25-10.10.20:672][  0]LogWindows:    2. 'NVIDIA GeForce GTX 1060 6GB' (P:0 D:0)
[2017.11.25-10.10.20:672][  0]LogWindows:    3. 'NVIDIA GeForce GTX 1060 6GB' (P:0 D:0)
[2017.11.25-10.10.20:672][  0]LogWindows: DebugString: GetVideoDriverDetailsInvalid PrimaryIsNotTheChoosenAdapter GetVideoDriverDetailsInvalid PrimaryIsNotTheChoosenAdapter GetVideoDriverDetailsInvalid PrimaryIsNotTheChoosenAdapter GetVideoDriverDetailsInvalid PrimaryIsNotTheChoosenAdapter FoundDriverCount:0 
[2017.11.25-10.10.20:672][  0]LogD3D11RHI:     Adapter Name: NVIDIA GeForce GTX 1060 6GB
[2017.11.25-10.10.20:672][  0]LogD3D11RHI:   Driver Version: Unknown (internal:Unknown, unified:Unknown)
[2017.11.25-10.10.20:672][  0]LogD3D11RHI:      Driver Date: Unknown
[2017.11.25-10.10.20:672][  0]LogRHI: Texture pool is 1361 MB (70% of 1945 MB)
[2017.11.25-10.10.20:711][  0]LogD3D11RHI: Async texture creation enabled
[2017.11.25-10.10.21:379][  0]LogD3D11RHI: GPU Timing Frequency: 1000.000000 (Debug: 2 2)
[2017.11.25-10.10.21:576][  0]LogShaderCompilers: Guid format shader working directory is -18 characters bigger than the processId version (../../../../../../Users/Ashish Gosain/Documents/HereAfter/GreyBox_Level1/Intermediate/Shaders/WorkingDirectory/7072/).
[2017.11.25-10.10.21:576][  0]LogShaderCompilers: Cleaned the shader compiler working directory 'C:/Users/Ashish Gosain/AppData/Local/Temp/UnrealShaderWorkingDir/6AAC053C4DC2DDC4EA297699368B12C1/'.
[2017.11.25-10.10.21:602][  0]LogShaderCompilers: Display: Using Local Shader Compiler.
[2017.11.25-10.10.29:298][  0]LogTemp: Display: Loaded TP AllDesktopTargetPlatform
[2017.11.25-10.10.29:360][  0]LogTemp: Display: Loaded TP MacClientTargetPlatform
[2017.11.25-10.10.29:433][  0]LogTemp: Display: Loaded TP MacNoEditorTargetPlatform
[2017.11.25-10.10.29:493][  0]LogTemp: Display: Loaded TP MacServerTargetPlatform
[2017.11.25-10.10.29:581][  0]LogTemp: Display: Loaded TP MacTargetPlatform
[2017.11.25-10.10.29:654][  0]LogTemp: Display: Loaded TP WindowsClientTargetPlatform
[2017.11.25-10.10.29:713][  0]LogTemp: Display: Loaded TP WindowsNoEditorTargetPlatform
[2017.11.25-10.10.29:781][  0]LogTemp: Display: Loaded TP WindowsServerTargetPlatform
[2017.11.25-10.10.29:897][  0]LogTemp: Display: Loaded TP WindowsTargetPlatform
[2017.11.25-10.10.30:048][  0]LogTemp: Display: Loaded TP AndroidTargetPlatform
[2017.11.25-10.10.30:111][  0]LogTemp: Display: Loaded TP Android_ASTCTargetPlatform
[2017.11.25-10.10.30:182][  0]LogTemp: Display: Loaded TP Android_ATCTargetPlatform
[2017.11.25-10.10.30:248][  0]LogTemp: Display: Loaded TP Android_DXTTargetPlatform
[2017.11.25-10.10.30:307][  0]LogTemp: Display: Loaded TP Android_ETC1TargetPlatform
[2017.11.25-10.10.30:367][  0]LogTemp: Display: Loaded TP Android_ETC2TargetPlatform
[2017.11.25-10.10.30:473][  0]LogTemp: Display: Loaded TP Android_MultiTargetPlatform
[2017.11.25-10.10.30:473][  0]LogTemp: Display: Loaded TP Android_PVRTCTargetPlatform
[2017.11.25-10.10.30:518][  0]LogTemp: Display: Loaded TP HTML5TargetPlatform
[2017.11.25-10.10.30:664][  0]LogTemp: Display: Loaded TP IOSTargetPlatform
[2017.11.25-10.10.30:706][  0]LogTemp: Display: Loaded TP TVOSTargetPlatform
[2017.11.25-10.10.30:775][  0]LogTemp: Display: Loaded TP LinuxClientTargetPlatform
[2017.11.25-10.10.30:832][  0]LogTemp: Display: Loaded TP LinuxNoEditorTargetPlatform
[2017.11.25-10.10.30:900][  0]LogTemp: Display: Loaded TP LinuxServerTargetPlatform
[2017.11.25-10.10.30:962][  0]LogTemp: Display: Loaded TP LinuxTargetPlatform
[2017.11.25-10.10.30:968][  0]LogTargetPlatformManager: Display: Building Assets For Windows
[2017.11.25-10.10.32:242][  0]LogDerivedDataCache: Display: Max Cache Size: 512 MB
[2017.11.25-10.10.32:849][  0]LogDerivedDataCache: Loaded boot cache 0.61s 93MB C:/Users/Ashish Gosain/AppData/Local/UnrealEngine/4.17/DerivedDataCache/Boot.ddc.
[2017.11.25-10.10.32:849][  0]LogDerivedDataCache: Display: Loaded Boot cache: C:/Users/Ashish Gosain/AppData/Local/UnrealEngine/4.17/DerivedDataCache/Boot.ddc
[2017.11.25-10.10.32:849][  0]LogDerivedDataCache: FDerivedDataBackendGraph:  Pak pak cache file ../../../../../../Users/Ashish Gosain/Documents/HereAfter/GreyBox_Level1/DerivedDataCache/DDC.ddp not found, will not use a pak cache.
[2017.11.25-10.10.32:849][  0]LogDerivedDataCache: Unable to find inner node Pak for hierarchical cache Hierarchy.
[2017.11.25-10.10.32:849][  0]LogDerivedDataCache: FDerivedDataBackendGraph:  CompressedPak pak cache file ../../../../../../Users/Ashish Gosain/Documents/HereAfter/GreyBox_Level1/DerivedDataCache/Compressed.ddp not found, will not use a pak cache.
[2017.11.25-10.10.32:849][  0]LogDerivedDataCache: Unable to find inner node CompressedPak for hierarchical cache Hierarchy.
[2017.11.25-10.10.32:948][  0]LogDerivedDataCache: Display: Pak cache opened for reading ../../../Engine/DerivedDataCache/Compressed.ddp.
[2017.11.25-10.10.32:990][  0]LogDerivedDataCache: Using Local data cache path C:/Users/Ashish Gosain/AppData/Local/UnrealEngine/Common/DerivedDataCache: Writable
[2017.11.25-10.10.33:154][  0]LogMaterial: Verifying Global Shaders for PCD3D_SM5
[2017.11.25-10.10.33:259][  0]LogSlate: Using Freetype 2.6.0
[2017.11.25-10.10.33:355][  0]LogSlate: SlateFontCache - WITH_FREETYPE: 1, WITH_HARFBUZZ: 1
[2017.11.25-10.10.33:365][  0]LogSlate: SlateFontCache - WITH_FREETYPE: 1, WITH_HARFBUZZ: 1
[2017.11.25-10.10.42:796][  0]LogAssetRegistry: FAssetRegistry took 0.0600 seconds to start up
[2017.11.25-10.10.45:521][  0]LogInit: Selected Device Profile: [Windows]
[2017.11.25-10.10.52:033][  0]LogContentStreaming: Texture pool size is 0.00 MB
[2017.11.25-10.10.53:307][  0]LogSimplygon: Simplygon DLL not present - disabling.
[2017.11.25-10.10.53:351][  0]LogMeshReduction: Using SimplygonSwarm for distributed automatic mesh merging
[2017.11.25-10.10.53:351][  0]LogMeshReduction: Using QuadricMeshReduction for automatic static mesh reduction
[2017.11.25-10.10.53:351][  0]LogMeshReduction: No automatic skeletal mesh reduction module available
[2017.11.25-10.10.53:351][  0]LogMeshReduction: No automatic mesh merging module available
[2017.11.25-10.10.53:351][  0]LogMeshMerging: No automatic mesh merging module available
[2017.11.25-10.10.58:943][  0]LogNetVersion: GreyBox_Level1 , NetCL: 3573198, EngineNetVer: 2, GameNetVer: 0 (Checksum: 2619429060)
[2017.11.25-10.11.02:455][  0]LogPackageLocalizationCache: Processed 5 localized package path(s) for 2 prioritized culture(s) in 0.211910 seconds
[2017.11.25-10.11.02:560][  0]LogUObjectArray: 35825 objects as part of root set at end of initial load.
[2017.11.25-10.11.02:560][  0]LogUObjectAllocator: 7529104 out of 0 bytes used by permanent object pool.
[2017.11.25-10.11.02:579][  0]LogUObjectArray: CloseDisregardForGC: 0/0 objects in disregard for GC pool
[2017.11.25-10.11.02:671][  0]LogInit: WinSock: version 1.1 (2.2), MaxSocks=32767, MaxUdp=65467
[2017.11.25-10.11.36:511][  0]LogTcpMessaging: Initializing TcpMessaging bridge
[2017.11.25-10.11.36:619][  0]LogUdpMessaging: Initializing bridge on interface 0.0.0.0:0 to multicast group 230.0.0.1:6666.
[2017.11.25-10.11.38:987][  0]LogMaterial: Uniform references updated for custom material expression Custom.
[2017.11.25-10.11.40:266][  0]SourceControl: Source control is disabled
[2017.11.25-10.11.40:267][  0]SourceControl: Source control is disabled
[2017.11.25-10.11.40:366][  0]SourceControl: Source control is disabled
[2017.11.25-10.11.40:436][  0]SourceControl: Source control is disabled
[2017.11.25-10.11.43:464][  0]LogAndroidPermission: UAndroidPermissionCallbackProxy::GetInstance
[2017.11.25-10.11.43:930][  0]LogOcInput: OculusInput pre-init called
[2017.11.25-10.11.44:880][  0]LogEngine: Initializing Engine...
[2017.11.25-10.11.44:967][  0]LogHMD: Failed to initialize OpenVR with code 110
[2017.11.25-10.11.46:200][  0]LogStats: UGameplayTagsManager::ConstructGameplayTagTree: Construct from data asset -  0.000 s
[2017.11.25-10.11.46:200][  0]LogStats: UGameplayTagsManager::ConstructGameplayTagTree: GameplayTagTreeChangedEvent.Broadcast -  0.000 s
[2017.11.25-10.11.47:143][  0]LogAIModule: Creating AISystem for world Untitled
[2017.11.25-10.11.47:502][  0]LogInit: XAudio2 using 'Speakers / Headphones (Plantronics HD1)' : 6 channels at 48 kHz using 24 bits per sample (channel mask 0x3f)
[2017.11.25-10.11.47:577][  0]LogInit: FAudioDevice initialized.
[2017.11.25-10.11.47:876][  0]LogDerivedDataCache: Saved boot cache 0.28s 93MB C:/Users/Ashish Gosain/AppData/Local/UnrealEngine/4.17/DerivedDataCache/Boot.ddc.
[2017.11.25-10.11.47:887][  0]LogInit: Texture streaming: Enabled
[2017.11.25-10.11.48:562][  0]LogEngineSessionManager: EngineSessionManager initialized
[2017.11.25-10.11.50:118][  0]LogInit: Transaction tracking system initialized
[2017.11.25-10.11.53:398][  0]BlueprintLog: New page: Editor Load
[2017.11.25-10.12.00:298][  0]LocalizationService: Localization service is disabled
[2017.11.25-10.12.04:361][  0]LogConsoleResponse: Display: 
[2017.11.25-10.12.14:597][  0]LogFileCache: Scanning file cache for directory 'C:/Users/Ashish Gosain/Documents/HereAfter/GreyBox_Level1/Content/' took 0.08s
[2017.11.25-10.12.14:597][  0]LogCook: Display: Max memory allowance for cook 16384mb min free memory 0mb
[2017.11.25-10.12.14:598][  0]LogCook: Display: Mobile HDR setting 1
[2017.11.25-10.12.14:796][  0]LogGameplayTags: Display: UGameplayTagsManager::DoneAddingNativeTags. DelegateIsBound: 0
[2017.11.25-10.12.23:138][  0]SourceControl: Source control is disabled
[2017.11.25-10.12.23:308][  0]Cmd: MAP LOAD FILE="../../../../../../Users/Ashish Gosain/Documents/HereAfter/GreyBox_Level1/Content/FirstPersonBP/Maps/FirstPersonExampleMap.umap" TEMPLATE=0 SHOWPROGRESS=1 FEATURELEVEL=3
[2017.11.25-10.12.23:507][  0]LightingResults: New page: Lighting Build
[2017.11.25-10.12.24:260][  0]MapCheck: New page: Map Check
[2017.11.25-10.12.24:260][  0]LightingResults: New page: Lighting Build
[2017.11.25-10.12.52:172][  0]LogAIModule: Creating AISystem for world FirstPersonExampleMap
[2017.11.25-10.13.00:226][  0]LogEditorServer: Finished looking for orphan Actors (0.000 secs)
[2017.11.25-10.13.02:748][  0]Cmd: MAP CHECKDEP NOCLEARLOG
[2017.11.25-10.13.02:962][  0]MapCheck: Map check complete: 0 Error(s), 0 Warning(s), took 213.806ms to complete.
[2017.11.25-10.13.03:052][  0]LogFileHelpers: Loading map 'FirstPersonExampleMap' took 39.781
[2017.11.25-10.13.14:492][  0]LogCollectionManager: Loaded 0 collections in 0.001328 seconds
[2017.11.25-10.13.15:299][  0]LogFileCache: Scanning file cache for directory 'C:/Users/Ashish Gosain/Documents/HereAfter/GreyBox_Level1/Saved/Collections/' took 0.01s
[2017.11.25-10.13.15:299][  0]LogFileCache: Scanning file cache for directory 'C:/Users/Ashish Gosain/Documents/HereAfter/GreyBox_Level1/Content/Developers/AshishGosain/Collections/' took 0.01s
[2017.11.25-10.13.15:299][  0]LogFileCache: Scanning file cache for directory 'C:/Users/Ashish Gosain/Documents/HereAfter/GreyBox_Level1/Content/Collections/' took 0.01s
[2017.11.25-10.13.15:299][  0]LogCollectionManager: Rebuilt the GUID cache for 0 collections in 0.000000 seconds
[2017.11.25-10.13.15:437][  0]LogContentBrowser: Native class hierarchy populated in 0.0964 seconds. Added 2386 classes and 500 folders.
[2017.11.25-10.13.16:038][  0]LogContentBrowser: Native class hierarchy updated for 'WidgetCarousel' in 0.0007 seconds. Added 0 classes and 0 folders.
[2017.11.25-10.13.24:206][  0]LogContentBrowser: Native class hierarchy updated for 'AddContentDialog' in 0.0007 seconds. Added 0 classes and 0 folders.
[2017.11.25-10.13.25:075][  0]LogContentBrowser: Native class hierarchy updated for 'SceneOutliner' in 0.0007 seconds. Added 1 classes and 2 folders.
[2017.11.25-10.13.30:623][  0]LogSlate: Took 0.142863 seconds to synchronously load lazily loaded font '../../../Engine/Content/Slate/Fonts/Roboto-Regular.ttf' (155K)
[2017.11.25-10.13.30:674][  0]LogSlate: Took 0.015347 seconds to synchronously load lazily loaded font '../../../Engine/Content/Slate/Fonts/Roboto-Bold.ttf' (160K)
[2017.11.25-10.13.30:950][  0]LogSlate: Took 0.096897 seconds to synchronously load lazily loaded font '../../../Engine/Content/Editor/Slate/Fonts/FontAwesome.ttf' (139K)
[2017.11.25-10.13.33:911][  0]LogRenderer: Reallocating scene render targets to support 1360x656 Format 10 NumSamples 1 (Frame:1).
[2017.11.25-10.13.39:941][  0]LogContentBrowser: Native class hierarchy updated for 'HierarchicalLODOutliner' in 0.0009 seconds. Added 1 classes and 2 folders.
[2017.11.25-10.13.39:941][  0]LogLoad: (Engine Initialization) Total time: 220.95 seconds
[2017.11.25-10.13.39:941][  0]LogLoad: (Engine Initialization) Total Blueprint compile time: 0.00 seconds
[2017.11.25-10.13.40:017][  0]LogExternalProfiler: Found external profiler: VSPerf
[2017.11.25-10.13.40:017][  0]LogExternalProfiler: Using external profiler: VSPerf
[2017.11.25-10.13.42:507][  0]LogContentStreaming: Texture pool size now 1000 MB
[2017.11.25-10.13.45:472][  4]LogAssetRegistry: Asset discovery search completed in 182.7130 seconds
[2017.11.25-10.13.45:722][  4]LogCollectionManager: Rebuilt the object cache for 0 collections in 0.000001 seconds (found 0 objects)
[2017.11.25-10.13.45:828][  4]LogCollectionManager: Fixed up redirectors for 0 collections in 0.072952 seconds (updated 0 objects)
[2017.11.25-10.13.51:437][ 10]LogSlate: Took 0.033988 seconds to synchronously load lazily loaded font '../../../Engine/Content/Slate/Fonts/Roboto-Light.ttf' (159K)
[2017.11.25-10.13.52:511][ 11]LogSynthBenchmark: Display: FSynthBenchmark (V0.95):  requested WorkScale=5.00
[2017.11.25-10.13.52:512][ 11]LogSynthBenchmark: Display: ===============
[2017.11.25-10.13.52:512][ 11]LogSynthBenchmark: Display: Main Processor:
[2017.11.25-10.13.52:764][ 11]LogSynthBenchmark: Display:          ... 0.027186 s/Run 'RayIntersect'
[2017.11.25-10.13.52:764][ 11]LogSynthBenchmark: Display:          ... 0.023313 s/Run 'Fractal'
[2017.11.25-10.13.52:764][ 11]LogSynthBenchmark: Display: 
[2017.11.25-10.13.52:764][ 11]LogSynthBenchmark: Display:   CompiledTarget_x_Bits: 64
[2017.11.25-10.13.52:764][ 11]LogSynthBenchmark: Display:   UE_BUILD_SHIPPING: 0
[2017.11.25-10.13.52:764][ 11]LogSynthBenchmark: Display:   UE_BUILD_TEST: 0
[2017.11.25-10.13.52:764][ 11]LogSynthBenchmark: Display:   UE_BUILD_DEBUG: 0
[2017.11.25-10.13.52:764][ 11]LogSynthBenchmark: Display:   TotalPhysicalGBRam: 16
[2017.11.25-10.13.52:764][ 11]LogSynthBenchmark: Display:   NumberOfCores (physical): 4
[2017.11.25-10.13.52:764][ 11]LogSynthBenchmark: Display:   NumberOfCores (logical): 4
[2017.11.25-10.13.52:765][ 11]LogSynthBenchmark: Display:   CPU Perf Index 0: 94.2 (weight 1.00)
[2017.11.25-10.13.52:765][ 11]LogSynthBenchmark: Display:   CPU Perf Index 1: 122.7 (weight 1.50)
[2017.11.25-10.13.52:765][ 11]LogSynthBenchmark: Display:  
[2017.11.25-10.13.52:765][ 11]LogSynthBenchmark: Display: Graphics:
[2017.11.25-10.13.52:765][ 11]LogSynthBenchmark: Display:   Adapter Name: 'NVIDIA GeForce GTX 1060 6GB'
[2017.11.25-10.13.52:765][ 11]LogSynthBenchmark: Display:   (On Optimus the name might be wrong, memory should be ok)
[2017.11.25-10.13.52:765][ 11]LogSynthBenchmark: Display:   Vendor Id: 0x10DE
[2017.11.25-10.13.52:765][ 11]LogSynthBenchmark: Display:   Device Id: 0x1C03
[2017.11.25-10.13.52:765][ 11]LogSynthBenchmark: Display:   Device Revision: 0xA1
[2017.11.25-10.13.52:765][ 11]LogSynthBenchmark: Display:   GPU Memory: 6061/0/8156 MB
[2017.11.25-10.13.52:896][ 11]LogSynthBenchmark: Display:   GPU first test: 0.01s
[2017.11.25-10.13.52:896][ 11]LogSynthBenchmark: Display:          ... 7.125 s/GigaPix, Confidence=100% 'ALUHeavyNoise' (likely to be very inaccurate)
[2017.11.25-10.13.52:896][ 11]LogSynthBenchmark: Display:          ... 6.245 s/GigaPix, Confidence=100% 'TexHeavy' (likely to be very inaccurate)
[2017.11.25-10.13.52:896][ 11]LogSynthBenchmark: Display:          ... 5.205 s/GigaPix, Confidence=100% 'DepTexHeavy' (likely to be very inaccurate)
[2017.11.25-10.13.52:896][ 11]LogSynthBenchmark: Display:          ... 25.302 s/GigaPix, Confidence=89% 'FillOnly' (likely to be very inaccurate)
[2017.11.25-10.13.52:896][ 11]LogSynthBenchmark: Display:          ... 0.967 s/GigaPix, Confidence=100% 'Bandwidth' (likely to be very inaccurate)
[2017.11.25-10.13.52:896][ 11]LogSynthBenchmark: Display:          ... 7.218 s/GigaVert, Confidence=89% 'VertThroughPut1' (likely to be very inaccurate)
[2017.11.25-10.13.52:896][ 11]LogSynthBenchmark: Display:          ... 6.660 s/GigaVert, Confidence=100% 'VertThroughPut2' (likely to be very inaccurate)
[2017.11.25-10.13.53:046][ 11]LogSynthBenchmark: Display:   GPU second test: 0.11s
[2017.11.25-10.13.53:046][ 11]LogSynthBenchmark: Display:          ... 9.174 s/GigaPix, Confidence=89% 'ALUHeavyNoise' (likely to be inaccurate)
[2017.11.25-10.13.53:046][ 11]LogSynthBenchmark: Display:          ... 7.515 s/GigaPix, Confidence=100% 'TexHeavy' (likely to be inaccurate)
[2017.11.25-10.13.53:046][ 11]LogSynthBenchmark: Display:          ... 6.930 s/GigaPix, Confidence=89% 'DepTexHeavy' (likely to be inaccurate)
[2017.11.25-10.13.53:046][ 11]LogSynthBenchmark: Display:          ... 40.925 s/GigaPix, Confidence=100% 'FillOnly' (likely to be inaccurate)
[2017.11.25-10.13.53:047][ 11]LogSynthBenchmark: Display:          ... 1.020 s/GigaPix, Confidence=89% 'Bandwidth' (likely to be inaccurate)
[2017.11.25-10.13.53:047][ 11]LogSynthBenchmark: Display:          ... 4.200 s/GigaVert, Confidence=89% 'VertThroughPut1' (likely to be inaccurate)
[2017.11.25-10.13.53:047][ 11]LogSynthBenchmark: Display:          ... 5.593 s/GigaVert, Confidence=89% 'VertThroughPut2' (likely to be inaccurate)
[2017.11.25-10.13.53:047][ 11]LogSynthBenchmark: Display:   GPU Final Results:
[2017.11.25-10.13.53:047][ 11]LogSynthBenchmark: Display:          ... 9.174 s/GigaPix, Confidence=89% 'ALUHeavyNoise'
[2017.11.25-10.13.53:047][ 11]LogSynthBenchmark: Display:          ... 7.515 s/GigaPix, Confidence=100% 'TexHeavy'
[2017.11.25-10.13.53:047][ 11]LogSynthBenchmark: Display:          ... 6.930 s/GigaPix, Confidence=89% 'DepTexHeavy'
[2017.11.25-10.13.53:047][ 11]LogSynthBenchmark: Display:          ... 40.925 s/GigaPix, Confidence=100% 'FillOnly'
[2017.11.25-10.13.53:047][ 11]LogSynthBenchmark: Display:          ... 1.020 s/GigaPix, Confidence=89% 'Bandwidth'
[2017.11.25-10.13.53:047][ 11]LogSynthBenchmark: Display:          ... 4.200 s/GigaVert, Confidence=89% 'VertThroughPut1'
[2017.11.25-10.13.53:047][ 11]LogSynthBenchmark: Display:          ... 5.593 s/GigaVert, Confidence=89% 'VertThroughPut2'
[2017.11.25-10.13.53:047][ 11]LogSynthBenchmark: Display: 
[2017.11.25-10.13.53:047][ 11]LogSynthBenchmark: Display:   GPU Perf Index 0: 199.4 (weight 1.00)
[2017.11.25-10.13.53:047][ 11]LogSynthBenchmark: Display:   GPU Perf Index 1: 100.9 (weight 0.10)
[2017.11.25-10.13.53:047][ 11]LogSynthBenchmark: Display:   GPU Perf Index 2: 180.1 (weight 0.10)
[2017.11.25-10.13.53:047][ 11]LogSynthBenchmark: Display:   GPU Perf Index 3: 160.7 (weight 3.00)
[2017.11.25-10.13.53:047][ 11]LogSynthBenchmark: Display:   GPU Perf Index 4: 95.2 (weight 1.00)
[2017.11.25-10.13.53:047][ 11]LogSynthBenchmark: Display:   GPU Perf Index 5: 273.3 (weight 0.00)
[2017.11.25-10.13.53:047][ 11]LogSynthBenchmark: Display:   GPU Perf Index 6: 316.5 (weight 0.00)
[2017.11.25-10.13.53:047][ 11]LogSynthBenchmark: Display:   CPUIndex: 111.3
[2017.11.25-10.13.53:047][ 11]LogSynthBenchmark: Display:   GPUIndex: 154.8
[2017.11.25-10.13.53:047][ 11]LogSynthBenchmark: Display: 
[2017.11.25-10.13.53:047][ 11]LogSynthBenchmark: Display:          ... Total Time: 0.535403 sec
[2017.11.25-11.19.05:955][745]LogEditorViewport: Clicking on Actor (LMB): StaticMeshActor (Wall1)
[2017.11.25-11.42.24:466][979]LogWindowsTextInputMethodSystem: Display: IME system now deactivated.
[2017.11.25-11.42.25:258][980]Cmd: QUIT_EDITOR
[2017.11.25-11.42.25:689][980]LogExit: Preparing to exit.
[2017.11.25-11.42.27:196][980]LogDirectoryWatcher: A directory notification for 'C:/Users/Ashish Gosain/Documents/HereAfter/GreyBox_Level1/Content/' was aborted.
[2017.11.25-11.42.27:824][980]LogExit: Editor shut down
[2017.11.25-11.42.27:853][980]LogExit: Transaction tracking system shut down
[2017.11.25-11.42.28:242][980]LogDirectoryWatcher: A directory notification for '../../../Engine/Content/' was aborted.
[2017.11.25-11.42.28:242][980]LogDirectoryWatcher: A directory notification for '../../../../../../Users/Ashish Gosain/Documents/HereAfter/GreyBox_Level1/Content/' was aborted.
[2017.11.25-11.42.28:242][980]LogDirectoryWatcher: A directory notification for '../../../Engine/Plugins/2D/Paper2D/Content/' was aborted.
[2017.11.25-11.42.28:242][980]LogDirectoryWatcher: A directory notification for '../../../Engine/Plugins/Runtime/Oculus/OculusVR/Content/' was aborted.
[2017.11.25-11.42.28:243][980]LogDirectoryWatcher: A directory notification for '../../../Engine/Plugins/Runtime/Steam/SteamVR/Content/' was aborted.
[2017.11.25-11.42.31:305][980]LogExit: Object subsystem successfully closed.
[2017.11.25-11.42.32:204][980]LogD3D11RHI: Shutdown
[2017.11.25-11.42.32:206][980]LogD3D11RHI: CleanupD3DDevice
[2017.11.25-11.42.32:595][980]LogD3D11RHI: ~FD3D11DynamicRHI
[2017.11.25-11.42.33:577][980]LogModuleManager: Shutting down and abandoning module SynthBenchmark (532)
[2017.11.25-11.42.33:578][980]LogModuleManager: Shutting down and abandoning module HierarchicalLODOutliner (530)
[2017.11.25-11.42.33:578][980]LogModuleManager: Shutting down and abandoning module SceneOutliner (528)
[2017.11.25-11.42.33:587][980]LogModuleManager: Shutting down and abandoning module AddContentDialog (526)
[2017.11.25-11.42.33:609][980]LogDirectoryWatcher: A directory notification for 'C:/Program Files (x86)/Epic Games/UE_4.17/FeaturePacks/' was aborted.
[2017.11.25-11.42.33:615][980]LogModuleManager: Shutting down and abandoning module WidgetCarousel (525)
[2017.11.25-11.42.33:615][980]LogModuleManager: Shutting down and abandoning module EditorWidgets (522)
[2017.11.25-11.42.33:615][980]LogModuleManager: Shutting down and abandoning module CollectionManager (520)
[2017.11.25-11.42.33:624][980]LogDirectoryWatcher: A directory notification for 'C:/Users/Ashish Gosain/Documents/HereAfter/GreyBox_Level1/Content/Collections/' was aborted.
[2017.11.25-11.42.33:624][980]LogDirectoryWatcher: A directory notification for 'C:/Users/Ashish Gosain/Documents/HereAfter/GreyBox_Level1/Content/Developers/AshishGosain/Collections/' was aborted.
[2017.11.25-11.42.33:624][980]LogDirectoryWatcher: A directory notification for 'C:/Users/Ashish Gosain/Documents/HereAfter/GreyBox_Level1/Saved/Collections/' was aborted.
[2017.11.25-11.42.33:624][980]LogModuleManager: Shutting down and abandoning module StatsViewer (518)
[2017.11.25-11.42.33:632][980]LogModuleManager: Shutting down and abandoning module FoliageEdit (516)
[2017.11.25-11.42.33:632][980]LogModuleManager: Shutting down and abandoning module LandscapeEditor (514)
[2017.11.25-11.42.33:647][980]LogModuleManager: Shutting down and abandoning module MeshPaintMode (512)
[2017.11.25-11.42.33:655][980]LogModuleManager: Shutting down and abandoning module SceneDepthPickerMode (510)
[2017.11.25-11.42.33:655][980]LogModuleManager: Shutting down and abandoning module ActorPickerMode (508)
[2017.11.25-11.42.33:655][980]LogModuleManager: Shutting down and abandoning module GeometryMode (506)
[2017.11.25-11.42.33:655][980]LogModuleManager: Shutting down and abandoning module TextureAlignMode (504)
[2017.11.25-11.42.33:655][980]LogModuleManager: Shutting down and abandoning module BspMode (502)
[2017.11.25-11.42.33:665][980]LogModuleManager: Shutting down and abandoning module PIEPreviewDeviceProfileSelector (500)
[2017.11.25-11.42.33:665][980]LogModuleManager: Shutting down and abandoning module HardwareSurvey (498)
[2017.11.25-11.42.33:665][980]LogModuleManager: Shutting down and abandoning module SequenceRecorderSections (496)
[2017.11.25-11.42.33:669][980]LogModuleManager: Shutting down and abandoning module AutomationWorker (494)
[2017.11.25-11.42.33:679][980]LogModuleManager: Shutting down and abandoning module MatineeToLevelSequence (492)
[2017.11.25-11.42.33:690][980]LogModuleManager: Shutting down and abandoning module LevelSequenceEditor (490)
[2017.11.25-11.42.33:710][980]LogModuleManager: Shutting down and abandoning module PlacementMode (489)
[2017.11.25-11.42.33:710][980]LogModuleManager: Shutting down and abandoning module WmfMediaFactory (486)
[2017.11.25-11.42.33:710][980]LogModuleManager: Shutting down and abandoning module WmfMediaEditor (484)
[2017.11.25-11.42.33:710][980]LogModuleManager: Shutting down and abandoning module AvfMediaFactory (482)
[2017.11.25-11.42.33:710][980]LogModuleManager: Shutting down and abandoning module AvfMediaEditor (480)
[2017.11.25-11.42.33:710][980]LogModuleManager: Shutting down and abandoning module AndroidMediaFactory (478)
[2017.11.25-11.42.33:710][980]LogModuleManager: Shutting down and abandoning module Media (477)
[2017.11.25-11.42.33:710][980]LogModuleManager: Shutting down and abandoning module AndroidMediaEditor (474)
[2017.11.25-11.42.33:710][980]LogModuleManager: Shutting down and abandoning module CharacterAI (472)
[2017.11.25-11.42.33:710][980]LogModuleManager: Shutting down and abandoning module AudioCapture (470)
[2017.11.25-11.42.33:710][980]LogModuleManager: Shutting down and abandoning module SequenceRecorder (469)
[2017.11.25-11.42.33:720][980]LogModuleManager: Shutting down and abandoning module SmartSnapping (466)
[2017.11.25-11.42.33:720][980]LogModuleManager: Shutting down and abandoning module SessionServices (464)
[2017.11.25-11.42.33:720][980]LogModuleManager: Shutting down and abandoning module ViewportSnapping (462)
[2017.11.25-11.42.33:721][980]LogModuleManager: Shutting down and abandoning module ViewportInteraction (460)
[2017.11.25-11.42.33:721][980]LogModuleManager: Shutting down and abandoning module ClothPainter (458)
[2017.11.25-11.42.33:739][980]LogModuleManager: Shutting down and abandoning module LogVisualizer (456)
[2017.11.25-11.42.33:752][980]LogModuleManager: Shutting down and abandoning module IntroTutorials (454)
[2017.11.25-11.42.33:763][980]LogModuleManager: Shutting down and abandoning module GameProjectGeneration (453)
[2017.11.25-11.42.33:778][980]LogModuleManager: Shutting down and abandoning module IOSPlatformEditor (450)
[2017.11.25-11.42.33:788][980]LogModuleManager: Shutting down and abandoning module HTML5PlatformEditor (448)
[2017.11.25-11.42.33:788][980]LogModuleManager: Shutting down and abandoning module AndroidPlatformEditor (446)
[2017.11.25-11.42.33:788][980]LogModuleManager: Shutting down and abandoning module AndroidDeviceDetection (445)
[2017.11.25-11.42.34:270][980]LogModuleManager: Shutting down and abandoning module WindowsPlatformEditor (442)
[2017.11.25-11.42.34:270][980]LogModuleManager: Shutting down and abandoning module IOSRuntimeSettings (440)
[2017.11.25-11.42.34:270][980]LogModuleManager: Shutting down and abandoning module AndroidRuntimeSettings (438)
[2017.11.25-11.42.34:270][980]LogModuleManager: Shutting down and abandoning module InputBindingEditor (436)
[2017.11.25-11.42.34:287][980]LogModuleManager: Shutting down and abandoning module MergeActors (434)
[2017.11.25-11.42.34:295][980]LogModuleManager: Shutting down and abandoning module SizeMap (432)
[2017.11.25-11.42.34:296][980]LogModuleManager: Shutting down and abandoning module TreeMap (430)
[2017.11.25-11.42.34:303][980]LogModuleManager: Shutting down and abandoning module ReferenceViewer (428)
[2017.11.25-11.42.34:303][980]LogModuleManager: Shutting down and abandoning module LocalizationDashboard (426)
[2017.11.25-11.42.34:308][980]LogModuleManager: Shutting down and abandoning module LocalizationService (425)
[2017.11.25-11.42.34:315][980]LogModuleManager: Shutting down and abandoning module HardwareTargeting (422)
[2017.11.25-11.42.34:315][980]LogModuleManager: Shutting down and abandoning module DeviceProfileEditor (420)
[2017.11.25-11.42.34:322][980]LogModuleManager: Shutting down and abandoning module UndoHistory (418)
[2017.11.25-11.42.34:322][980]LogModuleManager: Shutting down and abandoning module XmlParser (416)
[2017.11.25-11.42.34:336][980]LogModuleManager: Shutting down and abandoning module Blutility (414)
[2017.11.25-11.42.34:336][980]LogModuleManager: Shutting down and abandoning module ProjectSettingsViewer (412)
[2017.11.25-11.42.34:336][980]LogModuleManager: Shutting down and abandoning module ProjectTargetPlatformEditor (411)
[2017.11.25-11.42.34:337][980]LogModuleManager: Shutting down and abandoning module EditorSettingsViewer (408)
[2017.11.25-11.42.34:337][980]LogModuleManager: Shutting down and abandoning module SettingsEditor (406)
[2017.11.25-11.42.34:359][980]LogModuleManager: Shutting down and abandoning module ProjectLauncher (404)
[2017.11.25-11.42.34:367][980]LogModuleManager: Shutting down and abandoning module SessionFrontend (402)
[2017.11.25-11.42.34:372][980]LogModuleManager: Shutting down and abandoning module ProfilerClient (400)
[2017.11.25-11.42.34:382][980]LogModuleManager: Shutting down and abandoning module DeviceManager (398)
[2017.11.25-11.42.34:464][980]LogModuleManager: Shutting down and abandoning module TargetDeviceServices (397)
[2017.11.25-11.42.34:601][980]LogModuleManager: Shutting down and abandoning module AutomationController (394)
[2017.11.25-11.42.34:606][980]LogModuleManager: Shutting down and abandoning module AutomationWindow (392)
[2017.11.25-11.42.34:623][980]LogModuleManager: Shutting down and abandoning module Layers (390)
[2017.11.25-11.42.34:641][980]LogModuleManager: Shutting down and abandoning module ComponentVisualizers (388)
[2017.11.25-11.42.34:641][980]LogModuleManager: Shutting down and abandoning module DetailCustomizations (386)
[2017.11.25-11.42.34:649][980]LogModuleManager: Shutting down and abandoning module PackagesDialog (384)
[2017.11.25-11.42.34:649][980]LogModuleManager: Shutting down and abandoning module Persona (382)
[2017.11.25-11.42.34:681][980]LogModuleManager: Shutting down and abandoning module AdvancedPreviewScene (381)
[2017.11.25-11.42.34:681][980]LogModuleManager: Shutting down and abandoning module AnimGraph (379)
[2017.11.25-11.42.34:690][980]LogModuleManager: Shutting down and abandoning module Kismet (376)
[2017.11.25-11.42.34:699][980]LogModuleManager: Shutting down and abandoning module ClassViewer (374)
[2017.11.25-11.42.34:699][980]LogModuleManager: Shutting down and abandoning module Toolbox (372)
[2017.11.25-11.42.34:699][980]LogModuleManager: Shutting down and abandoning module ModuleUI (370)
[2017.11.25-11.42.34:703][980]LogModuleManager: Shutting down and abandoning module MovieSceneTools (368)
[2017.11.25-11.42.34:746][980]LogModuleManager: Shutting down and abandoning module OutputLog (366)
[2017.11.25-11.42.34:760][980]LogModuleManager: Shutting down and abandoning module GammaUI (364)
[2017.11.25-11.42.34:765][980]LogModuleManager: Shutting down and abandoning module Documentation (362)
[2017.11.25-11.42.34:765][980]LogModuleManager: Shutting down and abandoning module MovieSceneTracks (360)
[2017.11.25-11.42.34:765][980]LogModuleManager: Shutting down and abandoning module MovieScene (358)
[2017.11.25-11.42.34:774][980]LogModuleManager: Shutting down and abandoning module Niagara (356)
[2017.11.25-11.42.34:774][980]LogModuleManager: Shutting down and abandoning module NiagaraEditor (355)
[2017.11.25-11.42.34:801][980]LogModuleManager: Shutting down and abandoning module StreamingPauseRendering (352)
[2017.11.25-11.42.34:801][980]LogModuleManager: Shutting down and abandoning module LauncherPlatform (350)
[2017.11.25-11.42.34:801][980]LogModuleManager: Shutting down and abandoning module AnalyticsET (348)
[2017.11.25-11.42.34:801][980]LogModuleManager: Shutting down and abandoning module PortalServices (346)
[2017.11.25-11.42.34:801][980]LogModuleManager: Shutting down and abandoning module PortalRpc (344)
[2017.11.25-11.42.34:802][980]LogModuleManager: Shutting down and abandoning module MessagingRpc (342)
[2017.11.25-11.42.34:802][980]LogModuleManager: Shutting down and abandoning module AIModule (340)
[2017.11.25-11.42.34:807][980]LogModuleManager: Shutting down and abandoning module GameplayDebugger (339)
[2017.11.25-11.42.34:808][980]LogModuleManager: Shutting down and abandoning module AITestSuite (337)
[2017.11.25-11.42.34:812][980]LogModuleManager: Shutting down and abandoning module ProfilerService (334)
[2017.11.25-11.42.34:958][980]LogModuleManager: Shutting down and abandoning module TaskGraph (332)
[2017.11.25-11.42.34:985][980]LogModuleManager: Shutting down and abandoning module SteamVRController (330)
[2017.11.25-11.42.34:985][980]LogModuleManager: Shutting down and abandoning module ProceduralMeshComponentEditor (328)
[2017.11.25-11.42.34:985][980]LogModuleManager: Shutting down and abandoning module ProceduralMeshComponent (326)
[2017.11.25-11.42.34:985][980]LogModuleManager: Shutting down and abandoning module OculusInput (324)
[2017.11.25-11.42.34:992][980]LogModuleManager: Shutting down and abandoning module MobilePatchingUtils (322)
[2017.11.25-11.42.34:992][980]LogModuleManager: Shutting down and abandoning module CustomMeshComponent (320)
[2017.11.25-11.42.34:992][980]LogModuleManager: Shutting down and abandoning module CableComponent (318)
[2017.11.25-11.42.34:996][980]LogModuleManager: Shutting down and abandoning module ArchVisCharacter (316)
[2017.11.25-11.42.34:996][980]LogModuleManager: Shutting down and abandoning module AndroidPermission (314)
[2017.11.25-11.42.34:996][980]LogModuleManager: Shutting down and abandoning module MediaPlayerEditor (310)
[2017.11.25-11.42.35:015][980]LogModuleManager: Shutting down and abandoning module HTML5Networking (308)
[2017.11.25-11.42.35:015][980]LogModuleManager: Shutting down and abandoning module AlembicImporter (306)
[2017.11.25-11.42.35:023][980]LogModuleManager: Shutting down and abandoning module AlembicLibrary (305)
[2017.11.25-11.42.35:023][980]LogModuleManager: Shutting down and abandoning module GeometryCache (304)
[2017.11.25-11.42.35:023][980]LogModuleManager: Shutting down and abandoning module GeometryCacheEd (303)
[2017.11.25-11.42.35:023][980]LogModuleManager: Shutting down and abandoning module SpeedTreeImporter (298)
[2017.11.25-11.42.35:023][980]LogModuleManager: Shutting down and abandoning module PluginBrowser (296)
[2017.11.25-11.42.35:040][980]LogModuleManager: Shutting down and abandoning module MobileLauncherProfileWizard (294)
[2017.11.25-11.42.35:051][980]LogModuleManager: Shutting down and abandoning module VisualStudioSourceCodeAccess (292)
[2017.11.25-11.42.35:051][980]LogModuleManager: Shutting down and abandoning module DesktopPlatform (291)
[2017.11.25-11.42.35:056][980]LogModuleManager: Shutting down and abandoning module UObjectPlugin (288)
[2017.11.25-11.42.35:056][980]LogModuleManager: Shutting down and abandoning module SubversionSourceControl (286)
[2017.11.25-11.42.35:066][980]LogModuleManager: Shutting down and abandoning module PerforceSourceControl (284)
[2017.11.25-11.42.35:073][980]LogModuleManager: Shutting down and abandoning module GitSourceControl (282)
[2017.11.25-11.42.35:078][980]LogModuleManager: Shutting down and abandoning module SourceControl (281)
[2017.11.25-11.42.35:089][980]LogModuleManager: Shutting down and abandoning module LightPropagationVolumeEditor (278)
[2017.11.25-11.42.35:089][980]LogModuleManager: Shutting down and abandoning module PaperTiledImporter (276)
[2017.11.25-11.42.35:089][980]LogModuleManager: Shutting down and abandoning module PaperSpriteSheetImporter (274)
[2017.11.25-11.42.35:089][980]LogModuleManager: Shutting down and abandoning module Paper2DEditor (272)
[2017.11.25-11.42.35:103][980]LogModuleManager: Shutting down and abandoning module MeshPaint (271)
[2017.11.25-11.42.35:110][980]LogModuleManager: Shutting down and abandoning module LevelEditor (269)
[2017.11.25-11.42.35:119][980]LogModuleManager: Shutting down and abandoning module PixelInspectorModule (268)
[2017.11.25-11.42.35:131][980]LogModuleManager: Shutting down and abandoning module MainFrame (266)
[2017.11.25-11.42.35:131][980]LogModuleManager: Shutting down and abandoning module HotReload (265)
[2017.11.25-11.42.35:187][980]LogModuleManager: Shutting down and abandoning module RuntimePhysXCooking (260)
[2017.11.25-11.42.35:188][980]LogModuleManager: Shutting down and abandoning module PhysXVehiclesEditor (258)
[2017.11.25-11.42.35:188][980]LogModuleManager: Shutting down and abandoning module PhysXVehicles (256)
[2017.11.25-11.42.35:188][980]LogModuleManager: Shutting down and abandoning module OculusEditor (254)
[2017.11.25-11.42.35:188][980]LogModuleManager: Shutting down and abandoning module LocationServicesBPLibrary (252)
[2017.11.25-11.42.35:188][980]LogModuleManager: Shutting down and abandoning module ImmediatePhysicsEditor (250)
[2017.11.25-11.42.35:188][980]LogModuleManager: Shutting down and abandoning module ImmediatePhysics (248)
[2017.11.25-11.42.35:216][980]LogModuleManager: Shutting down and abandoning module UdpMessaging (246)
[2017.11.25-11.42.35:317][980]LogModuleManager: Shutting down and abandoning module TcpMessaging (244)
[2017.11.25-11.42.35:422][980]LogModuleManager: Shutting down and abandoning module GameplayTagsEditor (242)
[2017.11.25-11.42.35:455][980]LogModuleManager: Shutting down and abandoning module FacialAnimationEditor (240)
[2017.11.25-11.42.35:455][980]LogModuleManager: Shutting down and abandoning module FacialAnimation (238)
[2017.11.25-11.42.35:455][980]LogModuleManager: Shutting down and abandoning module AssetManagerEditor (236)
[2017.11.25-11.42.35:462][980]LogModuleManager: Shutting down and abandoning module GraphEditor (235)
[2017.11.25-11.42.35:489][980]LogModuleManager: Shutting down and abandoning module ContentBrowser (233)
[2017.11.25-11.42.35:491][980]LogModuleManager: Shutting down and abandoning module LightPropagationVolumeRuntime (230)
[2017.11.25-11.42.35:491][980]LogModuleManager: Shutting down and abandoning module Paper2D (228)
[2017.11.25-11.42.35:497][980]LogModuleManager: Shutting down and abandoning module WindowsMoviePlayer (226)
[2017.11.25-11.42.35:505][980]LogModuleManager: Shutting down and abandoning module WmfMedia (224)
[2017.11.25-11.42.35:518][980]LogModuleManager: Shutting down and abandoning module PacketHandler (222)
[2017.11.25-11.42.35:518][980]LogModuleManager: Shutting down and abandoning module ClothingSystemEditor (220)
[2017.11.25-11.42.35:521][980]LogModuleManager: Shutting down and abandoning module ClothingSystemRuntime (218)
[2017.11.25-11.42.35:540][980]LogModuleManager: Shutting down and abandoning module Overlay (216)
[2017.11.25-11.42.35:541][980]LogModuleManager: Shutting down and abandoning module OverlayEditor (215)
[2017.11.25-11.42.35:541][980]LogModuleManager: Shutting down and abandoning module MediaAssets (212)
[2017.11.25-11.42.35:541][980]LogModuleManager: Shutting down and abandoning module VREditor (210)
[2017.11.25-11.42.35:557][980]LogModuleManager: Shutting down and abandoning module StringTableEditor (208)
[2017.11.25-11.42.35:561][980]LogModuleManager: Shutting down and abandoning module GameplayTasksEditor (206)
[2017.11.25-11.42.35:561][980]LogModuleManager: Shutting down and abandoning module BehaviorTreeEditor (204)
[2017.11.25-11.42.35:579][980]LogModuleManager: Shutting down and abandoning module FunctionalTesting (202)
[2017.11.25-11.42.35:579][980]LogModuleManager: Shutting down and abandoning module CollisionAnalyzer (200)
[2017.11.25-11.42.35:588][980]LogModuleManager: Shutting down and abandoning module WorkspaceMenuStructure (199)
[2017.11.25-11.42.35:588][980]LogModuleManager: Shutting down and abandoning module UMG (196)
[2017.11.25-11.42.35:607][980]LogModuleManager: Shutting down and abandoning module UMGEditor (195)
[2017.11.25-11.42.35:637][980]LogModuleManager: Shutting down and abandoning module Sequencer (194)
[2017.11.25-11.42.35:644][980]LogModuleManager: Shutting down and abandoning module MessageLog (191)
[2017.11.25-11.42.35:647][980]LogModuleManager: Shutting down and abandoning module SlateReflector (186)
[2017.11.25-11.42.35:662][980]LogModuleManager: Shutting down and abandoning module Slate (184)
[2017.11.25-11.42.35:662][980]LogModuleManager: Shutting down and abandoning module EditorStyle (182)
[2017.11.25-11.42.35:713][980]LogModuleManager: Shutting down and abandoning module MRMesh (180)
[2017.11.25-11.42.35:713][980]LogModuleManager: Shutting down and abandoning module SourceCodeAccess (178)
[2017.11.25-11.42.35:713][980]LogModuleManager: Shutting down and abandoning module HeadMountedDisplay (176)
[2017.11.25-11.42.35:713][980]LogModuleManager: Shutting down and abandoning module XAudio2 (174)
[2017.11.25-11.42.35:713][980]LogModuleManager: Shutting down and abandoning module Networking (172)
[2017.11.25-11.42.35:713][980]LogModuleManager: Shutting down and abandoning module Core (168)
[2017.11.25-11.42.35:713][980]LogModuleManager: Shutting down and abandoning module KismetCompiler (164)
[2017.11.25-11.42.35:713][980]LogModuleManager: Shutting down and abandoning module LevelSequence (162)
[2017.11.25-11.42.35:713][980]LogModuleManager: Shutting down and abandoning module MeshUtilities (160)
[2017.11.25-11.42.35:728][980]LogModuleManager: Shutting down and abandoning module MeshMergeUtilities (159)
[2017.11.25-11.42.35:733][980]LogModuleManager: Shutting down and abandoning module MeshReductionInterface (158)
[2017.11.25-11.42.35:733][980]LogModuleManager: Shutting down and abandoning module SimplygonSwarm (157)
[2017.11.25-11.42.35:735][980]LogModuleManager: Shutting down and abandoning module SimplygonMeshReduction (155)
[2017.11.25-11.42.35:735][980]LogModuleManager: Shutting down and abandoning module QuadricMeshReduction (153)
[2017.11.25-11.42.35:743][980]LogModuleManager: Shutting down and abandoning module MaterialBaking (149)
[2017.11.25-11.42.35:746][980]LogModuleManager: Shutting down and abandoning module DirectoryWatcher (146)
[2017.11.25-11.42.35:751][980]LogModuleManager: Shutting down and abandoning module DerivedDataCache (144)
[2017.11.25-11.42.35:811][980]LogDerivedDataCache: Shutdown
[2017.11.25-11.42.35:834][980]LogModuleManager: Shutting down and abandoning module TargetPlatform (142)
[2017.11.25-11.42.35:834][980]LogModuleManager: Shutting down and abandoning module VulkanShaderFormat (141)
[2017.11.25-11.42.35:844][980]LogModuleManager: Shutting down and abandoning module ShaderFormatVectorVM (139)
[2017.11.25-11.42.35:859][980]LogModuleManager: Shutting down and abandoning module ShaderFormatOpenGL (137)
[2017.11.25-11.42.35:875][980]LogModuleManager: Shutting down and abandoning module ShaderFormatD3D (135)
[2017.11.25-11.42.35:883][980]LogModuleManager: Shutting down and abandoning module MetalShaderFormat (133)
[2017.11.25-11.42.35:891][980]LogModuleManager: Shutting down and abandoning module TextureFormatUncompressed (131)
[2017.11.25-11.42.35:891][980]LogModuleManager: Shutting down and abandoning module TextureFormatPVR (129)
[2017.11.25-11.42.35:891][980]LogModuleManager: Shutting down and abandoning module TextureFormatDXT (127)
[2017.11.25-11.42.35:907][980]LogModuleManager: Shutting down and abandoning module TextureFormatIntelISPCTexComp (125)
[2017.11.25-11.42.35:913][980]LogModuleManager: Shutting down and abandoning module TextureFormatASTC (123)
[2017.11.25-11.42.35:913][980]LogModuleManager: Shutting down and abandoning module ImageWrapper (122)
[2017.11.25-11.42.35:913][980]LogModuleManager: Shutting down and abandoning module TextureFormatAndroid (119)
[2017.11.25-11.42.35:913][980]LogModuleManager: Shutting down and abandoning module AudioFormatOpus (117)
[2017.11.25-11.42.35:913][980]LogModuleManager: Shutting down and abandoning module AudioFormatOgg (115)
[2017.11.25-11.42.35:913][980]LogModuleManager: Shutting down and abandoning module AudioFormatADPCM (113)
[2017.11.25-11.42.35:913][980]LogModuleManager: Shutting down and abandoning module LinuxTargetPlatform (111)
[2017.11.25-11.42.35:914][980]LogModuleManager: Shutting down and abandoning module LinuxServerTargetPlatform (109)
[2017.11.25-11.42.35:914][980]LogModuleManager: Shutting down and abandoning module LinuxNoEditorTargetPlatform (107)
[2017.11.25-11.42.35:914][980]LogModuleManager: Shutting down and abandoning module LinuxClientTargetPlatform (105)
[2017.11.25-11.42.35:914][980]LogModuleManager: Shutting down and abandoning module TVOSTargetPlatform (103)
[2017.11.25-11.42.35:914][980]LogModuleManager: Shutting down and abandoning module Messaging (101)
[2017.11.25-11.42.35:914][980]LogModuleManager: Shutting down and abandoning module IOSTargetPlatform (99)
[2017.11.25-11.42.35:914][980]LogModuleManager: Shutting down and abandoning module HTML5TargetPlatform (97)
[2017.11.25-11.42.35:914][980]LogModuleManager: Shutting down and abandoning module Android_PVRTCTargetPlatform (95)
[2017.11.25-11.42.35:914][980]LogModuleManager: Shutting down and abandoning module Android_MultiTargetPlatform (93)
[2017.11.25-11.42.35:914][980]LogModuleManager: Shutting down and abandoning module Android_ETC2TargetPlatform (91)
[2017.11.25-11.42.35:914][980]LogModuleManager: Shutting down and abandoning module Android_ETC1TargetPlatform (89)
[2017.11.25-11.42.35:914][980]LogModuleManager: Shutting down and abandoning module Android_DXTTargetPlatform (87)
[2017.11.25-11.42.35:914][980]LogModuleManager: Shutting down and abandoning module Android_ATCTargetPlatform (85)
[2017.11.25-11.42.35:914][980]LogModuleManager: Shutting down and abandoning module Android_ASTCTargetPlatform (83)
[2017.11.25-11.42.35:914][980]LogModuleManager: Shutting down and abandoning module AndroidTargetPlatform (81)
[2017.11.25-11.42.35:914][980]LogModuleManager: Shutting down and abandoning module WindowsTargetPlatform (79)
[2017.11.25-11.42.35:914][980]LogModuleManager: Shutting down and abandoning module WindowsServerTargetPlatform (77)
[2017.11.25-11.42.35:914][980]LogModuleManager: Shutting down and abandoning module WindowsNoEditorTargetPlatform (75)
[2017.11.25-11.42.35:914][980]LogModuleManager: Shutting down and abandoning module WindowsClientTargetPlatform (73)
[2017.11.25-11.42.35:914][980]LogModuleManager: Shutting down and abandoning module MacTargetPlatform (71)
[2017.11.25-11.42.35:914][980]LogModuleManager: Shutting down and abandoning module MacServerTargetPlatform (69)
[2017.11.25-11.42.35:914][980]LogModuleManager: Shutting down and abandoning module MacNoEditorTargetPlatform (67)
[2017.11.25-11.42.35:914][980]LogModuleManager: Shutting down and abandoning module MacClientTargetPlatform (65)
[2017.11.25-11.42.35:914][980]LogModuleManager: Shutting down and abandoning module AllDesktopTargetPlatform (63)
[2017.11.25-11.42.35:914][980]LogModuleManager: Shutting down and abandoning module InputCore (60)
[2017.11.25-11.42.35:914][980]LogModuleManager: Shutting down and abandoning module Settings (58)
[2017.11.25-11.42.35:915][980]LogModuleManager: Shutting down and abandoning module PhysXCooking (56)
[2017.11.25-11.42.35:915][980]LogModuleManager: Shutting down and abandoning module SteamVR (54)
[2017.11.25-11.42.35:915][980]LogModuleManager: Shutting down and abandoning module OculusHMD (52)
[2017.11.25-11.42.35:930][980]LogModuleManager: Shutting down and abandoning module ExampleDeviceProfileSelector (50)
[2017.11.25-11.42.35:930][980]LogModuleManager: Shutting down and abandoning module OnlineBlueprintSupport (48)
[2017.11.25-11.42.35:930][980]LogModuleManager: Shutting down and abandoning module OnlineSubsystem (44)
[2017.11.25-11.42.35:930][980]LogOnline: Display: Unloading online subsystem: NULL
[2017.11.25-11.42.35:958][980]LogModuleManager: Shutting down and abandoning module XMPP (43)
[2017.11.25-11.42.35:976][980]LogModuleManager: Shutting down and abandoning module HTTP (41)
[2017.11.25-11.42.35:976][980]LogHttp: Display: Http module shutting down, but needs to wait on 1 outstanding Http requests:
[2017.11.25-11.42.35:983][980]LogHttp: Display: 	verb=[POST] url=[https://datarouter.ol.epicgames.com/datarouter/api/v1/public/data?SessionID=%7B31FED8E8-4FA1-8807-B81E-6DB72E73B384%7D&AppID=UEEditor.Rocket.Release&AppVersion=4.17.2-3658906%2B%2B%2BUE4%2BRelease-4.17&UserID=4ee157d64f2bc32a472daf909e026887%7Cf43cf94564b340929fb675d5fd594766%7C221b2a38-b856-46d0-baaa-5f0e851b639e&AppEnvironment=datacollector-binary&UploadType=eteventstream] status=Processing
[2017.11.25-11.42.35:992][980]LogModuleManager: Shutting down and abandoning module SSL (40)
[2017.11.25-11.42.36:000][980]LogModuleManager: Shutting down and abandoning module AnimationModifiers (36)
[2017.11.25-11.42.36:005][980]LogModuleManager: Shutting down and abandoning module PropertyEditor (35)
[2017.11.25-11.42.36:006][980]LogModuleManager: Shutting down and abandoning module AudioEditor (32)
[2017.11.25-11.42.36:020][980]LogModuleManager: Shutting down and abandoning module TextureCompressor (30)
[2017.11.25-11.42.36:029][980]LogModuleManager: Shutting down and abandoning module ShaderCore (28)
[2017.11.25-11.42.36:029][980]LogModuleManager: Shutting down and abandoning module Landscape (26)
[2017.11.25-11.42.36:029][980]LogModuleManager: Shutting down and abandoning module SlateRHIRenderer (24)
[2017.11.25-11.42.36:035][980]LogModuleManager: Shutting down and abandoning module OpenGLDrv (22)
[2017.11.25-11.42.36:044][980]LogModuleManager: Shutting down and abandoning module D3D11RHI (20)
[2017.11.25-11.42.36:044][980]LogModuleManager: Shutting down and abandoning module AnimGraphRuntime (18)
[2017.11.25-11.42.36:050][980]LogModuleManager: Shutting down and abandoning module Renderer (16)
[2017.11.25-11.42.36:050][980]LogModuleManager: Shutting down and abandoning module Engine (14)
[2017.11.25-11.42.36:050][980]LogModuleManager: Shutting down and abandoning module CoreUObject (12)
[2017.11.25-11.42.36:050][980]LogModuleManager: Shutting down and abandoning module NetworkFile (10)
[2017.11.25-11.42.36:052][980]LogModuleManager: Shutting down and abandoning module CookedIterativeFile (8)
[2017.11.25-11.42.36:052][980]LogModuleManager: Shutting down and abandoning module StreamingFile (6)
[2017.11.25-11.42.36:054][980]LogModuleManager: Shutting down and abandoning module SandboxFile (4)
[2017.11.25-11.42.36:058][980]LogModuleManager: Shutting down and abandoning module PakFile (2)
[2017.11.25-11.42.36:073][980]LogExit: Exiting.
[2017.11.25-11.42.36:111][980]Log file closed, 11/25/17 22:42:36
