Log file open, 12/11/17 00:15:03
LogWindows: Failed to load 'aqProf.dll' (GetLastError=126)
LogWindows: File 'aqProf.dll' does not exist
LogWindows: Failed to load 'VtuneApi.dll' (GetLastError=126)
LogWindows: File 'VtuneApi.dll' does not exist
LogWindows: Failed to load 'VtuneApi32e.dll' (GetLastError=126)
LogWindows: File 'VtuneApi32e.dll' does not exist
LogInit: Display: Running engine for game: GreyBox_Level1
LogPlatformFile: Not using cached read wrapper
LogInit: Display: RandInit(1596112949) SRandInit(1596112950).
LogTaskGraph: Started task graph with 5 named threads and 14 total threads with 3 sets of task threads.
LogStats: Stats thread started at 0.165475
LogD3D11RHI: Aftermath initialized
LogPluginManager: Mounting plugin Paper2D
LogPluginManager: Mounting plugin LightPropagationVolume
LogPluginManager: Mounting plugin CodeLiteSourceCodeAccess
LogPluginManager: Mounting plugin GitSourceControl
LogPluginManager: Mounting plugin KDevelopSourceCodeAccess
LogPluginManager: Mounting plugin NullSourceCodeAccess
LogPluginManager: Mounting plugin PerforceSourceControl
LogPluginManager: Mounting plugin SubversionSourceControl
LogPluginManager: Mounting plugin UObjectPlugin
LogPluginManager: Mounting plugin VisualStudioSourceCodeAccess
LogPluginManager: Mounting plugin XCodeSourceCodeAccess
LogPluginManager: Mounting plugin AssetManagerEditor
LogPluginManager: Mounting plugin AudioCapture
LogPluginManager: Mounting plugin FacialAnimation
LogPluginManager: Mounting plugin GameplayTagsEditor
LogPluginManager: Mounting plugin MobileLauncherProfileWizard
LogPluginManager: Mounting plugin PluginBrowser
LogPluginManager: Mounting plugin SpeedTreeImporter
LogPluginManager: Mounting plugin AlembicImporter
LogPluginManager: Mounting plugin CharacterAI
LogPluginManager: Mounting plugin HTML5Networking
LogPluginManager: Mounting plugin AndroidMedia
LogPluginManager: Mounting plugin AvfMedia
LogPluginManager: Mounting plugin MediaPlayerEditor
LogPluginManager: Mounting plugin WmfMedia
LogPluginManager: Mounting plugin TcpMessaging
LogPluginManager: Mounting plugin UdpMessaging
LogPluginManager: Mounting plugin LevelSequenceEditor
LogPluginManager: Mounting plugin MatineeToLevelSequence
LogPluginManager: Mounting plugin OnlineSubsystemGooglePlay
LogPluginManager: Mounting plugin OnlineSubsystemIOS
LogPluginManager: Mounting plugin OnlineSubsystem
LogPluginManager: Mounting plugin OnlineSubsystemNull
LogPluginManager: Mounting plugin OnlineSubsystemUtils
LogPluginManager: Mounting plugin AndroidDeviceProfileSelector
LogPluginManager: Mounting plugin AndroidMoviePlayer
LogPluginManager: Mounting plugin AndroidPermission
LogPluginManager: Mounting plugin AppleMoviePlayer
LogPluginManager: Mounting plugin ArchVisCharacter
LogPluginManager: Mounting plugin CableComponent
LogPluginManager: Mounting plugin CustomMeshComponent
LogPluginManager: Mounting plugin ExampleDeviceProfileSelector
LogPluginManager: Mounting plugin GoogleCloudMessaging
LogPluginManager: Mounting plugin ImmediatePhysics
LogPluginManager: Mounting plugin IOSDeviceProfileSelector
LogPluginManager: Mounting plugin LinuxDeviceProfileSelector
LogPluginManager: Mounting plugin LocationServicesBPLibrary
LogPluginManager: Mounting plugin MobilePatchingUtils
LogPluginManager: Mounting plugin OculusVR
LogPluginManager: Mounting plugin PhysXVehicles
LogPluginManager: Mounting plugin ProceduralMeshComponent
LogPluginManager: Mounting plugin RuntimePhysXCooking
LogPluginManager: Mounting plugin SteamVR
LogPluginManager: Mounting plugin WindowsMoviePlayer
LogInit: Using libcurl 7.47.1
LogInit:  - built for x86_64-pc-win32
LogInit:  - supports SSL with OpenSSL/1.0.2g
LogInit:  - supports HTTP deflate (compression) using libz 1.2.8
LogInit:  - other features:
LogInit:      CURL_VERSION_SSL
LogInit:      CURL_VERSION_LIBZ
LogInit:      CURL_VERSION_IPV6
LogInit:      CURL_VERSION_ASYNCHDNS
LogInit:      CURL_VERSION_LARGEFILE
LogInit:      CURL_VERSION_IDN
LogInit:  CurlRequestOptions (configurable via config and command line):
LogInit:  - bVerifyPeer = false  - Libcurl will NOT verify peer certificate
LogInit:  - bUseHttpProxy = false  - Libcurl will NOT use HTTP proxy
LogInit:  - bDontReuseConnections = false  - Libcurl will reuse connections
LogInit:  - CertBundlePath = nullptr  - Libcurl will use whatever was configured at build time.
LogInit: Build: ++UE4+Release-4.17-CL-3658906
LogInit: Engine Version: 4.17.2-3658906+++UE4+Release-4.17
LogInit: Compatible Engine Version: 4.17.0-3573198+++UE4+Release-4.17
LogInit: Net CL: 3573198
LogDevObjectVersion: Number of dev versions registered: 16
LogDevObjectVersion:   Dev-Blueprints (B0D832E4-1F89-4F0D-ACCF-7EB736FD4AA2): 10
LogDevObjectVersion:   Dev-Build (E1C64328-A22C-4D53-A36C-8E866417BD8C): 0
LogDevObjectVersion:   Dev-Core (375EC13C-06E4-48FB-B500-84F0262A717E): 2
LogDevObjectVersion:   Dev-Editor (E4B068ED-F494-42E9-A231-DA0B2E46BB41): 20
LogDevObjectVersion:   Dev-Framework (CFFC743F-43B0-4480-9391-14DF171D2073): 28
LogDevObjectVersion:   Dev-Mobile (B02B49B5-BB20-44E9-A304-32B752E40360): 0
LogDevObjectVersion:   Dev-Networking (A4E4105C-59A1-49B5-A7C5-40C4547EDFEE): 0
LogDevObjectVersion:   Dev-Online (39C831C9-5AE6-47DC-9A44-9C173E1C8E7C): 0
LogDevObjectVersion:   Dev-Physics (78F01B33-EBEA-4F98-B9B4-84EACCB95AA2): 0
LogDevObjectVersion:   Dev-Platform (6631380F-2D4D-43E0-8009-CF276956A95A): 0
LogDevObjectVersion:   Dev-Rendering (12F88B9F-8875-4AFC-A67C-D90C383ABD29): 19
LogDevObjectVersion:   Dev-Sequencer (7B5AE74C-D270-4C10-A958-57980B212A5A): 4
LogDevObjectVersion:   Dev-VR (D7296918-1DD6-4BDD-9DE2-64A83CC13884): 0
LogDevObjectVersion:   Dev-LoadTimes (C2A15278-BFE7-4AFE-6C17-90FF531DF755): 1
LogDevObjectVersion:   Private-Geometry (6EACA3D4-40EC-4CC1-B786-8BED09428FC5): 1
LogDevObjectVersion:   Dev-AnimPhys (29E575DD-E0A3-4627-9D10-D276232CDCEA): 7
LogInit: Compiled (64-bit): Sep 22 2017 13:47:16
LogInit: Compiled with Visual C++: 19.00.24215.01
LogInit: Build Configuration: Development
LogInit: Branch Name: ++UE4+Release-4.17
LogInit: Command line:  
LogInit: Base directory: C:/Program Files (x86)/Epic Games/UE_4.17/Engine/Binaries/Win64/
LogInit: Installed Engine Build: 1
LogInit: Presizing for max 8388607 objects, including 0 objects not considered by GC, pre-allocating 0 bytes for permanent pool.
LogInit: Object subsystem initialized
[2017.12.10-13.15.04:595][  0]LogInit: Selected Device Profile: [Windows]
[2017.12.10-13.15.04:595][  0]LogInit: Applying CVar settings loaded from the selected device profile: [Windows]
[2017.12.10-13.15.04:668][  0]LogInit: Computer: DESKTOP-5B7AHPE
[2017.12.10-13.15.04:668][  0]LogInit: User: AshishGosain
[2017.12.10-13.15.04:668][  0]LogInit: CPU Page size=4096, Cores=4
[2017.12.10-13.15.04:668][  0]LogInit: High frequency timer resolution =3.125009 MHz
[2017.12.10-13.15.04:668][  0]LogMemory: Memory total: Physical=15.9GB (16GB approx)
[2017.12.10-13.15.04:668][  0]LogMemory: Platform Memory Stats for Windows
[2017.12.10-13.15.04:668][  0]LogMemory: Process Physical Memory: 277.23 MB used, 277.23 MB peak
[2017.12.10-13.15.04:668][  0]LogMemory: Process Virtual Memory: 274.14 MB used, 274.14 MB peak
[2017.12.10-13.15.04:668][  0]LogMemory: Physical Memory: 12108.26 MB used,  4203.73 MB free, 16312.00 MB total
[2017.12.10-13.15.04:668][  0]LogMemory: Virtual Memory: 701.52 MB used,  4203.73 MB free, 134217728.00 MB total
[2017.12.10-13.15.04:828][  0]LogInit: Using OS detected language (en-US).
[2017.12.10-13.15.04:828][  0]LogInit: Using OS detected locale (en-AU).
[2017.12.10-13.15.04:956][  0]LogTextLocalizationManager: No specific localization for 'en-US' exists, so the 'en' localization will be used.
[2017.12.10-13.15.10:158][  0]LogD3D11RHI: D3D11 adapters:
[2017.12.10-13.15.10:212][  0]LogD3D11RHI:    0. 'NVIDIA GeForce GTX 1060 6GB' (Feature Level 11_0)
[2017.12.10-13.15.10:212][  0]LogD3D11RHI:       6061/0/8155 MB DedicatedVideo/DedicatedSystem/SharedSystem, Outputs:2, VendorId:0x10de
[2017.12.10-13.15.10:214][  0]LogD3D11RHI:    1. 'Microsoft Basic Render Driver' (Feature Level 11_0)
[2017.12.10-13.15.10:214][  0]LogD3D11RHI:       0/0/8155 MB DedicatedVideo/DedicatedSystem/SharedSystem, Outputs:0, VendorId:0x1414
[2017.12.10-13.15.10:214][  0]LogD3D11RHI: Chosen D3D11 Adapter: 0
[2017.12.10-13.15.10:221][  0]LogD3D11RHI: Creating new Direct3DDevice
[2017.12.10-13.15.10:221][  0]LogD3D11RHI:     GPU DeviceId: 0x1c03 (for the marketing name, search the web for "GPU Device Id")
[2017.12.10-13.15.10:221][  0]LogWindows: EnumDisplayDevices:
[2017.12.10-13.15.10:221][  0]LogWindows:    0. 'NVIDIA GeForce GTX 1060 6GB' (P:1 D:1)
[2017.12.10-13.15.10:221][  0]LogWindows:    1. 'NVIDIA GeForce GTX 1060 6GB' (P:0 D:1)
[2017.12.10-13.15.10:221][  0]LogWindows:    2. 'NVIDIA GeForce GTX 1060 6GB' (P:0 D:0)
[2017.12.10-13.15.10:222][  0]LogWindows:    3. 'NVIDIA GeForce GTX 1060 6GB' (P:0 D:0)
[2017.12.10-13.15.10:222][  0]LogWindows: DebugString: GetVideoDriverDetailsInvalid PrimaryIsNotTheChoosenAdapter GetVideoDriverDetailsInvalid PrimaryIsNotTheChoosenAdapter GetVideoDriverDetailsInvalid PrimaryIsNotTheChoosenAdapter GetVideoDriverDetailsInvalid PrimaryIsNotTheChoosenAdapter FoundDriverCount:0 
[2017.12.10-13.15.10:222][  0]LogD3D11RHI:     Adapter Name: NVIDIA GeForce GTX 1060 6GB
[2017.12.10-13.15.10:222][  0]LogD3D11RHI:   Driver Version: Unknown (internal:Unknown, unified:Unknown)
[2017.12.10-13.15.10:222][  0]LogD3D11RHI:      Driver Date: Unknown
[2017.12.10-13.15.10:222][  0]LogRHI: Texture pool is 1361 MB (70% of 1945 MB)
[2017.12.10-13.15.10:260][  0]LogD3D11RHI: Async texture creation enabled
[2017.12.10-13.15.10:338][  0]LogD3D11RHI: GPU Timing Frequency: 1000.000000 (Debug: 2 1)
[2017.12.10-13.15.10:389][  0]LogShaderCompilers: Guid format shader working directory is -26 characters bigger than the processId version (../../../../../../Users/Ashish Gosain/Documents/GitHub/HereAfter/GreyBox_Level1/Intermediate/Shaders/WorkingDirectory/11888/).
[2017.12.10-13.15.10:389][  0]LogShaderCompilers: Cleaned the shader compiler working directory 'C:/Users/Ashish Gosain/AppData/Local/Temp/UnrealShaderWorkingDir/37BA30744D6E292D53959B91D679971D/'.
[2017.12.10-13.15.10:389][  0]LogShaderCompilers: Display: Using Local Shader Compiler.
[2017.12.10-13.15.14:360][  0]LogTemp: Display: Loaded TP AllDesktopTargetPlatform
[2017.12.10-13.15.14:413][  0]LogTemp: Display: Loaded TP MacClientTargetPlatform
[2017.12.10-13.15.14:467][  0]LogTemp: Display: Loaded TP MacNoEditorTargetPlatform
[2017.12.10-13.15.14:524][  0]LogTemp: Display: Loaded TP MacServerTargetPlatform
[2017.12.10-13.15.14:589][  0]LogTemp: Display: Loaded TP MacTargetPlatform
[2017.12.10-13.15.14:642][  0]LogTemp: Display: Loaded TP WindowsClientTargetPlatform
[2017.12.10-13.15.14:696][  0]LogTemp: Display: Loaded TP WindowsNoEditorTargetPlatform
[2017.12.10-13.15.14:750][  0]LogTemp: Display: Loaded TP WindowsServerTargetPlatform
[2017.12.10-13.15.14:796][  0]LogTemp: Display: Loaded TP WindowsTargetPlatform
[2017.12.10-13.15.14:858][  0]LogTemp: Display: Loaded TP AndroidTargetPlatform
[2017.12.10-13.15.14:910][  0]LogTemp: Display: Loaded TP Android_ASTCTargetPlatform
[2017.12.10-13.15.14:962][  0]LogTemp: Display: Loaded TP Android_ATCTargetPlatform
[2017.12.10-13.15.15:014][  0]LogTemp: Display: Loaded TP Android_DXTTargetPlatform
[2017.12.10-13.15.15:068][  0]LogTemp: Display: Loaded TP Android_ETC1TargetPlatform
[2017.12.10-13.15.15:121][  0]LogTemp: Display: Loaded TP Android_ETC2TargetPlatform
[2017.12.10-13.15.15:230][  0]LogTemp: Display: Loaded TP Android_MultiTargetPlatform
[2017.12.10-13.15.15:230][  0]LogTemp: Display: Loaded TP Android_PVRTCTargetPlatform
[2017.12.10-13.15.15:271][  0]LogTemp: Display: Loaded TP HTML5TargetPlatform
[2017.12.10-13.15.15:369][  0]LogTemp: Display: Loaded TP IOSTargetPlatform
[2017.12.10-13.15.15:400][  0]LogTemp: Display: Loaded TP TVOSTargetPlatform
[2017.12.10-13.15.15:454][  0]LogTemp: Display: Loaded TP LinuxClientTargetPlatform
[2017.12.10-13.15.15:506][  0]LogTemp: Display: Loaded TP LinuxNoEditorTargetPlatform
[2017.12.10-13.15.15:560][  0]LogTemp: Display: Loaded TP LinuxServerTargetPlatform
[2017.12.10-13.15.15:615][  0]LogTemp: Display: Loaded TP LinuxTargetPlatform
[2017.12.10-13.15.15:615][  0]LogTargetPlatformManager: Display: Building Assets For Windows
[2017.12.10-13.15.16:116][  0]LogDerivedDataCache: Display: Max Cache Size: 512 MB
[2017.12.10-13.15.16:197][  0]LogDerivedDataCache: Loaded boot cache 0.08s 93MB C:/Users/Ashish Gosain/AppData/Local/UnrealEngine/4.17/DerivedDataCache/Boot.ddc.
[2017.12.10-13.15.16:197][  0]LogDerivedDataCache: Display: Loaded Boot cache: C:/Users/Ashish Gosain/AppData/Local/UnrealEngine/4.17/DerivedDataCache/Boot.ddc
[2017.12.10-13.15.16:197][  0]LogDerivedDataCache: FDerivedDataBackendGraph:  Pak pak cache file ../../../../../../Users/Ashish Gosain/Documents/GitHub/HereAfter/GreyBox_Level1/DerivedDataCache/DDC.ddp not found, will not use a pak cache.
[2017.12.10-13.15.16:197][  0]LogDerivedDataCache: Unable to find inner node Pak for hierarchical cache Hierarchy.
[2017.12.10-13.15.16:197][  0]LogDerivedDataCache: FDerivedDataBackendGraph:  CompressedPak pak cache file ../../../../../../Users/Ashish Gosain/Documents/GitHub/HereAfter/GreyBox_Level1/DerivedDataCache/Compressed.ddp not found, will not use a pak cache.
[2017.12.10-13.15.16:198][  0]LogDerivedDataCache: Unable to find inner node CompressedPak for hierarchical cache Hierarchy.
[2017.12.10-13.15.16:215][  0]LogDerivedDataCache: Display: Pak cache opened for reading ../../../Engine/DerivedDataCache/Compressed.ddp.
[2017.12.10-13.15.16:226][  0]LogDerivedDataCache: Using Local data cache path C:/Users/Ashish Gosain/AppData/Local/UnrealEngine/Common/DerivedDataCache: Writable
[2017.12.10-13.15.16:237][  0]LogMaterial: Verifying Global Shaders for PCD3D_SM5
[2017.12.10-13.15.16:237][  0]LogSlate: Using Freetype 2.6.0
[2017.12.10-13.15.16:260][  0]LogSlate: SlateFontCache - WITH_FREETYPE: 1, WITH_HARFBUZZ: 1
[2017.12.10-13.15.16:260][  0]LogSlate: SlateFontCache - WITH_FREETYPE: 1, WITH_HARFBUZZ: 1
[2017.12.10-13.15.17:587][  0]LogAssetRegistry: FAssetRegistry took 0.0262 seconds to start up
[2017.12.10-13.15.17:708][  0]LogInit: Selected Device Profile: [Windows]
[2017.12.10-13.15.17:860][  0]LogContentStreaming: Texture pool size is 0.00 MB
[2017.12.10-13.15.18:198][  0]LogSimplygon: Simplygon DLL not present - disabling.
[2017.12.10-13.15.18:241][  0]LogMeshReduction: Using SimplygonSwarm for distributed automatic mesh merging
[2017.12.10-13.15.18:241][  0]LogMeshReduction: Using QuadricMeshReduction for automatic static mesh reduction
[2017.12.10-13.15.18:241][  0]LogMeshReduction: No automatic skeletal mesh reduction module available
[2017.12.10-13.15.18:241][  0]LogMeshReduction: No automatic mesh merging module available
[2017.12.10-13.15.18:241][  0]LogMeshMerging: No automatic mesh merging module available
[2017.12.10-13.15.18:650][  0]LogNetVersion: GreyBox_Level1 , NetCL: 3573198, EngineNetVer: 2, GameNetVer: 0 (Checksum: 2619429060)
[2017.12.10-13.15.18:896][  0]LogPackageLocalizationCache: Processed 5 localized package path(s) for 2 prioritized culture(s) in 0.063168 seconds
[2017.12.10-13.15.18:902][  0]LogUObjectArray: 35825 objects as part of root set at end of initial load.
[2017.12.10-13.15.18:902][  0]LogUObjectAllocator: 7529104 out of 0 bytes used by permanent object pool.
[2017.12.10-13.15.18:902][  0]LogUObjectArray: CloseDisregardForGC: 0/0 objects in disregard for GC pool
[2017.12.10-13.15.18:968][  0]LogInit: WinSock: version 1.1 (2.2), MaxSocks=32767, MaxUdp=65467
[2017.12.10-13.15.34:241][  0]LogTcpMessaging: Initializing TcpMessaging bridge
[2017.12.10-13.15.34:278][  0]LogUdpMessaging: Initializing bridge on interface 0.0.0.0:0 to multicast group 230.0.0.1:6666.
[2017.12.10-13.15.35:191][  0]LogMaterial: Uniform references updated for custom material expression Custom.
[2017.12.10-13.15.35:695][  0]SourceControl: Source control is disabled
[2017.12.10-13.15.35:695][  0]SourceControl: Source control is disabled
[2017.12.10-13.15.35:755][  0]SourceControl: Source control is disabled
[2017.12.10-13.15.35:801][  0]SourceControl: Source control is disabled
[2017.12.10-13.15.36:649][  0]LogAndroidPermission: UAndroidPermissionCallbackProxy::GetInstance
[2017.12.10-13.15.36:930][  0]LogOcInput: OculusInput pre-init called
[2017.12.10-13.15.37:248][  0]LogEngine: Initializing Engine...
[2017.12.10-13.15.37:249][  0]LogHMD: Failed to initialize OpenVR with code 110
[2017.12.10-13.15.37:538][  0]LogStats: UGameplayTagsManager::ConstructGameplayTagTree: Construct from data asset -  0.000 s
[2017.12.10-13.15.37:538][  0]LogStats: UGameplayTagsManager::ConstructGameplayTagTree: GameplayTagTreeChangedEvent.Broadcast -  0.000 s
[2017.12.10-13.15.37:666][  0]LogAIModule: Creating AISystem for world Untitled
[2017.12.10-13.15.37:674][  0]LogInit: XAudio2 using 'Speakers / Headphones (Plantronics HD1)' : 6 channels at 48 kHz using 24 bits per sample (channel mask 0x3f)
[2017.12.10-13.15.37:697][  0]LogInit: FAudioDevice initialized.
[2017.12.10-13.15.37:897][  0]LogDerivedDataCache: Saved boot cache 0.20s 93MB C:/Users/Ashish Gosain/AppData/Local/UnrealEngine/4.17/DerivedDataCache/Boot.ddc.
[2017.12.10-13.15.37:906][  0]LogInit: Texture streaming: Enabled
[2017.12.10-13.15.38:026][  0]LogEngineSessionManager: EngineSessionManager initialized
[2017.12.10-13.15.38:324][  0]LogInit: Transaction tracking system initialized
[2017.12.10-13.15.38:642][  0]BlueprintLog: New page: Editor Load
[2017.12.10-13.15.39:585][  0]LocalizationService: Localization service is disabled
[2017.12.10-13.15.40:316][  0]LogConsoleResponse: Display: 
[2017.12.10-13.15.40:501][  0]LogCook: Display: Max memory allowance for cook 16384mb min free memory 0mb
[2017.12.10-13.15.40:501][  0]LogCook: Display: Mobile HDR setting 1
[2017.12.10-13.15.40:501][  0]LogGameplayTags: Display: UGameplayTagsManager::DoneAddingNativeTags. DelegateIsBound: 0
[2017.12.10-13.15.40:769][  0]LogFileCache: Scanning file cache for directory 'C:/Users/Ashish Gosain/Documents/GitHub/HereAfter/GreyBox_Level1/Content/' took 0.02s
[2017.12.10-13.15.41:671][  0]SourceControl: Source control is disabled
[2017.12.10-13.15.41:672][  0]Cmd: MAP LOAD FILE="../../../../../../Users/Ashish Gosain/Documents/GitHub/HereAfter/GreyBox_Level1/Content/FirstPersonBP/Maps/FirstPersonExampleMap.umap" TEMPLATE=0 SHOWPROGRESS=1 FEATURELEVEL=3
[2017.12.10-13.15.41:672][  0]LightingResults: New page: Lighting Build
[2017.12.10-13.15.41:713][  0]MapCheck: New page: Map Check
[2017.12.10-13.15.41:713][  0]LightingResults: New page: Lighting Build
[2017.12.10-13.15.42:124][  0]LogAIModule: Creating AISystem for world FirstPersonExampleMap
[2017.12.10-13.15.42:130][  0]LogSkinnedMeshComp: Warning: GetSocketByName(GripPoint): No SkeletalMesh for Component(Mesh2P) Actor(FirstPersonCharacter_C_1)
[2017.12.10-13.15.42:130][  0]LogSkinnedMeshComp: Warning: GetSocketByName(GripPoint): No SkeletalMesh for Component(Mesh2P) Actor(FirstPersonCharacter_C_1)
[2017.12.10-13.15.42:130][  0]LogSkinnedMeshComp: Warning: GetSocketByName(GripPoint): No SkeletalMesh for Component(Mesh2P) Actor(FirstPersonCharacter_C_1)
[2017.12.10-13.15.42:131][  0]LogSkinnedMeshComp: Warning: GetSocketByName(GripPoint): No SkeletalMesh for Component(Mesh2P) Actor(FirstPersonCharacter_C_1)
[2017.12.10-13.15.42:132][  0]LogSkinnedMeshComp: Warning: GetSocketByName(GripPoint): No SkeletalMesh for Component(Mesh2P) Actor(FirstPersonCharacter_C_1)
[2017.12.10-13.15.42:132][  0]LogSkinnedMeshComp: Warning: GetSocketByName(GripPoint): No SkeletalMesh for Component(Mesh2P) Actor(FirstPersonCharacter_C_1)
[2017.12.10-13.15.42:133][  0]LogSkinnedMeshComp: Warning: GetSocketByName(GripPoint): No SkeletalMesh for Component(Mesh2P) Actor(FirstPersonCharacter_C_1)
[2017.12.10-13.15.42:133][  0]LogSkinnedMeshComp: Warning: GetSocketByName(GripPoint): No SkeletalMesh for Component(Mesh2P) Actor(FirstPersonCharacter_C_1)
[2017.12.10-13.15.42:133][  0]LogEditorServer: Finished looking for orphan Actors (0.000 secs)
[2017.12.10-13.15.42:155][  0]Cmd: MAP CHECKDEP NOCLEARLOG
[2017.12.10-13.15.42:212][  0]MapCheck: Map check complete: 0 Error(s), 0 Warning(s), took 57.325ms to complete.
[2017.12.10-13.15.42:212][  0]LogFileHelpers: Loading map 'FirstPersonExampleMap' took 0.541
[2017.12.10-13.15.42:710][  0]LogCollectionManager: Loaded 0 collections in 0.001388 seconds
[2017.12.10-13.15.42:793][  0]LogFileCache: Scanning file cache for directory 'C:/Users/Ashish Gosain/Documents/GitHub/HereAfter/GreyBox_Level1/Saved/Collections/' took 0.01s
[2017.12.10-13.15.42:793][  0]LogFileCache: Scanning file cache for directory 'C:/Users/Ashish Gosain/Documents/GitHub/HereAfter/GreyBox_Level1/Content/Developers/AshishGosain/Collections/' took 0.01s
[2017.12.10-13.15.42:793][  0]LogFileCache: Scanning file cache for directory 'C:/Users/Ashish Gosain/Documents/GitHub/HereAfter/GreyBox_Level1/Content/Collections/' took 0.01s
[2017.12.10-13.15.42:793][  0]LogCollectionManager: Rebuilt the GUID cache for 0 collections in 0.000000 seconds
[2017.12.10-13.15.42:802][  0]LogContentBrowser: Native class hierarchy populated in 0.0091 seconds. Added 2387 classes and 502 folders.
[2017.12.10-13.15.42:867][  0]LogContentBrowser: Native class hierarchy updated for 'WidgetCarousel' in 0.0007 seconds. Added 0 classes and 0 folders.
[2017.12.10-13.15.43:471][  0]LogContentBrowser: Native class hierarchy updated for 'AddContentDialog' in 0.0006 seconds. Added 0 classes and 0 folders.
[2017.12.10-13.15.43:490][  0]LogSlate: Took 0.000158 seconds to synchronously load lazily loaded font '../../../Engine/Content/Slate/Fonts/Roboto-Regular.ttf' (155K)
[2017.12.10-13.15.43:493][  0]LogSlate: Took 0.000189 seconds to synchronously load lazily loaded font '../../../Engine/Content/Slate/Fonts/Roboto-Bold.ttf' (160K)
[2017.12.10-13.15.43:582][  0]LogRenderer: Reallocating scene render targets to support 1572x924 Format 10 NumSamples 1 (Frame:1).
[2017.12.10-13.15.43:751][  0]LogContentBrowser: Native class hierarchy updated for 'HierarchicalLODOutliner' in 0.0007 seconds. Added 1 classes and 2 folders.
[2017.12.10-13.15.43:751][  0]LogLoad: (Engine Initialization) Total time: 42.29 seconds
[2017.12.10-13.15.43:751][  0]LogLoad: (Engine Initialization) Total Blueprint compile time: 0.00 seconds
[2017.12.10-13.15.43:751][  0]LogExternalProfiler: Found external profiler: VSPerf
[2017.12.10-13.15.43:751][  0]LogExternalProfiler: Using external profiler: VSPerf
[2017.12.10-13.15.44:111][  0]LogContentStreaming: Texture pool size now 1000 MB
[2017.12.10-13.15.44:432][  1]LogAssetRegistry: Asset discovery search completed in 26.8666 seconds
[2017.12.10-13.15.44:435][  1]LogCollectionManager: Rebuilt the object cache for 0 collections in 0.000001 seconds (found 0 objects)
[2017.12.10-13.15.44:435][  1]LogCollectionManager: Fixed up redirectors for 0 collections in 0.000085 seconds (updated 0 objects)
[2017.12.10-13.17.40:838][494]LogSlate: Took 0.000223 seconds to synchronously load lazily loaded font '../../../Engine/Content/Editor/Slate/Fonts/FontAwesome.ttf' (139K)
[2017.12.10-13.17.45:325][833]LogSlate: Took 0.000229 seconds to synchronously load lazily loaded font '../../../Engine/Content/Slate/Fonts/Roboto-Light.ttf' (159K)
[2017.12.10-13.17.53:947][493]LogSlate: Took 0.000160 seconds to synchronously load lazily loaded font '../../../Engine/Content/Slate/Fonts/Roboto-Light.ttf' (159K)
[2017.12.10-13.17.54:041][493]LogAIModule: Creating AISystem for world Greybox_1_v1
[2017.12.10-13.17.54:045][493]LogSkinnedMeshComp: Warning: GetSocketByName(GripPoint): No SkeletalMesh for Component(Mesh2P) Actor(FirstPersonCharacter_C_1)
[2017.12.10-13.17.54:045][493]LogSkinnedMeshComp: Warning: GetSocketByName(GripPoint): No SkeletalMesh for Component(Mesh2P) Actor(FirstPersonCharacter_C_1)
[2017.12.10-13.17.54:045][493]LogSkinnedMeshComp: Warning: GetSocketByName(GripPoint): No SkeletalMesh for Component(Mesh2P) Actor(FirstPersonCharacter_C_1)
[2017.12.10-13.17.54:047][493]LogSkinnedMeshComp: Warning: GetSocketByName(GripPoint): No SkeletalMesh for Component(Mesh2P) Actor(FirstPersonCharacter_C_1)
[2017.12.10-13.17.54:048][493]LogSkinnedMeshComp: Warning: GetSocketByName(GripPoint): No SkeletalMesh for Component(Mesh2P) Actor(FirstPersonCharacter_C_1)
[2017.12.10-13.17.54:048][493]LogSkinnedMeshComp: Warning: GetSocketByName(GripPoint): No SkeletalMesh for Component(Mesh2P) Actor(FirstPersonCharacter_C_1)
[2017.12.10-13.17.54:048][493]LogSkinnedMeshComp: Warning: GetSocketByName(GripPoint): No SkeletalMesh for Component(Mesh2P) Actor(FirstPersonCharacter_C_1)
[2017.12.10-13.17.54:048][493]LogSkinnedMeshComp: Warning: GetSocketByName(GripPoint): No SkeletalMesh for Component(Mesh2P) Actor(FirstPersonCharacter_C_1)
[2017.12.10-13.17.54:064][493]Cmd: MAP LOAD FILE="../../../../../../Users/Ashish Gosain/Documents/GitHub/HereAfter/GreyBox_Level1/Content/Maps/Greybox_1_v1.umap" TEMPLATE=0 SHOWPROGRESS=1 FEATURELEVEL=3
[2017.12.10-13.17.54:064][493]LightingResults: New page: Lighting Build
[2017.12.10-13.17.54:065][493]LoadErrors: New page: Loading map: Greybox_1_v1.umap
[2017.12.10-13.17.54:065][493]MapCheck: New page: Map Check
[2017.12.10-13.17.54:065][493]LightingResults: New page: Lighting Build
[2017.12.10-13.17.54:075][493]LogSkinnedMeshComp: Warning: GetSocketByName(GripPoint): No SkeletalMesh for Component(Mesh2P) Actor(None)
[2017.12.10-13.17.54:075][493]LogSkinnedMeshComp: Warning: GetSocketByName(GripPoint): No SkeletalMesh for Component(Mesh2P) Actor(None)
[2017.12.10-13.17.54:080][493]LogSkinnedMeshComp: Warning: GetSocketByName(GripPoint): No SkeletalMesh for Component(Mesh2P) Actor(FirstPersonCharacter_C_1)
[2017.12.10-13.17.54:080][493]LogSkinnedMeshComp: Warning: GetSocketByName(GripPoint): No SkeletalMesh for Component(Mesh2P) Actor(FirstPersonCharacter_C_1)
[2017.12.10-13.17.54:080][493]LogSkinnedMeshComp: Warning: GetSocketByName(GripPoint): No SkeletalMesh for Component(Mesh2P) Actor(FirstPersonCharacter_C_1)
[2017.12.10-13.17.54:081][493]LogSkinnedMeshComp: Warning: GetSocketByName(GripPoint): No SkeletalMesh for Component(Mesh2P) Actor(FirstPersonCharacter_C_1)
[2017.12.10-13.17.54:082][493]LogSkinnedMeshComp: Warning: GetSocketByName(GripPoint): No SkeletalMesh for Component(Mesh2P) Actor(FirstPersonCharacter_C_1)
[2017.12.10-13.17.54:083][493]LogSkinnedMeshComp: Warning: GetSocketByName(GripPoint): No SkeletalMesh for Component(Mesh2P) Actor(FirstPersonCharacter_C_1)
[2017.12.10-13.17.54:083][493]LogSkinnedMeshComp: Warning: GetSocketByName(GripPoint): No SkeletalMesh for Component(Mesh2P) Actor(FirstPersonCharacter_C_1)
[2017.12.10-13.17.54:083][493]LogSkinnedMeshComp: Warning: GetSocketByName(GripPoint): No SkeletalMesh for Component(Mesh2P) Actor(FirstPersonCharacter_C_1)
[2017.12.10-13.17.54:083][493]LogSkinnedMeshComp: Warning: GetSocketByName(GripPoint): No SkeletalMesh for Component(Mesh2P) Actor(FirstPersonCharacter_C_1)
[2017.12.10-13.17.54:084][493]LogEditorServer: Finished looking for orphan Actors (0.000 secs)
[2017.12.10-13.17.54:168][493]Cmd: MAP CHECKDEP NOCLEARLOG
[2017.12.10-13.17.54:223][493]MapCheck: Map check complete: 0 Error(s), 0 Warning(s), took 55.021ms to complete.
[2017.12.10-13.17.54:223][493]LogFileHelpers: Loading map 'Greybox_1_v1' took 0.160
[2017.12.10-13.18.32:456][155]Cmd: TRANSACTION UNDO
[2017.12.10-13.18.32:456][155]LogEditorTransaction: Undo Move Actors
[2017.12.10-13.18.32:471][155]LogActorComponent: ~FComponentReregisterContext: (/Game/Maps/Greybox_1_v1.Greybox_1_v1:PersistentLevel.CylinderBrush8.BrushComponent0) Component already registered.
[2017.12.10-13.18.32:471][155]LogActorComponent: ~FComponentReregisterContext: (/Game/Maps/Greybox_1_v1.Greybox_1_v1:PersistentLevel.CylinderBrush_19.BrushComponent0) Component already registered.
[2017.12.10-13.18.32:471][155]LogActorComponent: ~FComponentReregisterContext: (/Game/Maps/Greybox_1_v1.Greybox_1_v1:PersistentLevel.BoxBrush46.BrushComponent0) Component already registered.
[2017.12.10-13.18.32:472][155]LogActorComponent: ~FComponentReregisterContext: (/Game/Maps/Greybox_1_v1.Greybox_1_v1:PersistentLevel.BoxBrush40.BrushComponent0) Component already registered.
[2017.12.10-13.18.32:472][155]LogActorComponent: ~FComponentReregisterContext: (/Game/Maps/Greybox_1_v1.Greybox_1_v1:PersistentLevel.BoxBrush20.BrushComponent0) Component already registered.
[2017.12.10-13.18.32:487][155]LogActorComponent: ~FComponentReregisterContext: (/Game/Maps/Greybox_1_v1.Greybox_1_v1:PersistentLevel.Subtractive_Box.BrushComponent0) Component already registered.
[2017.12.10-13.18.32:487][155]LogActorComponent: ~FComponentReregisterContext: (/Game/Maps/Greybox_1_v1.Greybox_1_v1:PersistentLevel.CylinderBrush2.BrushComponent0) Component already registered.
[2017.12.10-13.18.32:488][155]LogActorComponent: ~FComponentReregisterContext: (/Game/Maps/Greybox_1_v1.Greybox_1_v1:PersistentLevel.BoxBrush19.BrushComponent0) Component already registered.
[2017.12.10-13.18.32:488][155]LogActorComponent: ~FComponentReregisterContext: (/Game/Maps/Greybox_1_v1.Greybox_1_v1:PersistentLevel.BoxBrush53.BrushComponent0) Component already registered.
[2017.12.10-13.18.32:488][155]LogActorComponent: ~FComponentReregisterContext: (/Game/Maps/Greybox_1_v1.Greybox_1_v1:PersistentLevel.BoxBrush18.BrushComponent0) Component already registered.
[2017.12.10-13.18.32:489][155]LogActorComponent: ~FComponentReregisterContext: (/Game/Maps/Greybox_1_v1.Greybox_1_v1:PersistentLevel.CylinderBrush16_21.BrushComponent0) Component already registered.
[2017.12.10-13.18.32:489][155]LogActorComponent: ~FComponentReregisterContext: (/Game/Maps/Greybox_1_v1.Greybox_1_v1:PersistentLevel.CylinderBrush10_15.BrushComponent0) Component already registered.
[2017.12.10-13.18.32:489][155]LogActorComponent: ~FComponentReregisterContext: (/Game/Maps/Greybox_1_v1.Greybox_1_v1:PersistentLevel.BoxBrush12.BrushComponent0) Component already registered.
[2017.12.10-13.18.32:490][155]LogActorComponent: ~FComponentReregisterContext: (/Game/Maps/Greybox_1_v1.Greybox_1_v1:PersistentLevel.BoxBrush3.BrushComponent0) Component already registered.
[2017.12.10-13.18.32:490][155]LogActorComponent: ~FComponentReregisterContext: (/Game/Maps/Greybox_1_v1.Greybox_1_v1:PersistentLevel.BoxBrush72.BrushComponent0) Component already registered.
[2017.12.10-13.18.32:490][155]LogActorComponent: ~FComponentReregisterContext: (/Game/Maps/Greybox_1_v1.Greybox_1_v1:PersistentLevel.BoxBrush17.BrushComponent0) Component already registered.
[2017.12.10-13.18.32:561][155]LogSlate: Took 0.000218 seconds to synchronously load lazily loaded font '../../../Engine/Content/Slate/Fonts/Roboto-Light.ttf' (159K)
[2017.12.10-13.18.36:936][437]Cmd: EDIT CUT
[2017.12.10-13.18.36:942][437]LogEditorActor: Deleted Actor: Brush
[2017.12.10-13.18.36:942][437]LogEditorActor: Deleted Actor: Brush
[2017.12.10-13.18.37:015][437]LogEditorActor: Deleted 2 Actors (0.075 secs)
[2017.12.10-13.18.38:202][580]Cmd: TRANSACTION UNDO
[2017.12.10-13.18.38:202][580]LogEditorTransaction: Undo Cut
[2017.12.10-13.18.38:215][580]LogActorComponent: ~FComponentReregisterContext: (/Game/Maps/Greybox_1_v1.Greybox_1_v1:PersistentLevel.CylinderBrush8.BrushComponent0) Component already registered.
[2017.12.10-13.18.38:216][580]LogActorComponent: ~FComponentReregisterContext: (/Game/Maps/Greybox_1_v1.Greybox_1_v1:PersistentLevel.CylinderBrush5.BrushComponent0) Component already registered.
[2017.12.10-13.18.38:216][580]LogActorComponent: ~FComponentReregisterContext: (/Game/Maps/Greybox_1_v1.Greybox_1_v1:PersistentLevel.BoxBrush44.BrushComponent0) Component already registered.
[2017.12.10-13.18.38:216][580]LogActorComponent: ~FComponentReregisterContext: (/Game/Maps/Greybox_1_v1.Greybox_1_v1:PersistentLevel.BoxBrush70.BrushComponent0) Component already registered.
[2017.12.10-13.18.38:231][580]LogActorComponent: ~FComponentReregisterContext: (/Game/Maps/Greybox_1_v1.Greybox_1_v1:PersistentLevel.BoxBrush24.BrushComponent0) Component already registered.
[2017.12.10-13.18.38:232][580]LogActorComponent: ~FComponentReregisterContext: (/Game/Maps/Greybox_1_v1.Greybox_1_v1:PersistentLevel.BoxBrush11_15.BrushComponent0) Component already registered.
[2017.12.10-13.18.38:232][580]LogActorComponent: ~FComponentReregisterContext: (/Game/Maps/Greybox_1_v1.Greybox_1_v1:PersistentLevel.BoxBrush54.BrushComponent0) Component already registered.
[2017.12.10-13.18.38:232][580]LogActorComponent: ~FComponentReregisterContext: (/Game/Maps/Greybox_1_v1.Greybox_1_v1:PersistentLevel.CylinderBrush16_21.BrushComponent0) Component already registered.
[2017.12.10-13.18.38:233][580]LogActorComponent: ~FComponentReregisterContext: (/Game/Maps/Greybox_1_v1.Greybox_1_v1:PersistentLevel.CylinderBrush10_15.BrushComponent0) Component already registered.
[2017.12.10-13.18.38:233][580]LogActorComponent: ~FComponentReregisterContext: (/Game/Maps/Greybox_1_v1.Greybox_1_v1:PersistentLevel.BoxBrush67_10.BrushComponent0) Component already registered.
[2017.12.10-13.18.38:233][580]LogActorComponent: ~FComponentReregisterContext: (/Game/Maps/Greybox_1_v1.Greybox_1_v1:PersistentLevel.BoxBrush36_16.BrushComponent0) Component already registered.
[2017.12.10-13.18.38:234][580]LogActorComponent: ~FComponentReregisterContext: (/Game/Maps/Greybox_1_v1.Greybox_1_v1:PersistentLevel.BoxBrush48.BrushComponent0) Component already registered.
[2017.12.10-13.18.38:678][605]Cmd: TRANSACTION UNDO
[2017.12.10-13.18.38:678][605]LogEditorTransaction: Undo Move Actors
[2017.12.10-13.18.38:700][605]LogActorComponent: ~FComponentReregisterContext: (/Game/Maps/Greybox_1_v1.Greybox_1_v1:PersistentLevel.CylinderBrush8.BrushComponent0) Component already registered.
[2017.12.10-13.18.38:700][605]LogActorComponent: ~FComponentReregisterContext: (/Game/Maps/Greybox_1_v1.Greybox_1_v1:PersistentLevel.CylinderBrush_19.BrushComponent0) Component already registered.
[2017.12.10-13.18.38:700][605]LogActorComponent: ~FComponentReregisterContext: (/Game/Maps/Greybox_1_v1.Greybox_1_v1:PersistentLevel.BoxBrush46.BrushComponent0) Component already registered.
[2017.12.10-13.18.38:701][605]LogActorComponent: ~FComponentReregisterContext: (/Game/Maps/Greybox_1_v1.Greybox_1_v1:PersistentLevel.BoxBrush40.BrushComponent0) Component already registered.
[2017.12.10-13.18.38:716][605]LogActorComponent: ~FComponentReregisterContext: (/Game/Maps/Greybox_1_v1.Greybox_1_v1:PersistentLevel.Subtractive_Box.BrushComponent0) Component already registered.
[2017.12.10-13.18.38:717][605]LogActorComponent: ~FComponentReregisterContext: (/Game/Maps/Greybox_1_v1.Greybox_1_v1:PersistentLevel.BoxBrush8.BrushComponent0) Component already registered.
[2017.12.10-13.18.38:717][605]LogActorComponent: ~FComponentReregisterContext: (/Game/Maps/Greybox_1_v1.Greybox_1_v1:PersistentLevel.LinearStairBrush.BrushComponent0) Component already registered.
[2017.12.10-13.18.38:718][605]LogActorComponent: ~FComponentReregisterContext: (/Game/Maps/Greybox_1_v1.Greybox_1_v1:PersistentLevel.BoxBrush53.BrushComponent0) Component already registered.
[2017.12.10-13.18.38:718][605]LogActorComponent: ~FComponentReregisterContext: (/Game/Maps/Greybox_1_v1.Greybox_1_v1:PersistentLevel.BoxBrush18.BrushComponent0) Component already registered.
[2017.12.10-13.18.38:718][605]LogActorComponent: ~FComponentReregisterContext: (/Game/Maps/Greybox_1_v1.Greybox_1_v1:PersistentLevel.CylinderBrush16_21.BrushComponent0) Component already registered.
[2017.12.10-13.18.38:718][605]LogActorComponent: ~FComponentReregisterContext: (/Game/Maps/Greybox_1_v1.Greybox_1_v1:PersistentLevel.CylinderBrush10_15.BrushComponent0) Component already registered.
[2017.12.10-13.18.38:719][605]LogActorComponent: ~FComponentReregisterContext: (/Game/Maps/Greybox_1_v1.Greybox_1_v1:PersistentLevel.BoxBrush12.BrushComponent0) Component already registered.
[2017.12.10-13.18.38:719][605]LogActorComponent: ~FComponentReregisterContext: (/Game/Maps/Greybox_1_v1.Greybox_1_v1:PersistentLevel.BoxBrush3.BrushComponent0) Component already registered.
[2017.12.10-13.18.38:720][605]LogActorComponent: ~FComponentReregisterContext: (/Game/Maps/Greybox_1_v1.Greybox_1_v1:PersistentLevel.BoxBrush72.BrushComponent0) Component already registered.
[2017.12.10-13.18.38:720][605]LogActorComponent: ~FComponentReregisterContext: (/Game/Maps/Greybox_1_v1.Greybox_1_v1:PersistentLevel.BoxBrush17.BrushComponent0) Component already registered.
[2017.12.10-13.20.12:318][282]Cmd: EDIT CUT
[2017.12.10-13.20.12:332][282]LogEditorActor: Deleted Actor: Brush
[2017.12.10-13.20.12:332][282]LogEditorActor: Deleted Actor: Brush
[2017.12.10-13.20.12:332][282]LogEditorActor: Deleted Actor: Brush
[2017.12.10-13.20.12:332][282]LogEditorActor: Deleted Actor: Brush
[2017.12.10-13.20.12:333][282]LogEditorActor: Deleted Actor: Brush
[2017.12.10-13.20.12:333][282]LogEditorActor: Deleted Actor: Brush
[2017.12.10-13.20.12:333][282]LogEditorActor: Deleted Actor: Brush
[2017.12.10-13.20.12:333][282]LogEditorActor: Deleted Actor: Brush
[2017.12.10-13.20.12:333][282]LogEditorActor: Deleted Actor: Brush
[2017.12.10-13.20.12:333][282]LogEditorActor: Deleted Actor: Brush
[2017.12.10-13.20.12:333][282]LogEditorActor: Deleted Actor: Brush
[2017.12.10-13.20.12:333][282]LogEditorActor: Deleted Actor: Brush
[2017.12.10-13.20.12:333][282]LogEditorActor: Deleted Actor: Brush
[2017.12.10-13.20.12:333][282]LogEditorActor: Deleted Actor: Brush
[2017.12.10-13.20.12:334][282]LogEditorActor: Deleted Actor: Brush
[2017.12.10-13.20.12:334][282]LogEditorActor: Deleted Actor: Brush
[2017.12.10-13.20.12:391][282]LogEditorActor: Deleted 16 Actors (0.062 secs)
[2017.12.10-13.20.13:370][400]Cmd: TRANSACTION UNDO
[2017.12.10-13.20.13:370][400]LogEditorTransaction: Undo Cut
[2017.12.10-13.20.13:382][400]LogActorComponent: ~FComponentReregisterContext: (/Game/Maps/Greybox_1_v1.Greybox_1_v1:PersistentLevel.BoxBrush19.BrushComponent0) Component already registered.
[2017.12.10-13.20.13:382][400]LogActorComponent: ~FComponentReregisterContext: (/Game/Maps/Greybox_1_v1.Greybox_1_v1:PersistentLevel.BoxBrush24.BrushComponent0) Component already registered.
[2017.12.10-13.20.13:398][400]LogActorComponent: ~FComponentReregisterContext: (/Game/Maps/Greybox_1_v1.Greybox_1_v1:PersistentLevel.Subtractive_Box.BrushComponent0) Component already registered.
[2017.12.10-13.20.13:399][400]LogActorComponent: ~FComponentReregisterContext: (/Game/Maps/Greybox_1_v1.Greybox_1_v1:PersistentLevel.BoxBrush54.BrushComponent0) Component already registered.
[2017.12.10-13.20.13:400][400]LogActorComponent: ~FComponentReregisterContext: (/Game/Maps/Greybox_1_v1.Greybox_1_v1:PersistentLevel.BoxBrush46.BrushComponent0) Component already registered.
[2017.12.10-13.20.13:400][400]LogActorComponent: ~FComponentReregisterContext: (/Game/Maps/Greybox_1_v1.Greybox_1_v1:PersistentLevel.BoxBrush45.BrushComponent0) Component already registered.
[2017.12.10-13.20.13:400][400]LogActorComponent: ~FComponentReregisterContext: (/Game/Maps/Greybox_1_v1.Greybox_1_v1:PersistentLevel.BoxBrush13.BrushComponent0) Component already registered.
[2017.12.10-13.20.13:400][400]LogActorComponent: ~FComponentReregisterContext: (/Game/Maps/Greybox_1_v1.Greybox_1_v1:PersistentLevel.BoxBrush37.BrushComponent0) Component already registered.
[2017.12.10-13.20.13:745][420]Cmd: TRANSACTION UNDO
[2017.12.10-13.20.13:745][420]LogEditorTransaction: Undo Move Actors
[2017.12.10-13.20.13:767][420]LogActorComponent: ~FComponentReregisterContext: (/Game/Maps/Greybox_1_v1.Greybox_1_v1:PersistentLevel.BoxBrush24.BrushComponent0) Component already registered.
[2017.12.10-13.20.13:768][420]LogActorComponent: ~FComponentReregisterContext: (/Game/Maps/Greybox_1_v1.Greybox_1_v1:PersistentLevel.BoxBrush11_15.BrushComponent0) Component already registered.
[2017.12.10-13.20.13:768][420]LogActorComponent: ~FComponentReregisterContext: (/Game/Maps/Greybox_1_v1.Greybox_1_v1:PersistentLevel.BoxBrush40.BrushComponent0) Component already registered.
[2017.12.10-13.20.13:769][420]LogActorComponent: ~FComponentReregisterContext: (/Game/Maps/Greybox_1_v1.Greybox_1_v1:PersistentLevel.CylinderBrush_19.BrushComponent0) Component already registered.
[2017.12.10-13.20.13:769][420]LogActorComponent: ~FComponentReregisterContext: (/Game/Maps/Greybox_1_v1.Greybox_1_v1:PersistentLevel.CylinderBrush12_17.BrushComponent0) Component already registered.
[2017.12.10-13.20.13:770][420]LogActorComponent: ~FComponentReregisterContext: (/Game/Maps/Greybox_1_v1.Greybox_1_v1:PersistentLevel.BoxBrush16.BrushComponent0) Component already registered.
[2017.12.10-13.20.13:783][420]LogActorComponent: ~FComponentReregisterContext: (/Game/Maps/Greybox_1_v1.Greybox_1_v1:PersistentLevel.CylinderBrush8.BrushComponent0) Component already registered.
[2017.12.10-13.20.13:785][420]LogActorComponent: ~FComponentReregisterContext: (/Game/Maps/Greybox_1_v1.Greybox_1_v1:PersistentLevel.BoxBrush.BrushComponent0) Component already registered.
[2017.12.10-13.20.13:785][420]LogActorComponent: ~FComponentReregisterContext: (/Game/Maps/Greybox_1_v1.Greybox_1_v1:PersistentLevel.BoxBrush7.BrushComponent0) Component already registered.
[2017.12.10-13.20.13:785][420]LogActorComponent: ~FComponentReregisterContext: (/Game/Maps/Greybox_1_v1.Greybox_1_v1:PersistentLevel.BoxBrush50.BrushComponent0) Component already registered.
[2017.12.10-13.20.13:786][420]LogActorComponent: ~FComponentReregisterContext: (/Game/Maps/Greybox_1_v1.Greybox_1_v1:PersistentLevel.BoxBrush71.BrushComponent0) Component already registered.
[2017.12.10-13.20.13:787][420]LogActorComponent: ~FComponentReregisterContext: (/Game/Maps/Greybox_1_v1.Greybox_1_v1:PersistentLevel.BoxBrush9.BrushComponent0) Component already registered.
[2017.12.10-13.20.13:787][420]LogActorComponent: ~FComponentReregisterContext: (/Game/Maps/Greybox_1_v1.Greybox_1_v1:PersistentLevel.BoxBrush13.BrushComponent0) Component already registered.
[2017.12.10-13.20.25:137][472]Cmd: TRANSACTION UNDO
[2017.12.10-13.20.25:137][472]LogEditorTransaction: Undo Move Actors
[2017.12.10-13.20.25:151][472]LogActorComponent: ~FComponentReregisterContext: (/Game/Maps/Greybox_1_v1.Greybox_1_v1:PersistentLevel.BoxBrush24.BrushComponent0) Component already registered.
[2017.12.10-13.20.25:152][472]LogActorComponent: ~FComponentReregisterContext: (/Game/Maps/Greybox_1_v1.Greybox_1_v1:PersistentLevel.BoxBrush11_15.BrushComponent0) Component already registered.
[2017.12.10-13.20.25:152][472]LogActorComponent: ~FComponentReregisterContext: (/Game/Maps/Greybox_1_v1.Greybox_1_v1:PersistentLevel.BoxBrush40.BrushComponent0) Component already registered.
[2017.12.10-13.20.25:153][472]LogActorComponent: ~FComponentReregisterContext: (/Game/Maps/Greybox_1_v1.Greybox_1_v1:PersistentLevel.CylinderBrush_19.BrushComponent0) Component already registered.
[2017.12.10-13.20.25:153][472]LogActorComponent: ~FComponentReregisterContext: (/Game/Maps/Greybox_1_v1.Greybox_1_v1:PersistentLevel.CylinderBrush12_17.BrushComponent0) Component already registered.
[2017.12.10-13.20.25:153][472]LogActorComponent: ~FComponentReregisterContext: (/Game/Maps/Greybox_1_v1.Greybox_1_v1:PersistentLevel.BoxBrush16.BrushComponent0) Component already registered.
[2017.12.10-13.20.25:167][472]LogActorComponent: ~FComponentReregisterContext: (/Game/Maps/Greybox_1_v1.Greybox_1_v1:PersistentLevel.CylinderBrush8.BrushComponent0) Component already registered.
[2017.12.10-13.20.25:169][472]LogActorComponent: ~FComponentReregisterContext: (/Game/Maps/Greybox_1_v1.Greybox_1_v1:PersistentLevel.BoxBrush.BrushComponent0) Component already registered.
[2017.12.10-13.20.25:169][472]LogActorComponent: ~FComponentReregisterContext: (/Game/Maps/Greybox_1_v1.Greybox_1_v1:PersistentLevel.BoxBrush7.BrushComponent0) Component already registered.
[2017.12.10-13.20.25:170][472]LogActorComponent: ~FComponentReregisterContext: (/Game/Maps/Greybox_1_v1.Greybox_1_v1:PersistentLevel.BoxBrush50.BrushComponent0) Component already registered.
[2017.12.10-13.20.25:170][472]LogActorComponent: ~FComponentReregisterContext: (/Game/Maps/Greybox_1_v1.Greybox_1_v1:PersistentLevel.BoxBrush71.BrushComponent0) Component already registered.
[2017.12.10-13.20.25:171][472]LogActorComponent: ~FComponentReregisterContext: (/Game/Maps/Greybox_1_v1.Greybox_1_v1:PersistentLevel.BoxBrush9.BrushComponent0) Component already registered.
[2017.12.10-13.20.25:171][472]LogActorComponent: ~FComponentReregisterContext: (/Game/Maps/Greybox_1_v1.Greybox_1_v1:PersistentLevel.BoxBrush13.BrushComponent0) Component already registered.
[2017.12.10-13.20.53:252][309]Cmd: TRANSACTION UNDO
[2017.12.10-13.20.53:253][309]LogEditorTransaction: Undo Move Actors
[2017.12.10-13.20.53:267][309]LogActorComponent: ~FComponentReregisterContext: (/Game/Maps/Greybox_1_v1.Greybox_1_v1:PersistentLevel.LinearStairBrush.BrushComponent0) Component already registered.
[2017.12.10-13.20.53:267][309]LogActorComponent: ~FComponentReregisterContext: (/Game/Maps/Greybox_1_v1.Greybox_1_v1:PersistentLevel.BoxBrush16.BrushComponent0) Component already registered.
[2017.12.10-13.20.53:268][309]LogActorComponent: ~FComponentReregisterContext: (/Game/Maps/Greybox_1_v1.Greybox_1_v1:PersistentLevel.BoxBrush24.BrushComponent0) Component already registered.
[2017.12.10-13.20.53:268][309]LogActorComponent: ~FComponentReregisterContext: (/Game/Maps/Greybox_1_v1.Greybox_1_v1:PersistentLevel.CylinderBrush_19.BrushComponent0) Component already registered.
[2017.12.10-13.20.53:269][309]LogActorComponent: ~FComponentReregisterContext: (/Game/Maps/Greybox_1_v1.Greybox_1_v1:PersistentLevel.CylinderBrush12_17.BrushComponent0) Component already registered.
[2017.12.10-13.20.53:285][309]LogActorComponent: ~FComponentReregisterContext: (/Game/Maps/Greybox_1_v1.Greybox_1_v1:PersistentLevel.CylinderBrush8.BrushComponent0) Component already registered.
[2017.12.10-13.20.53:285][309]LogActorComponent: ~FComponentReregisterContext: (/Game/Maps/Greybox_1_v1.Greybox_1_v1:PersistentLevel.BoxBrush32.BrushComponent0) Component already registered.
[2017.12.10-13.20.53:285][309]LogActorComponent: ~FComponentReregisterContext: (/Game/Maps/Greybox_1_v1.Greybox_1_v1:PersistentLevel.BoxBrush48.BrushComponent0) Component already registered.
[2017.12.10-13.20.53:285][309]LogActorComponent: ~FComponentReregisterContext: (/Game/Maps/Greybox_1_v1.Greybox_1_v1:PersistentLevel.BoxBrush13.BrushComponent0) Component already registered.
[2017.12.10-13.20.53:286][309]LogActorComponent: ~FComponentReregisterContext: (/Game/Maps/Greybox_1_v1.Greybox_1_v1:PersistentLevel.BoxBrush7.BrushComponent0) Component already registered.
[2017.12.10-13.20.53:286][309]LogActorComponent: ~FComponentReregisterContext: (/Game/Maps/Greybox_1_v1.Greybox_1_v1:PersistentLevel.BoxBrush44.BrushComponent0) Component already registered.
[2017.12.10-13.20.53:286][309]LogActorComponent: ~FComponentReregisterContext: (/Game/Maps/Greybox_1_v1.Greybox_1_v1:PersistentLevel.BoxBrush39.BrushComponent0) Component already registered.
[2017.12.10-13.20.53:287][309]LogActorComponent: ~FComponentReregisterContext: (/Game/Maps/Greybox_1_v1.Greybox_1_v1:PersistentLevel.BoxBrush12.BrushComponent0) Component already registered.
[2017.12.10-13.20.53:287][309]LogActorComponent: ~FComponentReregisterContext: (/Game/Maps/Greybox_1_v1.Greybox_1_v1:PersistentLevel.BoxBrush71.BrushComponent0) Component already registered.
[2017.12.10-13.21.02:814][ 49]Cmd: TRANSACTION UNDO
[2017.12.10-13.21.02:814][ 49]LogEditorTransaction: Undo Move Actors
[2017.12.10-13.21.02:828][ 49]LogActorComponent: ~FComponentReregisterContext: (/Game/Maps/Greybox_1_v1.Greybox_1_v1:PersistentLevel.LinearStairBrush.BrushComponent0) Component already registered.
[2017.12.10-13.21.02:829][ 49]LogActorComponent: ~FComponentReregisterContext: (/Game/Maps/Greybox_1_v1.Greybox_1_v1:PersistentLevel.BoxBrush16.BrushComponent0) Component already registered.
[2017.12.10-13.21.02:829][ 49]LogActorComponent: ~FComponentReregisterContext: (/Game/Maps/Greybox_1_v1.Greybox_1_v1:PersistentLevel.BoxBrush24.BrushComponent0) Component already registered.
[2017.12.10-13.21.02:832][ 49]LogActorComponent: ~FComponentReregisterContext: (/Game/Maps/Greybox_1_v1.Greybox_1_v1:PersistentLevel.CylinderBrush_19.BrushComponent0) Component already registered.
[2017.12.10-13.21.02:833][ 49]LogActorComponent: ~FComponentReregisterContext: (/Game/Maps/Greybox_1_v1.Greybox_1_v1:PersistentLevel.CylinderBrush12_17.BrushComponent0) Component already registered.
[2017.12.10-13.21.02:846][ 49]LogActorComponent: ~FComponentReregisterContext: (/Game/Maps/Greybox_1_v1.Greybox_1_v1:PersistentLevel.BoxBrush.BrushComponent0) Component already registered.
[2017.12.10-13.21.02:846][ 49]LogActorComponent: ~FComponentReregisterContext: (/Game/Maps/Greybox_1_v1.Greybox_1_v1:PersistentLevel.CylinderBrush8.BrushComponent0) Component already registered.
[2017.12.10-13.21.02:846][ 49]LogActorComponent: ~FComponentReregisterContext: (/Game/Maps/Greybox_1_v1.Greybox_1_v1:PersistentLevel.BoxBrush32.BrushComponent0) Component already registered.
[2017.12.10-13.21.02:847][ 49]LogActorComponent: ~FComponentReregisterContext: (/Game/Maps/Greybox_1_v1.Greybox_1_v1:PersistentLevel.BoxBrush48.BrushComponent0) Component already registered.
[2017.12.10-13.21.02:847][ 49]LogActorComponent: ~FComponentReregisterContext: (/Game/Maps/Greybox_1_v1.Greybox_1_v1:PersistentLevel.BoxBrush13.BrushComponent0) Component already registered.
[2017.12.10-13.21.02:847][ 49]LogActorComponent: ~FComponentReregisterContext: (/Game/Maps/Greybox_1_v1.Greybox_1_v1:PersistentLevel.BoxBrush7.BrushComponent0) Component already registered.
[2017.12.10-13.21.02:848][ 49]LogActorComponent: ~FComponentReregisterContext: (/Game/Maps/Greybox_1_v1.Greybox_1_v1:PersistentLevel.BoxBrush44.BrushComponent0) Component already registered.
[2017.12.10-13.21.02:848][ 49]LogActorComponent: ~FComponentReregisterContext: (/Game/Maps/Greybox_1_v1.Greybox_1_v1:PersistentLevel.BoxBrush39.BrushComponent0) Component already registered.
[2017.12.10-13.21.02:848][ 49]LogActorComponent: ~FComponentReregisterContext: (/Game/Maps/Greybox_1_v1.Greybox_1_v1:PersistentLevel.BoxBrush12.BrushComponent0) Component already registered.
[2017.12.10-13.21.02:849][ 49]LogActorComponent: ~FComponentReregisterContext: (/Game/Maps/Greybox_1_v1.Greybox_1_v1:PersistentLevel.BoxBrush71.BrushComponent0) Component already registered.
[2017.12.10-13.21.56:696][645]LogStaticMesh: Building static mesh House_Level...
[2017.12.10-13.21.56:921][645]LogStaticMesh: Built static mesh [0.23s] /Game/Levels/Demo/House/House_Level.House_Level
[2017.12.10-13.21.56:945][645]LogActorFactory: Actor Factory created House_Level
[2017.12.10-13.21.57:005][645]LogEditor: Error: Actor 'Brush /Game/Maps/Greybox_1_v1.Greybox_1_v1:PersistentLevel.BoxBrush34' is marked pending kill and cannot be converted
[2017.12.10-13.21.57:006][645]LogEditor: Error: Actor 'Brush /Game/Maps/Greybox_1_v1.Greybox_1_v1:PersistentLevel.BoxBrush33' is marked pending kill and cannot be converted
[2017.12.10-13.21.57:006][645]LogEditor: Error: Actor 'Brush /Game/Maps/Greybox_1_v1.Greybox_1_v1:PersistentLevel.CylinderBrush16_21' is marked pending kill and cannot be converted
[2017.12.10-13.21.57:006][645]LogEditor: Error: Actor 'Brush /Game/Maps/Greybox_1_v1.Greybox_1_v1:PersistentLevel.CylinderBrush10_15' is marked pending kill and cannot be converted
[2017.12.10-13.21.57:006][645]LogEditor: Error: Actor 'Brush /Game/Maps/Greybox_1_v1.Greybox_1_v1:PersistentLevel.CylinderBrush11_16' is marked pending kill and cannot be converted
[2017.12.10-13.21.57:006][645]LogEditor: Error: Actor 'Brush /Game/Maps/Greybox_1_v1.Greybox_1_v1:PersistentLevel.CylinderBrush12_17' is marked pending kill and cannot be converted
[2017.12.10-13.21.57:006][645]LogEditor: Error: Actor 'Brush /Game/Maps/Greybox_1_v1.Greybox_1_v1:PersistentLevel.CylinderBrush13_18' is marked pending kill and cannot be converted
[2017.12.10-13.21.57:006][645]LogEditor: Error: Actor 'Brush /Game/Maps/Greybox_1_v1.Greybox_1_v1:PersistentLevel.CylinderBrush14_19' is marked pending kill and cannot be converted
[2017.12.10-13.21.57:006][645]LogEditor: Error: Actor 'Brush /Game/Maps/Greybox_1_v1.Greybox_1_v1:PersistentLevel.CylinderBrush15_20' is marked pending kill and cannot be converted
[2017.12.10-13.21.57:006][645]LogEditor: Error: Actor 'Brush /Game/Maps/Greybox_1_v1.Greybox_1_v1:PersistentLevel.CylinderBrush9' is marked pending kill and cannot be converted
[2017.12.10-13.21.57:006][645]LogEditor: Error: Actor 'Brush /Game/Maps/Greybox_1_v1.Greybox_1_v1:PersistentLevel.CylinderBrush_19' is marked pending kill and cannot be converted
[2017.12.10-13.21.57:006][645]LogEditor: Error: Actor 'Brush /Game/Maps/Greybox_1_v1.Greybox_1_v1:PersistentLevel.CylinderBrush4_21' is marked pending kill and cannot be converted
[2017.12.10-13.21.57:006][645]LogEditor: Error: Actor 'Brush /Game/Maps/Greybox_1_v1.Greybox_1_v1:PersistentLevel.CylinderBrush5' is marked pending kill and cannot be converted
[2017.12.10-13.21.57:006][645]LogEditor: Error: Actor 'Brush /Game/Maps/Greybox_1_v1.Greybox_1_v1:PersistentLevel.CylinderBrush6' is marked pending kill and cannot be converted
[2017.12.10-13.21.57:006][645]LogEditor: Error: Actor 'Brush /Game/Maps/Greybox_1_v1.Greybox_1_v1:PersistentLevel.CylinderBrush7' is marked pending kill and cannot be converted
[2017.12.10-13.21.57:006][645]LogEditor: Error: Actor 'Brush /Game/Maps/Greybox_1_v1.Greybox_1_v1:PersistentLevel.CylinderBrush8' is marked pending kill and cannot be converted
[2017.12.10-13.21.57:006][645]LogEditor: Error: Actor 'Brush /Game/Maps/Greybox_1_v1.Greybox_1_v1:PersistentLevel.BoxBrush32' is marked pending kill and cannot be converted
[2017.12.10-13.21.57:006][645]LogEditor: Error: Actor 'Brush /Game/Maps/Greybox_1_v1.Greybox_1_v1:PersistentLevel.BoxBrush51' is marked pending kill and cannot be converted
[2017.12.10-13.21.57:006][645]LogEditor: Error: Actor 'Brush /Game/Maps/Greybox_1_v1.Greybox_1_v1:PersistentLevel.BoxBrush56' is marked pending kill and cannot be converted
[2017.12.10-13.21.57:006][645]LogEditor: Error: Actor 'Brush /Game/Maps/Greybox_1_v1.Greybox_1_v1:PersistentLevel.BoxBrush49' is marked pending kill and cannot be converted
[2017.12.10-13.21.57:006][645]LogEditor: Error: Actor 'Brush /Game/Maps/Greybox_1_v1.Greybox_1_v1:PersistentLevel.BoxBrush50' is marked pending kill and cannot be converted
[2017.12.10-13.21.57:006][645]LogEditor: Error: Actor 'Brush /Game/Maps/Greybox_1_v1.Greybox_1_v1:PersistentLevel.BoxBrush52' is marked pending kill and cannot be converted
[2017.12.10-13.21.57:006][645]LogEditor: Error: Actor 'Brush /Game/Maps/Greybox_1_v1.Greybox_1_v1:PersistentLevel.BoxBrush53' is marked pending kill and cannot be converted
[2017.12.10-13.21.57:006][645]LogEditor: Error: Actor 'Brush /Game/Maps/Greybox_1_v1.Greybox_1_v1:PersistentLevel.BoxBrush54' is marked pending kill and cannot be converted
[2017.12.10-13.21.57:006][645]LogEditor: Error: Actor 'Brush /Game/Maps/Greybox_1_v1.Greybox_1_v1:PersistentLevel.BoxBrush55' is marked pending kill and cannot be converted
[2017.12.10-13.21.57:006][645]LogEditor: Error: Actor 'Brush /Game/Maps/Greybox_1_v1.Greybox_1_v1:PersistentLevel.BoxBrush' is marked pending kill and cannot be converted
[2017.12.10-13.21.57:006][645]EditorErrors: New page: Actor Reattachment
[2017.12.10-13.22.32:895][582]LogEditorViewport: Clicking on Actor (LMB): StaticMeshActor (House_Level)
[2017.12.10-13.22.33:257][614]LogEditorViewport: Clicking on Actor (LMB): BP_Sky_Sphere_C (SkySphereBlueprint)
[2017.12.10-13.22.33:743][654]LogEditorViewport: Clicking on Actor (LMB): StaticMeshActor (House_Level)
[2017.12.10-13.22.52:444][772]Cmd: TRANSACTION UNDO
[2017.12.10-13.22.52:444][772]LogEditorTransaction: Undo Move Actors
[2017.12.10-13.22.52:758][800]Cmd: TRANSACTION UNDO
[2017.12.10-13.22.52:758][800]LogEditorTransaction: Undo Clicking on Actors
[2017.12.10-13.22.53:156][821]Cmd: TRANSACTION UNDO
[2017.12.10-13.22.53:156][821]LogEditorTransaction: Undo Clicking on Actors
[2017.12.10-13.22.53:520][847]Cmd: TRANSACTION UNDO
[2017.12.10-13.22.53:520][847]LogEditorTransaction: Undo Clicking on Actors
[2017.12.10-13.22.53:902][878]Cmd: TRANSACTION UNDO
[2017.12.10-13.22.53:902][878]LogEditorTransaction: Undo Convert Actors
[2017.12.10-13.22.53:929][878]LogActorComponent: ~FComponentReregisterContext: (/Game/Maps/Greybox_1_v1.Greybox_1_v1:PersistentLevel.BoxBrush20.BrushComponent0) Component already registered.
[2017.12.10-13.22.53:943][878]LogActorComponent: ~FComponentReregisterContext: (/Game/Maps/Greybox_1_v1.Greybox_1_v1:PersistentLevel.BoxBrush16.BrushComponent0) Component already registered.
[2017.12.10-13.22.53:944][878]LogActorComponent: ~FComponentReregisterContext: (/Game/Maps/Greybox_1_v1.Greybox_1_v1:PersistentLevel.BoxBrush9.BrushComponent0) Component already registered.
[2017.12.10-13.22.53:945][878]LogActorComponent: ~FComponentReregisterContext: (/Game/Maps/Greybox_1_v1.Greybox_1_v1:PersistentLevel.BoxBrush18.BrushComponent0) Component already registered.
[2017.12.10-13.22.53:945][878]LogActorComponent: ~FComponentReregisterContext: (/Game/Maps/Greybox_1_v1.Greybox_1_v1:PersistentLevel.BoxBrush37.BrushComponent0) Component already registered.
[2017.12.10-13.22.53:945][878]LogActorComponent: ~FComponentReregisterContext: (/Game/Maps/Greybox_1_v1.Greybox_1_v1:PersistentLevel.CylinderBrush2.BrushComponent0) Component already registered.
[2017.12.10-13.22.53:946][878]LogActorComponent: ~FComponentReregisterContext: (/Game/Maps/Greybox_1_v1.Greybox_1_v1:PersistentLevel.BoxBrush24.BrushComponent0) Component already registered.
[2017.12.10-13.22.53:946][878]LogActorComponent: ~FComponentReregisterContext: (/Game/Maps/Greybox_1_v1.Greybox_1_v1:PersistentLevel.BoxBrush70.BrushComponent0) Component already registered.
[2017.12.10-13.22.53:946][878]LogActorComponent: ~FComponentReregisterContext: (/Game/Maps/Greybox_1_v1.Greybox_1_v1:PersistentLevel.BoxBrush43.BrushComponent0) Component already registered.
[2017.12.10-13.22.54:241][892]Cmd: TRANSACTION UNDO
[2017.12.10-13.22.54:241][892]LogEditorTransaction: Undo Select Brush Surface
[2017.12.10-13.22.54:609][907]Cmd: TRANSACTION UNDO
[2017.12.10-13.22.54:609][907]LogEditorTransaction: Undo Select Brush Surface
[2017.12.10-13.22.55:605][951]Cmd: TRANSACTION UNDO
[2017.12.10-13.22.55:605][951]LogEditorTransaction: Undo Select Brush Surface
[2017.12.10-13.22.56:342][982]Cmd: TRANSACTION UNDO
[2017.12.10-13.22.56:342][982]LogEditorTransaction: Undo Select Brush Surface
[2017.12.10-13.22.56:512][988]Cmd: TRANSACTION UNDO
[2017.12.10-13.22.56:512][988]LogEditorTransaction: Undo Select Brush Surface
[2017.12.10-13.22.56:705][996]Cmd: TRANSACTION UNDO
[2017.12.10-13.22.56:705][996]LogEditorTransaction: Undo Select Brush Surface
[2017.12.10-13.23.56:298][113]LogStaticMesh: Building static mesh Box_Brush34_StaticMesh...
[2017.12.10-13.23.56:302][113]LogStaticMesh: Built static mesh [0.00s] /Game/Levels/Demo/House/Box_Brush34_StaticMesh.Box_Brush34_StaticMesh
[2017.12.10-13.23.56:308][113]LogActorFactory: Actor Factory created Box_Brush34_StaticMesh
[2017.12.10-13.23.56:395][113]LogEditor: Error: Actor 'Brush /Game/Maps/Greybox_1_v1.Greybox_1_v1:PersistentLevel.BoxBrush34' is marked pending kill and cannot be converted
[2017.12.10-13.23.56:395][113]LogEditor: Error: Actor 'Brush /Game/Maps/Greybox_1_v1.Greybox_1_v1:PersistentLevel.BoxBrush33' is marked pending kill and cannot be converted
[2017.12.10-13.23.56:395][113]EditorErrors: New page: Actor Reattachment
[2017.12.10-13.25.56:724][666]LogActorFactory: Actor Factory created House_Level
[2017.12.10-13.28.09:491][314]LogSavePackage: Save=342.23ms
[2017.12.10-13.28.09:491][314]LogSavePackage: Moving '../../../../../../Users/Ashish Gosain/Documents/GitHub/HereAfter/GreyBox_Level1/Saved/Greybox_1_v1DE55FDB34B90C3CAC64D56BD7E1A24AF.tmp' to '../../../../../../Users/Ashish Gosain/Documents/GitHub/HereAfter/GreyBox_Level1/Content/Maps/Greybox_1_v1.umap'
[2017.12.10-13.28.09:499][314]LogSavePackage: Display: Finished SavePackage ../../../../../../Users/Ashish Gosain/Documents/GitHub/HereAfter/GreyBox_Level1/Content/Maps/Greybox_1_v1.umap
[2017.12.10-13.28.09:764][314]LogSavePackage: Save=125.73ms
[2017.12.10-13.28.09:764][314]LogSavePackage: Moving '../../../../../../Users/Ashish Gosain/Documents/GitHub/HereAfter/GreyBox_Level1/Saved/Greybox_1_v1_BuiltData9ECB138A495EA2B5C7C566BE6FEF8AF8.tmp' to '../../../../../../Users/Ashish Gosain/Documents/GitHub/HereAfter/GreyBox_Level1/Content/Maps/Greybox_1_v1_BuiltData.uasset'
[2017.12.10-13.28.09:765][314]LogSavePackage: Display: Finished SavePackage ../../../../../../Users/Ashish Gosain/Documents/GitHub/HereAfter/GreyBox_Level1/Content/Maps/Greybox_1_v1_BuiltData.uasset
[2017.12.10-13.28.14:661][741]LogAIModule: Creating AISystem for world Demo
[2017.12.10-13.28.16:088][741]LogSavePackage: Save=14.92ms
[2017.12.10-13.28.16:088][741]LogSavePackage: Moving '../../../../../../Users/Ashish Gosain/Documents/GitHub/HereAfter/GreyBox_Level1/Saved/Box_Brush34_StaticMesh8F2EF3A6467B734C4C8003B555E25563.tmp' to '../../../../../../Users/Ashish Gosain/Documents/GitHub/HereAfter/GreyBox_Level1/Content/Levels/Demo/House/Box_Brush34_StaticMesh.uasset'
[2017.12.10-13.28.16:092][741]LogSavePackage: Display: Finished SavePackage ../../../../../../Users/Ashish Gosain/Documents/GitHub/HereAfter/GreyBox_Level1/Content/Levels/Demo/House/Box_Brush34_StaticMesh.uasset
[2017.12.10-13.28.16:093][741]Cmd: MAP LOAD FILE="../../../../../../Users/Ashish Gosain/Documents/GitHub/HereAfter/GreyBox_Level1/Content/Levels/Demo/Demo.umap" TEMPLATE=0 SHOWPROGRESS=1 FEATURELEVEL=3
[2017.12.10-13.28.16:094][741]LightingResults: New page: Lighting Build
[2017.12.10-13.28.16:095][741]LoadErrors: New page: Loading map: Demo.umap
[2017.12.10-13.28.16:096][741]MapCheck: New page: Map Check
[2017.12.10-13.28.16:097][741]LightingResults: New page: Lighting Build
[2017.12.10-13.28.16:106][741]LogSkinnedMeshComp: Warning: GetSocketByName(GripPoint): No SkeletalMesh for Component(Mesh2P) Actor(FirstPersonCharacter_C_1)
[2017.12.10-13.28.16:120][741]LogEditorServer: Finished looking for orphan Actors (0.000 secs)
[2017.12.10-13.28.16:436][741]Cmd: MAP CHECKDEP NOCLEARLOG
[2017.12.10-13.28.16:509][741]MapCheck: Map check complete: 0 Error(s), 0 Warning(s), took 72.564ms to complete.
[2017.12.10-13.28.16:509][741]LogFileHelpers: Loading map 'Demo' took 0.418
[2017.12.10-13.28.16:510][741]LogSlate: Took 0.000140 seconds to synchronously load lazily loaded font '../../../Engine/Content/Slate/Fonts/Roboto-Regular.ttf' (155K)
[2017.12.10-13.28.16:573][744]LogRenderer: Reallocating scene render targets to support 1920x1000 Format 10 NumSamples 1 (Frame:1).
[2017.12.10-13.28.16:579][744]LogRenderer: Reallocating scene render targets to support 1920x1080 Format 10 NumSamples 1 (Frame:1).
[2017.12.10-13.28.19:597][947]LogActorFactory: Actor Factory created House_Level
[2017.12.10-13.28.20:274][ 26]LogActorFactory: Actor Factory created House_Level
[2017.12.10-13.28.29:727][109]Cmd: DELETE
[2017.12.10-13.28.29:727][109]Cmd: ACTOR DELETE
[2017.12.10-13.28.29:728][109]LogEditorActor: Deleted Actor: StaticMeshActor
[2017.12.10-13.28.29:740][109]LogEditorActor: Deleted 1 Actors (0.012 secs)
[2017.12.10-13.28.50:074][  1]LogAIModule: Creating AISystem for world Greybox_1_v1
[2017.12.10-13.28.50:077][  1]LogSkinnedMeshComp: Warning: GetSocketByName(GripPoint): No SkeletalMesh for Component(Mesh2P) Actor(FirstPersonCharacter_C_1)
[2017.12.10-13.28.50:077][  1]LogSkinnedMeshComp: Warning: GetSocketByName(GripPoint): No SkeletalMesh for Component(Mesh2P) Actor(FirstPersonCharacter_C_1)
[2017.12.10-13.28.50:077][  1]LogSkinnedMeshComp: Warning: GetSocketByName(GripPoint): No SkeletalMesh for Component(Mesh2P) Actor(FirstPersonCharacter_C_1)
[2017.12.10-13.28.50:079][  1]LogSkinnedMeshComp: Warning: GetSocketByName(GripPoint): No SkeletalMesh for Component(Mesh2P) Actor(FirstPersonCharacter_C_1)
[2017.12.10-13.28.50:080][  1]LogSkinnedMeshComp: Warning: GetSocketByName(GripPoint): No SkeletalMesh for Component(Mesh2P) Actor(FirstPersonCharacter_C_1)
[2017.12.10-13.28.50:080][  1]LogSkinnedMeshComp: Warning: GetSocketByName(GripPoint): No SkeletalMesh for Component(Mesh2P) Actor(FirstPersonCharacter_C_1)
[2017.12.10-13.28.50:080][  1]LogSkinnedMeshComp: Warning: GetSocketByName(GripPoint): No SkeletalMesh for Component(Mesh2P) Actor(FirstPersonCharacter_C_1)
[2017.12.10-13.28.50:080][  1]LogSkinnedMeshComp: Warning: GetSocketByName(GripPoint): No SkeletalMesh for Component(Mesh2P) Actor(FirstPersonCharacter_C_1)
[2017.12.10-13.28.51:360][  1]Cmd: MAP LOAD FILE="../../../../../../Users/Ashish Gosain/Documents/GitHub/HereAfter/GreyBox_Level1/Content/Maps/Greybox_1_v1.umap" TEMPLATE=0 SHOWPROGRESS=1 FEATURELEVEL=3
[2017.12.10-13.28.51:362][  1]LightingResults: New page: Lighting Build
[2017.12.10-13.28.51:362][  1]LoadErrors: New page: Loading map: Greybox_1_v1.umap
[2017.12.10-13.28.51:371][  1]MapCheck: New page: Map Check
[2017.12.10-13.28.51:371][  1]LightingResults: New page: Lighting Build
[2017.12.10-13.28.51:419][  1]LogSkinnedMeshComp: Warning: GetSocketByName(GripPoint): No SkeletalMesh for Component(Mesh2P) Actor(FirstPersonCharacter_C_1)
[2017.12.10-13.28.51:419][  1]LogSkinnedMeshComp: Warning: GetSocketByName(GripPoint): No SkeletalMesh for Component(Mesh2P) Actor(FirstPersonCharacter_C_1)
[2017.12.10-13.28.51:419][  1]LogSkinnedMeshComp: Warning: GetSocketByName(GripPoint): No SkeletalMesh for Component(Mesh2P) Actor(FirstPersonCharacter_C_1)
[2017.12.10-13.28.51:419][  1]LogSkinnedMeshComp: Warning: GetSocketByName(GripPoint): No SkeletalMesh for Component(Mesh2P) Actor(FirstPersonCharacter_C_1)
[2017.12.10-13.28.51:421][  1]LogSkinnedMeshComp: Warning: GetSocketByName(GripPoint): No SkeletalMesh for Component(Mesh2P) Actor(FirstPersonCharacter_C_1)
[2017.12.10-13.28.51:422][  1]LogSkinnedMeshComp: Warning: GetSocketByName(GripPoint): No SkeletalMesh for Component(Mesh2P) Actor(FirstPersonCharacter_C_1)
[2017.12.10-13.28.51:422][  1]LogSkinnedMeshComp: Warning: GetSocketByName(GripPoint): No SkeletalMesh for Component(Mesh2P) Actor(FirstPersonCharacter_C_1)
[2017.12.10-13.28.51:422][  1]LogSkinnedMeshComp: Warning: GetSocketByName(GripPoint): No SkeletalMesh for Component(Mesh2P) Actor(FirstPersonCharacter_C_1)
[2017.12.10-13.28.51:422][  1]LogSkinnedMeshComp: Warning: GetSocketByName(GripPoint): No SkeletalMesh for Component(Mesh2P) Actor(FirstPersonCharacter_C_1)
[2017.12.10-13.28.51:423][  1]LogEditorServer: Finished looking for orphan Actors (0.000 secs)
[2017.12.10-13.28.51:502][  1]Cmd: MAP CHECKDEP NOCLEARLOG
[2017.12.10-13.28.51:561][  1]MapCheck: Map check complete: 0 Error(s), 0 Warning(s), took 58.856ms to complete.
[2017.12.10-13.28.51:563][  1]LogFileHelpers: Loading map 'Greybox_1_v1' took 0.204
[2017.12.10-13.29.28:344][330]LogStaticMesh: Building static mesh Box_Brush_StaticMesh...
[2017.12.10-13.29.28:346][330]LogStaticMesh: Built static mesh [0.00s] /Game/Levels/Demo/House/Box_Brush_StaticMesh.Box_Brush_StaticMesh
[2017.12.10-13.29.28:351][330]LogActorFactory: Actor Factory created Box_Brush_StaticMesh
[2017.12.10-13.29.28:448][330]LogEditor: Error: Actor 'Brush /Game/Maps/Greybox_1_v1.Greybox_1_v1:PersistentLevel.BoxBrush' is marked pending kill and cannot be converted
[2017.12.10-13.29.28:448][330]EditorErrors: New page: Actor Reattachment
[2017.12.10-13.29.44:644][619]LogActorFactory: Actor Factory created Box_Brush_StaticMesh
[2017.12.10-13.29.45:600][731]LogActorFactory: Actor Factory created Box_Brush_StaticMesh
[2017.12.10-13.29.53:272][605]Cmd: DELETE
[2017.12.10-13.29.53:272][605]Cmd: ACTOR DELETE
[2017.12.10-13.29.53:274][605]LogEditorActor: Deleted Actor: StaticMeshActor
[2017.12.10-13.29.53:284][605]LogEditorActor: Deleted 1 Actors (0.012 secs)
[2017.12.10-13.30.11:124][ 22]Cmd: QUIT_EDITOR
[2017.12.10-13.30.11:137][ 22]LogWindowsTextInputMethodSystem: Display: IME system now deactivated.
[2017.12.10-13.30.11:151][ 22]LogExit: Preparing to exit.
[2017.12.10-13.30.11:643][ 22]LogDirectoryWatcher: A directory notification for 'C:/Users/Ashish Gosain/Documents/GitHub/HereAfter/GreyBox_Level1/Content/' was aborted.
[2017.12.10-13.30.11:663][ 22]LogExit: Editor shut down
[2017.12.10-13.30.11:665][ 22]LogExit: Transaction tracking system shut down
[2017.12.10-13.30.11:855][ 22]LogDirectoryWatcher: A directory notification for '../../../Engine/Content/' was aborted.
[2017.12.10-13.30.11:856][ 22]LogDirectoryWatcher: A directory notification for '../../../../../../Users/Ashish Gosain/Documents/GitHub/HereAfter/GreyBox_Level1/Content/' was aborted.
[2017.12.10-13.30.11:856][ 22]LogDirectoryWatcher: A directory notification for '../../../Engine/Plugins/2D/Paper2D/Content/' was aborted.
[2017.12.10-13.30.11:856][ 22]LogDirectoryWatcher: A directory notification for '../../../Engine/Plugins/Runtime/Oculus/OculusVR/Content/' was aborted.
[2017.12.10-13.30.11:856][ 22]LogDirectoryWatcher: A directory notification for '../../../Engine/Plugins/Runtime/Steam/SteamVR/Content/' was aborted.
[2017.12.10-13.30.11:909][ 22]LogExit: Object subsystem successfully closed.
[2017.12.10-13.30.11:933][ 22]LogD3D11RHI: Shutdown
[2017.12.10-13.30.11:933][ 22]LogD3D11RHI: CleanupD3DDevice
[2017.12.10-13.30.12:125][ 22]LogD3D11RHI: ~FD3D11DynamicRHI
[2017.12.10-13.30.12:140][ 22]LogModuleManager: Shutting down and abandoning module HierarchicalLODUtilities (532)
[2017.12.10-13.30.12:140][ 22]LogModuleManager: Shutting down and abandoning module HierarchicalLODOutliner (530)
[2017.12.10-13.30.12:140][ 22]LogModuleManager: Shutting down and abandoning module AddContentDialog (528)
[2017.12.10-13.30.12:140][ 22]LogDirectoryWatcher: A directory notification for 'C:/Program Files (x86)/Epic Games/UE_4.17/FeaturePacks/' was aborted.
[2017.12.10-13.30.12:141][ 22]LogModuleManager: Shutting down and abandoning module WidgetCarousel (527)
[2017.12.10-13.30.12:141][ 22]LogModuleManager: Shutting down and abandoning module EditorWidgets (524)
[2017.12.10-13.30.12:141][ 22]LogModuleManager: Shutting down and abandoning module CollectionManager (522)
[2017.12.10-13.30.12:141][ 22]LogDirectoryWatcher: A directory notification for 'C:/Users/Ashish Gosain/Documents/GitHub/HereAfter/GreyBox_Level1/Content/Collections/' was aborted.
[2017.12.10-13.30.12:141][ 22]LogDirectoryWatcher: A directory notification for 'C:/Users/Ashish Gosain/Documents/GitHub/HereAfter/GreyBox_Level1/Content/Developers/AshishGosain/Collections/' was aborted.
[2017.12.10-13.30.12:141][ 22]LogDirectoryWatcher: A directory notification for 'C:/Users/Ashish Gosain/Documents/GitHub/HereAfter/GreyBox_Level1/Saved/Collections/' was aborted.
[2017.12.10-13.30.12:141][ 22]LogModuleManager: Shutting down and abandoning module SceneOutliner (520)
[2017.12.10-13.30.12:141][ 22]LogModuleManager: Shutting down and abandoning module StatsViewer (518)
[2017.12.10-13.30.12:141][ 22]LogModuleManager: Shutting down and abandoning module FoliageEdit (516)
[2017.12.10-13.30.12:142][ 22]LogModuleManager: Shutting down and abandoning module LandscapeEditor (514)
[2017.12.10-13.30.12:142][ 22]LogModuleManager: Shutting down and abandoning module MeshPaintMode (512)
[2017.12.10-13.30.12:142][ 22]LogModuleManager: Shutting down and abandoning module SceneDepthPickerMode (510)
[2017.12.10-13.30.12:142][ 22]LogModuleManager: Shutting down and abandoning module ActorPickerMode (508)
[2017.12.10-13.30.12:142][ 22]LogModuleManager: Shutting down and abandoning module GeometryMode (506)
[2017.12.10-13.30.12:142][ 22]LogModuleManager: Shutting down and abandoning module TextureAlignMode (504)
[2017.12.10-13.30.12:142][ 22]LogModuleManager: Shutting down and abandoning module BspMode (502)
[2017.12.10-13.30.12:142][ 22]LogModuleManager: Shutting down and abandoning module PIEPreviewDeviceProfileSelector (500)
[2017.12.10-13.30.12:142][ 22]LogModuleManager: Shutting down and abandoning module HardwareSurvey (498)
[2017.12.10-13.30.12:142][ 22]LogModuleManager: Shutting down and abandoning module SequenceRecorderSections (496)
[2017.12.10-13.30.12:142][ 22]LogModuleManager: Shutting down and abandoning module AutomationWorker (494)
[2017.12.10-13.30.12:142][ 22]LogModuleManager: Shutting down and abandoning module MatineeToLevelSequence (492)
[2017.12.10-13.30.12:142][ 22]LogModuleManager: Shutting down and abandoning module LevelSequenceEditor (490)
[2017.12.10-13.30.12:142][ 22]LogModuleManager: Shutting down and abandoning module PlacementMode (489)
[2017.12.10-13.30.12:142][ 22]LogModuleManager: Shutting down and abandoning module WmfMediaFactory (486)
[2017.12.10-13.30.12:142][ 22]LogModuleManager: Shutting down and abandoning module WmfMediaEditor (484)
[2017.12.10-13.30.12:142][ 22]LogModuleManager: Shutting down and abandoning module AvfMediaFactory (482)
[2017.12.10-13.30.12:142][ 22]LogModuleManager: Shutting down and abandoning module AvfMediaEditor (480)
[2017.12.10-13.30.12:142][ 22]LogModuleManager: Shutting down and abandoning module AndroidMediaFactory (478)
[2017.12.10-13.30.12:142][ 22]LogModuleManager: Shutting down and abandoning module Media (477)
[2017.12.10-13.30.12:142][ 22]LogModuleManager: Shutting down and abandoning module AndroidMediaEditor (474)
[2017.12.10-13.30.12:142][ 22]LogModuleManager: Shutting down and abandoning module CharacterAI (472)
[2017.12.10-13.30.12:142][ 22]LogModuleManager: Shutting down and abandoning module AudioCapture (470)
[2017.12.10-13.30.12:142][ 22]LogModuleManager: Shutting down and abandoning module SequenceRecorder (469)
[2017.12.10-13.30.12:142][ 22]LogModuleManager: Shutting down and abandoning module SmartSnapping (466)
[2017.12.10-13.30.12:142][ 22]LogModuleManager: Shutting down and abandoning module SessionServices (464)
[2017.12.10-13.30.12:142][ 22]LogModuleManager: Shutting down and abandoning module ViewportSnapping (462)
[2017.12.10-13.30.12:142][ 22]LogModuleManager: Shutting down and abandoning module ViewportInteraction (460)
[2017.12.10-13.30.12:142][ 22]LogModuleManager: Shutting down and abandoning module ClothPainter (458)
[2017.12.10-13.30.12:142][ 22]LogModuleManager: Shutting down and abandoning module LogVisualizer (456)
[2017.12.10-13.30.12:142][ 22]LogModuleManager: Shutting down and abandoning module IntroTutorials (454)
[2017.12.10-13.30.12:142][ 22]LogModuleManager: Shutting down and abandoning module GameProjectGeneration (453)
[2017.12.10-13.30.12:142][ 22]LogModuleManager: Shutting down and abandoning module IOSPlatformEditor (450)
[2017.12.10-13.30.12:142][ 22]LogModuleManager: Shutting down and abandoning module HTML5PlatformEditor (448)
[2017.12.10-13.30.12:142][ 22]LogModuleManager: Shutting down and abandoning module AndroidPlatformEditor (446)
[2017.12.10-13.30.12:142][ 22]LogModuleManager: Shutting down and abandoning module AndroidDeviceDetection (445)
[2017.12.10-13.30.12:288][ 22]LogModuleManager: Shutting down and abandoning module WindowsPlatformEditor (442)
[2017.12.10-13.30.12:288][ 22]LogModuleManager: Shutting down and abandoning module IOSRuntimeSettings (440)
[2017.12.10-13.30.12:288][ 22]LogModuleManager: Shutting down and abandoning module AndroidRuntimeSettings (438)
[2017.12.10-13.30.12:288][ 22]LogModuleManager: Shutting down and abandoning module InputBindingEditor (436)
[2017.12.10-13.30.12:288][ 22]LogModuleManager: Shutting down and abandoning module MergeActors (434)
[2017.12.10-13.30.12:288][ 22]LogModuleManager: Shutting down and abandoning module SizeMap (432)
[2017.12.10-13.30.12:288][ 22]LogModuleManager: Shutting down and abandoning module TreeMap (430)
[2017.12.10-13.30.12:288][ 22]LogModuleManager: Shutting down and abandoning module ReferenceViewer (428)
[2017.12.10-13.30.12:288][ 22]LogModuleManager: Shutting down and abandoning module LocalizationDashboard (426)
[2017.12.10-13.30.12:288][ 22]LogModuleManager: Shutting down and abandoning module LocalizationService (425)
[2017.12.10-13.30.12:288][ 22]LogModuleManager: Shutting down and abandoning module HardwareTargeting (422)
[2017.12.10-13.30.12:288][ 22]LogModuleManager: Shutting down and abandoning module DeviceProfileEditor (420)
[2017.12.10-13.30.12:288][ 22]LogModuleManager: Shutting down and abandoning module UndoHistory (418)
[2017.12.10-13.30.12:288][ 22]LogModuleManager: Shutting down and abandoning module XmlParser (416)
[2017.12.10-13.30.12:288][ 22]LogModuleManager: Shutting down and abandoning module Blutility (414)
[2017.12.10-13.30.12:288][ 22]LogModuleManager: Shutting down and abandoning module ProjectSettingsViewer (412)
[2017.12.10-13.30.12:288][ 22]LogModuleManager: Shutting down and abandoning module ProjectTargetPlatformEditor (411)
[2017.12.10-13.30.12:288][ 22]LogModuleManager: Shutting down and abandoning module EditorSettingsViewer (408)
[2017.12.10-13.30.12:288][ 22]LogModuleManager: Shutting down and abandoning module SettingsEditor (406)
[2017.12.10-13.30.12:288][ 22]LogModuleManager: Shutting down and abandoning module ProjectLauncher (404)
[2017.12.10-13.30.12:288][ 22]LogModuleManager: Shutting down and abandoning module SessionFrontend (402)
[2017.12.10-13.30.12:288][ 22]LogModuleManager: Shutting down and abandoning module ProfilerClient (400)
[2017.12.10-13.30.12:288][ 22]LogModuleManager: Shutting down and abandoning module DeviceManager (398)
[2017.12.10-13.30.12:288][ 22]LogModuleManager: Shutting down and abandoning module TargetDeviceServices (397)
[2017.12.10-13.30.12:351][ 22]LogModuleManager: Shutting down and abandoning module AutomationController (394)
[2017.12.10-13.30.12:351][ 22]LogModuleManager: Shutting down and abandoning module AutomationWindow (392)
[2017.12.10-13.30.12:351][ 22]LogModuleManager: Shutting down and abandoning module Layers (390)
[2017.12.10-13.30.12:351][ 22]LogModuleManager: Shutting down and abandoning module ComponentVisualizers (388)
[2017.12.10-13.30.12:351][ 22]LogModuleManager: Shutting down and abandoning module DetailCustomizations (386)
[2017.12.10-13.30.12:352][ 22]LogModuleManager: Shutting down and abandoning module PackagesDialog (384)
[2017.12.10-13.30.12:352][ 22]LogModuleManager: Shutting down and abandoning module Persona (382)
[2017.12.10-13.30.12:352][ 22]LogModuleManager: Shutting down and abandoning module AdvancedPreviewScene (381)
[2017.12.10-13.30.12:352][ 22]LogModuleManager: Shutting down and abandoning module AnimGraph (379)
[2017.12.10-13.30.12:352][ 22]LogModuleManager: Shutting down and abandoning module Kismet (376)
[2017.12.10-13.30.12:353][ 22]LogModuleManager: Shutting down and abandoning module ClassViewer (374)
[2017.12.10-13.30.12:353][ 22]LogModuleManager: Shutting down and abandoning module Toolbox (372)
[2017.12.10-13.30.12:353][ 22]LogModuleManager: Shutting down and abandoning module ModuleUI (370)
[2017.12.10-13.30.12:353][ 22]LogModuleManager: Shutting down and abandoning module MovieSceneTools (368)
[2017.12.10-13.30.12:353][ 22]LogModuleManager: Shutting down and abandoning module OutputLog (366)
[2017.12.10-13.30.12:353][ 22]LogModuleManager: Shutting down and abandoning module GammaUI (364)
[2017.12.10-13.30.12:353][ 22]LogModuleManager: Shutting down and abandoning module Documentation (362)
[2017.12.10-13.30.12:353][ 22]LogModuleManager: Shutting down and abandoning module MovieSceneTracks (360)
[2017.12.10-13.30.12:353][ 22]LogModuleManager: Shutting down and abandoning module MovieScene (358)
[2017.12.10-13.30.12:353][ 22]LogModuleManager: Shutting down and abandoning module Niagara (356)
[2017.12.10-13.30.12:353][ 22]LogModuleManager: Shutting down and abandoning module NiagaraEditor (355)
[2017.12.10-13.30.12:353][ 22]LogModuleManager: Shutting down and abandoning module StreamingPauseRendering (352)
[2017.12.10-13.30.12:353][ 22]LogModuleManager: Shutting down and abandoning module LauncherPlatform (350)
[2017.12.10-13.30.12:353][ 22]LogModuleManager: Shutting down and abandoning module AnalyticsET (348)
[2017.12.10-13.30.12:353][ 22]LogModuleManager: Shutting down and abandoning module PortalServices (346)
[2017.12.10-13.30.12:353][ 22]LogModuleManager: Shutting down and abandoning module PortalRpc (344)
[2017.12.10-13.30.12:353][ 22]LogModuleManager: Shutting down and abandoning module MessagingRpc (342)
[2017.12.10-13.30.12:353][ 22]LogModuleManager: Shutting down and abandoning module AIModule (340)
[2017.12.10-13.30.12:353][ 22]LogModuleManager: Shutting down and abandoning module GameplayDebugger (339)
[2017.12.10-13.30.12:353][ 22]LogModuleManager: Shutting down and abandoning module AITestSuite (337)
[2017.12.10-13.30.12:353][ 22]LogModuleManager: Shutting down and abandoning module ProfilerService (334)
[2017.12.10-13.30.12:357][ 22]LogModuleManager: Shutting down and abandoning module TaskGraph (332)
[2017.12.10-13.30.12:357][ 22]LogModuleManager: Shutting down and abandoning module SteamVRController (330)
[2017.12.10-13.30.12:357][ 22]LogModuleManager: Shutting down and abandoning module ProceduralMeshComponentEditor (328)
[2017.12.10-13.30.12:357][ 22]LogModuleManager: Shutting down and abandoning module ProceduralMeshComponent (326)
[2017.12.10-13.30.12:357][ 22]LogModuleManager: Shutting down and abandoning module OculusInput (324)
[2017.12.10-13.30.12:357][ 22]LogModuleManager: Shutting down and abandoning module MobilePatchingUtils (322)
[2017.12.10-13.30.12:357][ 22]LogModuleManager: Shutting down and abandoning module CustomMeshComponent (320)
[2017.12.10-13.30.12:357][ 22]LogModuleManager: Shutting down and abandoning module CableComponent (318)
[2017.12.10-13.30.12:357][ 22]LogModuleManager: Shutting down and abandoning module ArchVisCharacter (316)
[2017.12.10-13.30.12:357][ 22]LogModuleManager: Shutting down and abandoning module AndroidPermission (314)
[2017.12.10-13.30.12:357][ 22]LogModuleManager: Shutting down and abandoning module MediaPlayerEditor (310)
[2017.12.10-13.30.12:357][ 22]LogModuleManager: Shutting down and abandoning module HTML5Networking (308)
[2017.12.10-13.30.12:357][ 22]LogModuleManager: Shutting down and abandoning module AlembicImporter (306)
[2017.12.10-13.30.12:357][ 22]LogModuleManager: Shutting down and abandoning module AlembicLibrary (305)
[2017.12.10-13.30.12:357][ 22]LogModuleManager: Shutting down and abandoning module GeometryCache (304)
[2017.12.10-13.30.12:357][ 22]LogModuleManager: Shutting down and abandoning module GeometryCacheEd (303)
[2017.12.10-13.30.12:357][ 22]LogModuleManager: Shutting down and abandoning module SpeedTreeImporter (298)
[2017.12.10-13.30.12:357][ 22]LogModuleManager: Shutting down and abandoning module PluginBrowser (296)
[2017.12.10-13.30.12:357][ 22]LogModuleManager: Shutting down and abandoning module MobileLauncherProfileWizard (294)
[2017.12.10-13.30.12:357][ 22]LogModuleManager: Shutting down and abandoning module VisualStudioSourceCodeAccess (292)
[2017.12.10-13.30.12:357][ 22]LogModuleManager: Shutting down and abandoning module DesktopPlatform (291)
[2017.12.10-13.30.12:357][ 22]LogModuleManager: Shutting down and abandoning module UObjectPlugin (288)
[2017.12.10-13.30.12:357][ 22]LogModuleManager: Shutting down and abandoning module SubversionSourceControl (286)
[2017.12.10-13.30.12:358][ 22]LogModuleManager: Shutting down and abandoning module PerforceSourceControl (284)
[2017.12.10-13.30.12:358][ 22]LogModuleManager: Shutting down and abandoning module GitSourceControl (282)
[2017.12.10-13.30.12:358][ 22]LogModuleManager: Shutting down and abandoning module SourceControl (281)
[2017.12.10-13.30.12:358][ 22]LogModuleManager: Shutting down and abandoning module LightPropagationVolumeEditor (278)
[2017.12.10-13.30.12:358][ 22]LogModuleManager: Shutting down and abandoning module PaperTiledImporter (276)
[2017.12.10-13.30.12:358][ 22]LogModuleManager: Shutting down and abandoning module PaperSpriteSheetImporter (274)
[2017.12.10-13.30.12:358][ 22]LogModuleManager: Shutting down and abandoning module Paper2DEditor (272)
[2017.12.10-13.30.12:358][ 22]LogModuleManager: Shutting down and abandoning module MeshPaint (271)
[2017.12.10-13.30.12:358][ 22]LogModuleManager: Shutting down and abandoning module LevelEditor (269)
[2017.12.10-13.30.12:358][ 22]LogModuleManager: Shutting down and abandoning module PixelInspectorModule (268)
[2017.12.10-13.30.12:358][ 22]LogModuleManager: Shutting down and abandoning module MainFrame (266)
[2017.12.10-13.30.12:358][ 22]LogModuleManager: Shutting down and abandoning module HotReload (265)
[2017.12.10-13.30.12:359][ 22]LogModuleManager: Shutting down and abandoning module RuntimePhysXCooking (260)
[2017.12.10-13.30.12:359][ 22]LogModuleManager: Shutting down and abandoning module PhysXVehiclesEditor (258)
[2017.12.10-13.30.12:359][ 22]LogModuleManager: Shutting down and abandoning module PhysXVehicles (256)
[2017.12.10-13.30.12:359][ 22]LogModuleManager: Shutting down and abandoning module OculusEditor (254)
[2017.12.10-13.30.12:359][ 22]LogModuleManager: Shutting down and abandoning module LocationServicesBPLibrary (252)
[2017.12.10-13.30.12:359][ 22]LogModuleManager: Shutting down and abandoning module ImmediatePhysicsEditor (250)
[2017.12.10-13.30.12:359][ 22]LogModuleManager: Shutting down and abandoning module ImmediatePhysics (248)
[2017.12.10-13.30.12:359][ 22]LogModuleManager: Shutting down and abandoning module UdpMessaging (246)
[2017.12.10-13.30.12:459][ 22]LogModuleManager: Shutting down and abandoning module TcpMessaging (244)
[2017.12.10-13.30.12:574][ 22]LogModuleManager: Shutting down and abandoning module GameplayTagsEditor (242)
[2017.12.10-13.30.12:574][ 22]LogModuleManager: Shutting down and abandoning module FacialAnimationEditor (240)
[2017.12.10-13.30.12:574][ 22]LogModuleManager: Shutting down and abandoning module FacialAnimation (238)
[2017.12.10-13.30.12:574][ 22]LogModuleManager: Shutting down and abandoning module AssetManagerEditor (236)
[2017.12.10-13.30.12:574][ 22]LogModuleManager: Shutting down and abandoning module GraphEditor (235)
[2017.12.10-13.30.12:574][ 22]LogModuleManager: Shutting down and abandoning module ContentBrowser (233)
[2017.12.10-13.30.12:575][ 22]LogModuleManager: Shutting down and abandoning module LightPropagationVolumeRuntime (230)
[2017.12.10-13.30.12:575][ 22]LogModuleManager: Shutting down and abandoning module Paper2D (228)
[2017.12.10-13.30.12:575][ 22]LogModuleManager: Shutting down and abandoning module WindowsMoviePlayer (226)
[2017.12.10-13.30.12:575][ 22]LogModuleManager: Shutting down and abandoning module WmfMedia (224)
[2017.12.10-13.30.12:577][ 22]LogModuleManager: Shutting down and abandoning module PacketHandler (222)
[2017.12.10-13.30.12:577][ 22]LogModuleManager: Shutting down and abandoning module ClothingSystemEditor (220)
[2017.12.10-13.30.12:577][ 22]LogModuleManager: Shutting down and abandoning module ClothingSystemRuntime (218)
[2017.12.10-13.30.12:577][ 22]LogModuleManager: Shutting down and abandoning module Overlay (216)
[2017.12.10-13.30.12:577][ 22]LogModuleManager: Shutting down and abandoning module OverlayEditor (215)
[2017.12.10-13.30.12:577][ 22]LogModuleManager: Shutting down and abandoning module MediaAssets (212)
[2017.12.10-13.30.12:577][ 22]LogModuleManager: Shutting down and abandoning module VREditor (210)
[2017.12.10-13.30.12:577][ 22]LogModuleManager: Shutting down and abandoning module StringTableEditor (208)
[2017.12.10-13.30.12:577][ 22]LogModuleManager: Shutting down and abandoning module GameplayTasksEditor (206)
[2017.12.10-13.30.12:577][ 22]LogModuleManager: Shutting down and abandoning module BehaviorTreeEditor (204)
[2017.12.10-13.30.12:577][ 22]LogModuleManager: Shutting down and abandoning module FunctionalTesting (202)
[2017.12.10-13.30.12:577][ 22]LogModuleManager: Shutting down and abandoning module CollisionAnalyzer (200)
[2017.12.10-13.30.12:577][ 22]LogModuleManager: Shutting down and abandoning module WorkspaceMenuStructure (199)
[2017.12.10-13.30.12:577][ 22]LogModuleManager: Shutting down and abandoning module UMG (196)
[2017.12.10-13.30.12:577][ 22]LogModuleManager: Shutting down and abandoning module UMGEditor (195)
[2017.12.10-13.30.12:577][ 22]LogModuleManager: Shutting down and abandoning module Sequencer (194)
[2017.12.10-13.30.12:577][ 22]LogModuleManager: Shutting down and abandoning module MessageLog (191)
[2017.12.10-13.30.12:577][ 22]LogModuleManager: Shutting down and abandoning module SlateReflector (186)
[2017.12.10-13.30.12:577][ 22]LogModuleManager: Shutting down and abandoning module Slate (184)
[2017.12.10-13.30.12:577][ 22]LogModuleManager: Shutting down and abandoning module EditorStyle (182)
[2017.12.10-13.30.12:580][ 22]LogModuleManager: Shutting down and abandoning module MRMesh (180)
[2017.12.10-13.30.12:580][ 22]LogModuleManager: Shutting down and abandoning module SourceCodeAccess (178)
[2017.12.10-13.30.12:580][ 22]LogModuleManager: Shutting down and abandoning module HeadMountedDisplay (176)
[2017.12.10-13.30.12:580][ 22]LogModuleManager: Shutting down and abandoning module XAudio2 (174)
[2017.12.10-13.30.12:580][ 22]LogModuleManager: Shutting down and abandoning module Networking (172)
[2017.12.10-13.30.12:580][ 22]LogModuleManager: Shutting down and abandoning module Core (168)
[2017.12.10-13.30.12:580][ 22]LogModuleManager: Shutting down and abandoning module KismetCompiler (164)
[2017.12.10-13.30.12:580][ 22]LogModuleManager: Shutting down and abandoning module LevelSequence (162)
[2017.12.10-13.30.12:580][ 22]LogModuleManager: Shutting down and abandoning module MeshUtilities (160)
[2017.12.10-13.30.12:580][ 22]LogModuleManager: Shutting down and abandoning module MeshMergeUtilities (159)
[2017.12.10-13.30.12:580][ 22]LogModuleManager: Shutting down and abandoning module MeshReductionInterface (158)
[2017.12.10-13.30.12:580][ 22]LogModuleManager: Shutting down and abandoning module SimplygonSwarm (157)
[2017.12.10-13.30.12:580][ 22]LogModuleManager: Shutting down and abandoning module SimplygonMeshReduction (155)
[2017.12.10-13.30.12:580][ 22]LogModuleManager: Shutting down and abandoning module QuadricMeshReduction (153)
[2017.12.10-13.30.12:580][ 22]LogModuleManager: Shutting down and abandoning module MaterialBaking (149)
[2017.12.10-13.30.12:580][ 22]LogModuleManager: Shutting down and abandoning module DirectoryWatcher (146)
[2017.12.10-13.30.12:581][ 22]LogModuleManager: Shutting down and abandoning module DerivedDataCache (144)
[2017.12.10-13.30.12:583][ 22]LogDerivedDataCache: Shutdown
[2017.12.10-13.30.12:583][ 22]LogModuleManager: Shutting down and abandoning module TargetPlatform (142)
[2017.12.10-13.30.12:583][ 22]LogModuleManager: Shutting down and abandoning module VulkanShaderFormat (141)
[2017.12.10-13.30.12:583][ 22]LogModuleManager: Shutting down and abandoning module ShaderFormatVectorVM (139)
[2017.12.10-13.30.12:583][ 22]LogModuleManager: Shutting down and abandoning module ShaderFormatOpenGL (137)
[2017.12.10-13.30.12:583][ 22]LogModuleManager: Shutting down and abandoning module ShaderFormatD3D (135)
[2017.12.10-13.30.12:583][ 22]LogModuleManager: Shutting down and abandoning module MetalShaderFormat (133)
[2017.12.10-13.30.12:583][ 22]LogModuleManager: Shutting down and abandoning module TextureFormatUncompressed (131)
[2017.12.10-13.30.12:583][ 22]LogModuleManager: Shutting down and abandoning module TextureFormatPVR (129)
[2017.12.10-13.30.12:583][ 22]LogModuleManager: Shutting down and abandoning module TextureFormatDXT (127)
[2017.12.10-13.30.12:583][ 22]LogModuleManager: Shutting down and abandoning module TextureFormatIntelISPCTexComp (125)
[2017.12.10-13.30.12:583][ 22]LogModuleManager: Shutting down and abandoning module TextureFormatASTC (123)
[2017.12.10-13.30.12:583][ 22]LogModuleManager: Shutting down and abandoning module ImageWrapper (122)
[2017.12.10-13.30.12:583][ 22]LogModuleManager: Shutting down and abandoning module TextureFormatAndroid (119)
[2017.12.10-13.30.12:583][ 22]LogModuleManager: Shutting down and abandoning module AudioFormatOpus (117)
[2017.12.10-13.30.12:583][ 22]LogModuleManager: Shutting down and abandoning module AudioFormatOgg (115)
[2017.12.10-13.30.12:583][ 22]LogModuleManager: Shutting down and abandoning module AudioFormatADPCM (113)
[2017.12.10-13.30.12:583][ 22]LogModuleManager: Shutting down and abandoning module LinuxTargetPlatform (111)
[2017.12.10-13.30.12:583][ 22]LogModuleManager: Shutting down and abandoning module LinuxServerTargetPlatform (109)
[2017.12.10-13.30.12:583][ 22]LogModuleManager: Shutting down and abandoning module LinuxNoEditorTargetPlatform (107)
[2017.12.10-13.30.12:583][ 22]LogModuleManager: Shutting down and abandoning module LinuxClientTargetPlatform (105)
[2017.12.10-13.30.12:583][ 22]LogModuleManager: Shutting down and abandoning module TVOSTargetPlatform (103)
[2017.12.10-13.30.12:583][ 22]LogModuleManager: Shutting down and abandoning module Messaging (101)
[2017.12.10-13.30.12:583][ 22]LogModuleManager: Shutting down and abandoning module IOSTargetPlatform (99)
[2017.12.10-13.30.12:583][ 22]LogModuleManager: Shutting down and abandoning module HTML5TargetPlatform (97)
[2017.12.10-13.30.12:583][ 22]LogModuleManager: Shutting down and abandoning module Android_PVRTCTargetPlatform (95)
[2017.12.10-13.30.12:583][ 22]LogModuleManager: Shutting down and abandoning module Android_MultiTargetPlatform (93)
[2017.12.10-13.30.12:583][ 22]LogModuleManager: Shutting down and abandoning module Android_ETC2TargetPlatform (91)
[2017.12.10-13.30.12:583][ 22]LogModuleManager: Shutting down and abandoning module Android_ETC1TargetPlatform (89)
[2017.12.10-13.30.12:583][ 22]LogModuleManager: Shutting down and abandoning module Android_DXTTargetPlatform (87)
[2017.12.10-13.30.12:584][ 22]LogModuleManager: Shutting down and abandoning module Android_ATCTargetPlatform (85)
[2017.12.10-13.30.12:584][ 22]LogModuleManager: Shutting down and abandoning module Android_ASTCTargetPlatform (83)
[2017.12.10-13.30.12:584][ 22]LogModuleManager: Shutting down and abandoning module AndroidTargetPlatform (81)
[2017.12.10-13.30.12:584][ 22]LogModuleManager: Shutting down and abandoning module WindowsTargetPlatform (79)
[2017.12.10-13.30.12:584][ 22]LogModuleManager: Shutting down and abandoning module WindowsServerTargetPlatform (77)
[2017.12.10-13.30.12:584][ 22]LogModuleManager: Shutting down and abandoning module WindowsNoEditorTargetPlatform (75)
[2017.12.10-13.30.12:584][ 22]LogModuleManager: Shutting down and abandoning module WindowsClientTargetPlatform (73)
[2017.12.10-13.30.12:584][ 22]LogModuleManager: Shutting down and abandoning module MacTargetPlatform (71)
[2017.12.10-13.30.12:584][ 22]LogModuleManager: Shutting down and abandoning module MacServerTargetPlatform (69)
[2017.12.10-13.30.12:584][ 22]LogModuleManager: Shutting down and abandoning module MacNoEditorTargetPlatform (67)
[2017.12.10-13.30.12:584][ 22]LogModuleManager: Shutting down and abandoning module MacClientTargetPlatform (65)
[2017.12.10-13.30.12:584][ 22]LogModuleManager: Shutting down and abandoning module AllDesktopTargetPlatform (63)
[2017.12.10-13.30.12:584][ 22]LogModuleManager: Shutting down and abandoning module InputCore (60)
[2017.12.10-13.30.12:584][ 22]LogModuleManager: Shutting down and abandoning module Settings (58)
[2017.12.10-13.30.12:584][ 22]LogModuleManager: Shutting down and abandoning module PhysXCooking (56)
[2017.12.10-13.30.12:584][ 22]LogModuleManager: Shutting down and abandoning module SteamVR (54)
[2017.12.10-13.30.12:584][ 22]LogModuleManager: Shutting down and abandoning module OculusHMD (52)
[2017.12.10-13.30.12:584][ 22]LogModuleManager: Shutting down and abandoning module ExampleDeviceProfileSelector (50)
[2017.12.10-13.30.12:584][ 22]LogModuleManager: Shutting down and abandoning module OnlineBlueprintSupport (48)
[2017.12.10-13.30.12:584][ 22]LogModuleManager: Shutting down and abandoning module OnlineSubsystem (44)
[2017.12.10-13.30.12:584][ 22]LogOnline: Display: Unloading online subsystem: NULL
[2017.12.10-13.30.12:584][ 22]LogModuleManager: Shutting down and abandoning module XMPP (43)
[2017.12.10-13.30.12:584][ 22]LogModuleManager: Shutting down and abandoning module HTTP (41)
[2017.12.10-13.30.12:584][ 22]LogHttp: Display: Http module shutting down, but needs to wait on 1 outstanding Http requests:
[2017.12.10-13.30.12:584][ 22]LogHttp: Display: 	verb=[POST] url=[https://datarouter.ol.epicgames.com/datarouter/api/v1/public/data?SessionID=%7BEDCF69C7-42CF-389D-ED0C-2197F426BBDE%7D&AppID=UEEditor.Rocket.Release&AppVersion=4.17.2-3658906%2B%2B%2BUE4%2BRelease-4.17&UserID=4ee157d64f2bc32a472daf909e026887%7Cf43cf94564b340929fb675d5fd594766%7C221b2a38-b856-46d0-baaa-5f0e851b639e&AppEnvironment=datacollector-binary&UploadType=eteventstream] status=Processing
[2017.12.10-13.30.12:605][ 22]LogModuleManager: Shutting down and abandoning module SSL (40)
[2017.12.10-13.30.12:606][ 22]LogModuleManager: Shutting down and abandoning module AnimationModifiers (36)
[2017.12.10-13.30.12:606][ 22]LogModuleManager: Shutting down and abandoning module PropertyEditor (35)
[2017.12.10-13.30.12:606][ 22]LogModuleManager: Shutting down and abandoning module AudioEditor (32)
[2017.12.10-13.30.12:606][ 22]LogModuleManager: Shutting down and abandoning module TextureCompressor (30)
[2017.12.10-13.30.12:606][ 22]LogModuleManager: Shutting down and abandoning module ShaderCore (28)
[2017.12.10-13.30.12:606][ 22]LogModuleManager: Shutting down and abandoning module Landscape (26)
[2017.12.10-13.30.12:606][ 22]LogModuleManager: Shutting down and abandoning module SlateRHIRenderer (24)
[2017.12.10-13.30.12:607][ 22]LogModuleManager: Shutting down and abandoning module OpenGLDrv (22)
[2017.12.10-13.30.12:607][ 22]LogModuleManager: Shutting down and abandoning module D3D11RHI (20)
[2017.12.10-13.30.12:607][ 22]LogModuleManager: Shutting down and abandoning module AnimGraphRuntime (18)
[2017.12.10-13.30.12:607][ 22]LogModuleManager: Shutting down and abandoning module Renderer (16)
[2017.12.10-13.30.12:607][ 22]LogModuleManager: Shutting down and abandoning module Engine (14)
[2017.12.10-13.30.12:607][ 22]LogModuleManager: Shutting down and abandoning module CoreUObject (12)
[2017.12.10-13.30.12:607][ 22]LogModuleManager: Shutting down and abandoning module NetworkFile (10)
[2017.12.10-13.30.12:607][ 22]LogModuleManager: Shutting down and abandoning module CookedIterativeFile (8)
[2017.12.10-13.30.12:607][ 22]LogModuleManager: Shutting down and abandoning module StreamingFile (6)
[2017.12.10-13.30.12:607][ 22]LogModuleManager: Shutting down and abandoning module SandboxFile (4)
[2017.12.10-13.30.12:607][ 22]LogModuleManager: Shutting down and abandoning module PakFile (2)
[2017.12.10-13.30.12:611][ 22]LogExit: Exiting.
[2017.12.10-13.30.12:640][ 22]Log file closed, 12/11/17 00:30:12
